= Logs of language model for Hungarian (hu) =

- Generated by BuildLangModel.py
- Started: 2022-12-14 18:27:14.157910
- Maximum depth: 4
- Max number of pages: 200

== Parsed pages ==

Kezdőlap (revision 21016160)
World Chess Hall of Fame (revision 25593350)
Soproni népszavazás (revision 24780559)
1717 (revision 18910115)
December 10. (revision 24780074)
Hermann Nuber (revision 25593806)
Amerikai Egyesült Államok (revision 25588859)
Holdkomp (revision 25503795)
1962 (revision 25469682)
Fizikai Nobel-díj (revision 25524617)
1842 (revision 22164991)
Fekete dió (revision 25365402)
Gata Kamsky (revision 25593352)
Northeast Corridor (revision 24785538)
Április 12. (revision 25245433)
Victor Franz Hess (revision 21392942)
December 5. (revision 25579582)
1720 (revision 20323891)
Karl-Heinz Schnellinger (revision 19736536)
Március 26. (revision 25571341)
Február 23. (revision 24726044)
Georg Stollenwerk (revision 24541718)
Edgar Mitchell (revision 24527824)
Hans Cieslarczyk (revision 22742075)
Integrált katalógustár (revision 22941517)
Augusztus 24. (revision 25382451)
Október 10. (revision 25450877)
Aage Niels Bohr (revision 21379467)
Yukon (folyó) (revision 25343512)
1923 (revision 25236748)
2010-es évek (revision 24750677)
Springfield (Illinois) (revision 25583700)
Június 26. (revision 25049350)
Január 22. (revision 25289685)
1720-as évek (revision 14636336)
Fertőboz (revision 25319685)
November 12. (revision 25473030)
1962 a vasúti közlekedésben (revision 25468780)
Február 25. (revision 25598651)
Ortodox kereszténység (revision 25283530)
A fajok tudományos neve (revision 25593231)
Május 1. (revision 25388874)
Nem fenyegetett faj (revision 25534389)
Bernhard Klodt (revision 22812912)
1774 (revision 19760097)
Dió (faanyag) (revision 25574623)
Köpeczi Béla (revision 25504643)
Július 15. (revision 25580122)
Jézus Társasága (revision 25587951)
Nagy-Magyarország (revision 23834785)
1847 (revision 24629327)
Uwe Seeler (revision 25522695)
Napelem (revision 25566245)
Montana (állam) (revision 25485620)
1915 (revision 25197857)
Vaskeresztes (revision 25571798)
David J. Wineland (revision 24952192)
Flea (revision 25177576)
Kongresszusi Könyvtár (revision 23872247)
Február 26. (revision 25585428)
1901 a tudományban (revision 25104317)
Eurosids I (revision 25369224)
Eugene Cernan (revision 24059330)
Április 4. (revision 25601269)
1963 (revision 25322431)
1928 (revision 25573809)
Encyclopedia of Life (revision 20346925)
Sziklás-hegységi vapiti (revision 24810042)
Március 29. (revision 25538925)
Augusztus 1. (revision 25463746)
Carl Schlechter (revision 25593337)
Csapatkapitány (labdarúgás) (revision 23309932)
KGB (revision 25540813)
Friendship 7 (revision 25087269)
Július 17. (revision 25438188)
Csehszlovákia (revision 25579956)
Kickers Offenbach (revision 22500277)
Svéd Nemzeti Könyvtár (revision 25172138)
Pont (geometria) (revision 22470000)
Vörös lista (revision 25490853)
Herczeg Ferenc (író) (revision 25186273)
Május 13. (revision 25565946)
Világkereskedelmi Központ (revision 25468488)
1773 (revision 22506342)
Berber naptár (revision 23527855)
December 9. (revision 25337984)
Eördögh István (revision 24787391)
Alfred Schmidt (labdarúgó) (revision 18132126)
Dzsucse-naptár (revision 24065456)
Viktor Lvovics Korcsnoj (revision 25385907)
1957 (revision 24908642)
2011 (revision 25584698)
Japán (revision 25495017)
Toulouse (revision 25383155)
21. század (revision 25514145)
Charles Glover Barkla (revision 25048899)
Heinz Wewers (revision 20183927)
1783 (revision 23373247)
Egylaki (revision 25554962)
Magyar Revíziós Liga (revision 24654977)
Hátvéd (revision 24332639)
George Paget Thomson (revision 25049110)
Carl von Linné (revision 25481141)
Apollo–14 (revision 25179663)
1921 (revision 25577885)
Alekszandr Alekszandrovics Aljechin (revision 25489078)
Maia Csiburdanidze (revision 23849588)
Január 10. (revision 25379147)
1931 a tudományban (revision 25371616)
Augusztus 22. (revision 25382444)
Hindu naptár (revision 21328275)
Tömegközéppont (revision 24649352)
Névnap (revision 25257763)
1911 a tudományban (revision 20986691)
Aaron Nimzowitsch (revision 24666050)
Antigua és Barbuda (revision 25521675)
Kőszeg (revision 25575915)
1906 a tudományban (revision 22891535)
Évtized (revision 23405214)
1935 (revision 25551622)
Élő Árpád (revision 25390757)
Paul Keres (revision 25496518)
Furnér (revision 25537914)
December 11. (revision 25564942)
Kercaszomor (revision 24777431)
Május 10. (revision 25599956)
Vas (revision 25523573)
November 16. (revision 24780301)
U Thant (revision 25470688)
Teleki Pál (politikus) (revision 25590065)
Labdarúgó-világbajnokság (revision 25599349)
November 25. (revision 25533710)
Rönök (revision 25571486)
Barsi Márton (revision 25073301)
Nagytilaj (revision 25278066)
John Frusciante (revision 25021792)
Bulgária történelme (revision 23899925)
Mersevát (revision 23571517)
1886 (revision 25571255)
Magyar Katolikus Egyház (revision 25582598)
Horthy Miklós (kormányzó) (revision 25581360)
1781 (revision 19880763)
1882 (revision 25577810)
Luigi Cadorna (revision 24319357)
Budapesti Corvinus Egyetem (revision 25516942)
Nagybecskerek (revision 25358435)
December 16. (revision 25599587)
Nemzetközi Virtuális Katalógustár (revision 23032870)
Sepp Herberger (revision 24594437)
Union List of Artist Names (revision 22813546)
1909 a tudományban (revision 20844880)
Tengerszint feletti magasság (revision 25249902)
2014 (revision 25384048)
Ion Luca Caragiale (revision 25281609)
Titkosszolgálat (revision 24668132)
Kihalt növényfajok listája (revision 24650666)
1996 (revision 25532986)
Szeptember 4. (revision 25234305)
Lőrincz Márton (revision 25397376)
Július 1. (revision 25498542)
Rudi Hoffmann (revision 24588722)
Június 9. (revision 25589565)
Líbia (revision 25560538)
Orosz–török háború (1877–78) (revision 24153662)
Ónin-háború (revision 23998199)
Szeptember 16. (revision 25282517)
1860 (revision 25571258)
Paulo Vinícius (revision 25557514)
Sziget (revision 23768646)
Zsidó naptár (revision 24606083)
Január 30. (revision 25097760)
Languedoc-Roussillon (revision 25507545)
1980 (revision 25477733)
Palóczy László (revision 25083936)
1994 (revision 25534746)
Japán naptár (revision 24854752)
Német labdarúgó-bajnokság (első osztály) (revision 25357691)
Október 8. (revision 25500223)
Március 9. (revision 25535781)
Menyhért (revision 24242885)
Április 10. (revision 25232541)

== End of Parsed pages ==

- Wikipedia parsing ended at: 2022-12-14 18:30:39.652337

61 characters appeared 1465986 times.

Most Frequent characters:
[ 0] Char e: 9.402409027098486 %
[ 1] Char a: 9.114207093382884 %
[ 2] Char t: 7.237790811099151 %
[ 3] Char s: 6.428983632858704 %
[ 4] Char l: 5.9654048537980575 %
[ 5] Char n: 5.458169450458599 %
[ 6] Char r: 5.10993965835963 %
[ 7] Char i: 4.706252310731481 %
[ 8] Char k: 4.440833677811384 %
[ 9] Char o: 4.25856727144734 %
[10] Char z: 4.175346831415853 %
[11] Char á: 3.6273197697658777 %
[12] Char g: 3.3966900093179606 %
[13] Char m: 3.129838893413716 %
[14] Char é: 3.011147446155693 %
[15] Char b: 2.1867193820404833 %
[16] Char d: 2.0097736267604196 %
[17] Char y: 1.9813286075037553 %
[18] Char v: 1.9591592279871703 %
[19] Char u: 1.4463985331374243 %
[20] Char h: 1.4457846118585034 %
[21] Char p: 1.3751154513071748 %
[22] Char j: 1.2652235423803502 %
[23] Char c: 1.0636527224680181 %
[24] Char ó: 1.0247710414697002 %
[25] Char f: 1.0219742889768388 %
[26] Char ö: 0.9963260222130361 %
[27] Char ő: 0.8993946736189841 %
[28] Char í: 0.6218340420713431 %
[29] Char ü: 0.4633741386343389 %
[30] Char ú: 0.3121448635935132 %
[31] Char ű: 0.23056154697248132 %

The first 32 characters have an accumulated ratio of 0.9976643706010834.
The first 5 characters have an accumulated ratio of 0.3814879541823728.
All characters whose order is over 25 have an accumulated ratio of 0.03523635287103696.

1249 sequences found.

First 728 (typical positive ratio): 0.9950146122040027
Next 170 (898-728): 0.003990738185399856
Rest: 0.0009946496105974756

- Processing end: 2022-12-14 18:30:39.738789
