= Logs of language model for Arabic (ar) =

- Generated by BuildLangModel.py
- Started: 2022-12-14 17:50:01.519149
- Maximum depth: 4
- Max number of pages: 200

== Parsed pages ==

الصفحة_الرئيسية (revision 53908210)
ياسويشيرو ياماموتو (revision 53768811)
برلمان معلق (revision 59712805)
سعيد شيبان (revision 60044722)
الغزو الروسي لأوكرانيا 2022 (revision 59739336)
فلسطين (revision 60126849)
قناة يوميأوري (revision 58985377)
بلجيكا (revision 60055993)
دومينيكا (revision 60102624)
إدوارد الثامن ملك المملكة المتحدة (revision 59684159)
المسجد الأقصى (revision 60010716)
كارول الثاني (revision 60092680)
ديردفيل (مارفل) (revision 59309094)
حزب العمال (المملكة المتحدة) (revision 59455493)
أثينا (revision 60058774)
اللغة اليابانية (revision 59643213)
جورج أمير ويلز (revision 59463685)
مغارة الزوتية (revision 53848617)
المحقق كونان: المستهدف هو كوغورو!! (revision 53565135)
فرنسيسكانية (revision 53261183)
سرطان الحنجرة (revision 58991097)
رخصة القيادة في السويد (revision 57454687)
جبهة التحرير الوطني الجزائرية (revision 59793517)
قائمة مساطب المسجد الأقصى (revision 58574376)
تويتر (revision 60057712)
جمهورية أيرلندا (revision 59622911)
كورا (موقع إلكتروني) (revision 60121418)
31 أغسطس (revision 60018430)
جاك كيربي (revision 59305606)
غزوة حمراء الأسد (revision 59377317)
ستيفن هاربر (revision 58457881)
محراب (revision 59936640)
ضبط استنادي (revision 60153585)
جمعية العلماء المسلمين الجزائريين (revision 60138725)
المركز الوطني للأرصاد الجوية (revision 38328493)
13 فبراير (revision 60018277)
شين فين (revision 59033932)
مسجد المنصورة (revision 59851027)
جوليا غيلارد (revision 59864428)
نيلسون مانديلا (revision 60012201)
المحقق كونان: كونان وهيجي والطفل المفقود (revision 56129506)
كايا كالاس (revision 59812613)
شركة (revision 59840479)
أنيسة بنت الحارث (revision 56317507)
سوق العطارين (القدس) (revision 58366700)
رئيس وزراء المملكة المتحدة (revision 59945336)
منطقة حظر الطيران المقترحة خلال الغزو الروسي لأوكرانيا 2022 (revision 59702772)
عمارة (revision 59773216)
محامي (revision 59148036)
إيمانويل أمير بلجيكا (revision 42787317)
مريم بنت عمران (revision 60068097)
1958 (revision 60162727)
2007 (revision 60100863)
وليام هنري دوق غلوستر وأدنبرة (revision 59099200)
الفتح الإسلامي للأندلس (revision 60141779)
فاليري زالوجني (revision 58051942)
مولاي بلحميسي (revision 59275670)
اللغة الإنجليزية (revision 60106396)
كلاوس يوهانيس (revision 58796826)
هيروشي أغاسا (revision 58619633)
باب السلسلة (القدس) (revision 57899330)
قائمة حلقات دراما المحقق كونان (revision 53625091)
غانا (revision 59971577)
المحقق كونان (الموسم 21) (revision 56671783)
دير الكازانوفا (القدس) (revision 58136604)
الحركة الاشتراكية اليونانية (revision 49770738)
ساحل العاج (revision 60058640)
الدورة الاستثنائية الطارئة للجمعية العامة للأمم المتحدة (revision 60155519)
زيمبابوي (revision 60058638)
إنجليزية فلبينية (revision 57208588)
تونس (revision 60058567)
بيل إيفرت (revision 52801229)
تشيرنوبل (revision 59264887)
الحزب الوطني الأسترالي (revision 56681583)
أحمد عروة (revision 58410096)
كانساي (revision 53733839)
غينيا الجديدة (revision 58964634)
هارولد ويلسون (revision 59748438)
جون ميجر (revision 60042000)
واي باك مشين (revision 60022392)
بيزو كولومبي (revision 58027565)
الأمير كيريل من بلغاريا (revision 59227599)
إذاعة (revision 59769741)
المحقق كونان: البحث عن الجوهرة المفقودة!! (revision 54434659)
ستان لي (revision 59610508)
المنتقمون (revision 53566626)
أب (revision 59965717)
الديمقراطيون الليبراليون (المملكة المتحدة) (revision 60026877)
إدوارد هيث (revision 59172917)
7 يونيو (revision 60018465)
خوان إنريك فايفس سيسيليا (revision 59401968)
مطبخ الشرق الأوسط (revision 56657579)
منبر النبي محمد (revision 59431122)
وزارة التعليم العالي والبحث العلمي (الجزائر) (revision 59419639)
نينجا (revision 59605538)
مارفل كومكس (revision 60161839)
بطالمة (revision 60151733)
حكومة ائتلافية (revision 57251185)
بكالوريا (revision 57871364)
سونار (revision 53538810)
نيوزويك (revision 58347101)
جزر كوك (revision 60102613)
خلفية تاريخية عن الحرب الروسية الأوكرانية (revision 59375552)
إدوارد وستمنستر (أمير ويلز) (revision 51362743)
ويكيميديا كومنز (revision 59582200)
فلاندرز الغربية (revision 50429464)
يوكو أوكينو (revision 59853644)
اتحاد مالايا (revision 60084499)
ممثلية سويسرا في رام الله (revision 59653719)
بيعة الرضوان (revision 60068095)
إدوارد الخامس (revision 59636969)
جمهورية دونيتسك الشعبية (revision 59440442)
بلماح (revision 59554493)
المدافعون (قصص مصورة) (revision 58913200)
محطة تلفزيون (revision 60153468)
الرصد بالصدى عند الحيوانات (revision 50523152)
فؤاد السنيورة (revision 55640253)
أرمينيا (revision 59996421)
وزارة التربية الوطنية (الجزائر) (revision 59101448)
وزارة الشؤون الدينية (الجزائر) (revision 58251049)
شوكيتشي هانيدا (revision 59863214)
الحرب الباردة الثانية (revision 60135318)
25 يوليو (revision 60018383)
حدائق البهائيين (revision 59938837)
المحقق كونان (الموسم 17) (revision 60112839)
ليوبولد الثالث ملك بلجيكا (revision 56358591)
إميل كونستانتينسكو (revision 49789037)
المحقق كونان: إستراتيجية ما فوق الأعماق (revision 58049921)
حاييم وايزمان (revision 59916348)
هنري الثامن ملك إنجلترا (revision 59997067)
كهف كيلو (revision 53877153)
بلموت (revision 59078925)
الحرب الفرنسية والهندية (revision 59703093)
عالم مارفل (revision 53752274)
كهوف نهر كلاسيس (revision 60130561)
عمل تجاري (revision 59990514)
كريات موصقين (revision 55098781)
كولن ماثيو (revision 59770283)
15 أكتوبر (revision 60098594)
8 يونيو (revision 60018475)
كهف برونيكيل (revision 53884836)
ردود الفعل الدولية لضم الاتحاد الروسي شبه جزيرة القرم (revision 58066215)
زبابات (revision 50485164)
رجل دولة (revision 57909788)
أرشيبالد بريمروز (revision 58653820)
أدريان لامو (revision 59416691)
ماي سبيس (revision 60059133)
حرب النجوم (revision 60147918)
14 نوفمبر (revision 59982309)
الولايات المتحدة (revision 60011066)
عكا (revision 60046919)
جرجخيلة (revision 59768522)
إدارة المرض (revision 58362794)
رئيس وزراء إيطاليا (revision 60039114)
محكمة النقض (revision 59828395)
حكومة بومدين الثالثة (revision 57940832)
جامع كتشاوة (revision 59782057)
وكالة المخابرات المركزية (revision 59725458)
دير القديسة مريم (القدس) (revision 50310217)
يوري راتاس (revision 58701767)
مهنة (revision 58041911)
تايلاند (revision 60057966)
لوط (revision 59919480)
المحقق كونان (الموسم 11) (revision 56671725)
أليك دوغلاس هيوم (revision 59561312)
الأمير ليوبولد دوق ألباني (revision 52022607)
زينب بنت علي (revision 60141694)
ميريك توبولانيك (revision 50101074)
تعليم إعدادي (revision 60033035)
أشرف الوسائل إلى فهم الشمائل (revision 51950372)
قريش (revision 60139470)
بلاد الغال (revision 60124529)
ألبير الأول من بلجيكا (revision 58261671)
بكالوريوس (revision 59587135)
أكتوبر (revision 60018486)
تقويم ميلادي (revision 60025473)

== End of Parsed pages ==

- Wikipedia parsing ended at: 2022-12-14 17:55:19.583192

100 characters appeared 1285053 times.

Most Frequent characters:
[ 0] Char ا: 14.592316425859478 %
[ 1] Char ل: 11.363422364680678 %
[ 2] Char ي: 8.257947337580628 %
[ 3] Char م: 6.40028076662986 %
[ 4] Char و: 5.487322312776204 %
[ 5] Char ن: 5.255892169428032 %
[ 6] Char ر: 4.693892002897935 %
[ 7] Char ت: 4.279123117879185 %
[ 8] Char ب: 3.6930772505102905 %
[ 9] Char ة: 3.349667289987261 %
[10] Char ع: 3.138236321770386 %
[11] Char د: 3.0520920148818766 %
[12] Char س: 2.704946799859617 %
[13] Char ف: 2.4838664241863957 %
[14] Char ك: 2.0565688730348084 %
[15] Char ه: 2.0360249732890394 %
[16] Char ق: 2.0251304809996165 %
[17] Char أ: 1.988556114027982 %
[18] Char ح: 1.7175945272296163 %
[19] Char ج: 1.3692820451763468 %
[20] Char ط: 0.9084450213337505 %
[21] Char ش: 0.8991847028877408 %
[22] Char ى: 0.8644779631657216 %
[23] Char ص: 0.8512489368142793 %
[24] Char إ: 0.7971655643775003 %
[25] Char خ: 0.7792674699020197 %
[26] Char ز: 0.7196590335184618 %
[27] Char ث: 0.6349154470671639 %
[28] Char ض: 0.5499384072096637 %
[29] Char ذ: 0.5261261597770676 %
[30] Char غ: 0.4827038262235099 %
[31] Char ئ: 0.4028627613024521 %
[32] Char ء: 0.29749745730331745 %
[33] Char ظ: 0.20006956911504817 %
[34] Char ؤ: 0.1005406002709616 %
[35] Char آ: 0.09275882006423081 %
[36] Char e: 0.07991888272312503 %
[37] Char a: 0.07851816228591349 %
[38] Char i: 0.06980256845437503 %
[39] Char n: 0.06178733484144234 %
[40] Char o: 0.055639728478125025 %
[41] Char r: 0.05003684672927887 %
[42] Char t: 0.0442783293762981 %
[43] Char l: 0.03984271465846156 %
[44] Char s: 0.03914235443985579 %
[45] Char ـ: 0.032683476868269244 %
[46] Char c: 0.028092226546298088 %
[47] Char u: 0.028014408744230782 %
[48] Char d: 0.021555531172644242 %
[49] Char h: 0.020466081943701933 %
[50] Char m: 0.01852063689201924 %
[51] Char g: 0.014707564590721159 %
[52] Char M: 0.014318475580384621 %
[53] Char C: 0.014162839976250008 %
[54] Char A: 0.013773750965913469 %
[55] Char p: 0.01369593316384616 %
[56] Char S: 0.013618115361778852 %
[57] Char B: 0.013618115361778852 %
[58] Char b: 0.01338466195557693 %
[59] Char y: 0.011205763497692313 %
[60] Char D: 0.010349767674951929 %
[61] Char k: 0.010349767674951929 %
[62] Char I: 0.00996067866461539 %
[63] Char T: 0.009493771852211542 %

The first 64 characters have an accumulated ratio of 0.9988303984349284.
The first 4 characters have an accumulated ratio of 0.4061396689475064.
All characters whose order is over 27 have an accumulated ratio of 0.034834360917409636.

1932 sequences found.

First 902 (typical positive ratio): 0.9950136374489401
Next 424 (1326-902): 0.003987703013712651
Rest: 0.0009986595373472351

- Processing end: 2022-12-14 17:55:20.043871
