= Logs of language model for Italian (it) =

- Generated by BuildLangModel.py
- Started: 2022-12-14 18:06:10.141198
- Maximum depth: 4
- Max number of pages: 200

== Parsed pages ==

Pieve Ligure (revision 130491730)
Saraceni (revision 130967096)
Servizio bibliotecario nazionale (revision 128634394)
Nuoto (revision 130784528)
Mele (Italia) (revision 130491516)
Bargagli (revision 130488122)
Propata (revision 130950866)
Hippocampus hippocampus (revision 128855725)
UTC+1 (revision 130216176)
Vobbia (revision 130492897)
Floricoltura (revision 113487805)
Napoleone Bonaparte (revision 130788600)
Associazione Sportiva Dilettantistica Bogliasco 1951 (revision 130333359)
Parco naturale regionale dell'Antola (revision 130931849)
1870 (revision 130372248)
1902 (revision 125027382)
Tennistavolo (revision 130771668)
WorldCat (revision 121980054)
Unione internazionale per la conservazione della natura (revision 130579833)
UTC+12 (revision 128054194)
Camerun (revision 130909445)
1982 (revision 130508604)
Rossiglione (Italia) (revision 130492121)
Regno (biologia) (revision 123949532)
Gemeinsame Normdatei (revision 130357700)
Pisa (revision 130953626)
Gorreto (revision 128865878)
Davagna (revision 130502042)
Città metropolitana di Genova (revision 130921453)
Anagrafe delle biblioteche italiane (revision 116281562)
Porpora (araldica) (revision 119872811)
Talea (revision 130808292)
Konrad Lorenz (revision 130114944)
Abbasidi (revision 129852637)
Bob (revision 130600755)
Montebruno (revision 130831738)
Abbazia di San Colombano (revision 130962956)
Pieve di Santa Maria Assunta (Bargagli) (revision 120699826)
Regno di Sardegna (1720-1861) (revision 130821005)
Henri Gatien Bertrand (revision 129713027)
Marocco (revision 130976656)
Centro Sportivo del Plebiscito Padova (revision 130265177)
Circondario di Genova (revision 113691033)
Neirone (revision 130524386)
Enciclopedia Britannica (revision 130474217)
Libia (revision 130922132)
Biathlon (revision 127467608)
Nomenclatura binomiale (revision 129036915)
Assedio di Tolone (1793) (revision 129912216)
Foce (Genova) (revision 128853193)
Anni 2010 (revision 130786165)
Cavalleria (revision 129435616)
Egitto (revision 130811280)
Puglia (revision 130967898)
Ischia (isola) (revision 130923064)
Monte Saraceno (Gargano) (revision 117548357)
Sestri Levante (revision 130753554)
Spagna (revision 130944960)
Squadra calcistica (revision 126640189)
Classificazione sismica dell'Italia (revision 130010934)
Olexandr Sadovyy (revision 126430322)
Età della pietra (revision 129628152)
Sceneggiato televisivo (revision 130814125)
Serra (revision 128743740)
Merovingi (revision 130719285)
Jonathan Del Galdo (revision 130511805)
Corrado II il Salico (revision 130323015)
Fascia (Italia) (revision 130488511)
Italia (revision 130967157)
Miglioramento genetico (revision 116201872)
846 (revision 117898042)
Storia della Corsica (revision 130939295)
Hippocampus (revision 130234158)
Germania (revision 130977070)
Hippocampus guttulatus (revision 128855778)
Portogallo (revision 130882014)
Partito Comunista Italiano (revision 130902795)
Cimitero monumentale di Staglieno (revision 129723258)
Liguria (revision 130931853)
Leivi (revision 130491448)
UNIMARC (revision 122719522)
Osservatorio astronomico regionale Parco Antola (revision 130931849)
Guinea Equatoriale (revision 130703184)
Bellagio (revision 130801761)
1633 (revision 117897530)
Animalia (revision 130961611)
Ordine di San Giuseppe (revision 126692776)
Serie A1 (pallanuoto femminile) (revision 129489313)
Ardesia (revision 130370291)
Angela Vinay (revision 130450983)
Toscana (revision 130973064)
Nuovo soggettario (revision 130799248)
Economia agraria (revision 130687019)
Ministero dell'interno (revision 130247524)
Rizoma (revision 129405738)
Nigel Nicolson (revision 130457869)
Bruno Migliorini (revision 130545485)
Nuoto di fondo (revision 128156928)
Uscio (revision 128866468)
Canapa (tessile) (revision 130674641)
Catalogo di biblioteca (revision 130913808)
Baiardo (cavallo) (revision 130036699)
Internet Archive (revision 130465900)
Ciad (revision 130966735)
Roma (revision 130964033)
Ucraina (revision 130954991)
Resistenza italiana (revision 129720700)
Monografia (revision 130533875)
UTC-4:30 (revision 110261259)
Golf (revision 130512259)
Strada statale 35 dei Giovi (revision 130498654)
Serie A 1954 (pallanuoto maschile) (revision 121285475)
Margotta (revision 124488424)
Childeberto II (revision 129457314)
UTC+5:45 (revision 110261348)
Serie A 1971 (pallanuoto maschile) (revision 123084377)
Passo del Faiallo (revision 130868911)
Agricoltura (revision 130664371)
Serie A1 2014-2015 (pallanuoto maschile) (revision 127921767)
Oceano Atlantico (revision 130174568)
Library of Congress Control Number (revision 124432708)
Anton Maria Maragliano (revision 127306518)
Edoardo Firpo (revision 120407241)
Golfo di Guinea (revision 105877770)
Pesci (revision 130922409)
Biblioteca Nazionale Centrale di Roma (revision 130883784)
Orero (revision 130491707)
Salata (Vobbia) (revision 121679261)
Famiglia (tassonomia) (revision 125790574)
Galafrone (revision 130036463)
Sindaco (Italia) (revision 130620519)
Portofino (revision 130448740)
Lingua ligure (revision 130648254)
Recco (revision 130550155)
Decreto del presidente della Repubblica (revision 130255311)
Istituto universitario europeo (revision 130730207)
Antoine Le Picard de Phélippeaux (revision 128694490)
Tempo coordinato universale (revision 129902409)
Traetto (insediamento musulmano) (revision 126515178)
San Lorenzo (revision 130456525)
2016 (revision 130154995)
Divisione Nazionale A 1941 (revision 129237507)
Micropropagazione (revision 116795180)
Pianura Padana (revision 130219238)
Tribogna (revision 130492831)
Castello Spinola-Mignacco (revision 124445993)
Ovoviviparità (revision 125010551)
Divisione Nazionale A 1935 (revision 121269974)
Città metropolitane d'Italia (revision 130658538)
Fagus (revision 130188270)
Sarzana (revision 130745855)
Serie A1 1989-1990 (pallanuoto maschile) (revision 123100527)
Gontrano (revision 128720521)
Energia rinnovabile in Spagna (revision 120037315)
Domanda (economia) (revision 127666035)
1991 (revision 128828387)
Libération (revision 123887926)
Semina (revision 127767841)
César Milstein (revision 126114451)
Ghazi (revision 129809539)
Marco Bucci (politico) (revision 130880400)
Stato civile (revision 115761461)
Provincia di Pavia (revision 130528307)
Avannotto (revision 128143398)
Codice postale (revision 129886472)
Rigenerazione (biologia) (revision 105794060)
1739 (revision 115672313)
Direttore sportivo (revision 125375205)
Mezzanego (revision 130491532)
Conflitti arabo-israeliani (revision 130803026)
Maga Melissa (revision 130036793)
Tiglieto (revision 130492776)
Congo (fiume) (revision 129895848)
Pera (revision 130882259)
Freestyle (sci) (revision 130548865)
Società Sportiva Lazio Nuoto (revision 129489808)
Luigi Antonio di Borbone-Condé (revision 130794537)
Cicagna (revision 130488438)
Svezia (revision 130663431)
Qanun (revision 126895709)
Malawi (revision 130654261)
Paolo Giacometti (revision 109685679)
Bagno di Romagna (revision 130856795)
Serie A1 2013-2014 (pallanuoto maschile) (revision 127921207)
Mstislav Rostropovich (revision 130914613)
1985 (revision 130730052)
Soverzene (revision 130273591)
Ostia (città antica) (revision 127960085)
Enrico I di Sassonia (revision 128717835)
Villa La Fonte (revision 127624982)
Serie A1 2006-2007 (pallanuoto femminile) (revision 125748236)
Reggio Emilia (revision 130551003)
Italo Insolera (revision 130479054)
Jacques François Dugommier (revision 129097799)
Neve (revision 125208328)

== End of Parsed pages ==

- Wikipedia parsing ended at: 2022-12-14 18:09:46.154107

61 characters appeared 3042550 times.

Most Frequent characters:
[ 0] Char i: 11.854891456179848 %
[ 1] Char e: 11.189495653317119 %
[ 2] Char a: 11.161887232748846 %
[ 3] Char o: 8.833347027986393 %
[ 4] Char n: 7.316330052094461 %
[ 5] Char l: 7.06009761548701 %
[ 6] Char t: 6.632101362344087 %
[ 7] Char r: 6.4523508241442205 %
[ 8] Char s: 4.700826609258681 %
[ 9] Char c: 4.345269592940133 %
[10] Char d: 3.8846033754580858 %
[11] Char u: 2.771753956385269 %
[12] Char p: 2.735567205140425 %
[13] Char m: 2.5239683817850156 %
[14] Char g: 1.940773364447585 %
[15] Char v: 1.5149792115166554 %
[16] Char f: 1.110450115856765 %
[17] Char z: 1.006392664048249 %
[18] Char b: 0.9877241129973213 %
[19] Char h: 0.7594616357989187 %
[20] Char q: 0.26622405547977845 %
[21] Char à: 0.20476245254802714 %
[22] Char è: 0.16505891439746265 %
[23] Char ò: 0.09265254474043155 %
[24] Char k: 0.08660498594928596 %
[25] Char ù: 0.0803273569867381 %
[26] Char x: 0.07053294111846971 %
[27] Char y: 0.06622734219651279 %
[28] Char w: 0.05686019950370577 %
[29] Char ì: 0.03414898686956665 %
[30] Char é: 0.03243989416772116 %
[31] Char j: 0.031289543310709766 %
[32] Char ö: 0.004995809436163744 %
[33] Char ä: 0.003746857077122808 %
[34] Char ü: 0.0032867167343182528 %
[35] Char æ: 0.0030895137302591573 %
[36] Char á: 0.0019720300405909517 %
[37] Char ó: 0.001873428538561404 %

The first 38 characters have an accumulated ratio of 0.9998836502276052.
The first 3 characters have an accumulated ratio of 0.3420627434224581.
All characters whose order is over 16 have an accumulated ratio of 0.03959671985669916.

1168 sequences found.

First 312 (typical positive ratio): 0.9950294718278113
Next 206 (518-312): 0.003975533066303161
Rest: 0.000994995105885521

- Processing end: 2022-12-14 18:09:46.236617
