= Logs of language model for French (fr) =

- Generated by BuildLangModel.py
- Started: 2022-12-14 17:24:07.769026
- Maximum depth: 4
- Max number of pages: 200

== Parsed pages ==

Bœuf (animal) (revision 197762352)
XXe siècle (revision 197314968)
Japon (revision 199440474)
Promenade du Bœuf Gras au Carnaval de Paris (revision 198921694)
Wagyu (revision 199077695)
Bœuf Gras (revision 188284665)
Hypoxie (revision 197200033)
Animal de trait (revision 192624489)
Chapon (revision 192387218)
Viande (revision 199230345)
Taureau (revision 197805532)
Bien-être animal (revision 197276347)
Charrue (revision 198345893)
Auvergne-Rhône-Alpes (revision 199364003)
Liste de races bovines (revision 197898563)
Accident nucléaire de Fukushima (revision 199486893)
Droit de veto au Conseil de sécurité des Nations unies (revision 196947109)
Élevage laitier (revision 190532865)
Emploi (revision 197176214)
Plantation (revision 199480678)
Promenade des bœufs gras de Bazas (revision 189976543)
Cardiopathie congénitale (revision 192423847)
Culture sur billons (revision 195101325)
Asthme (revision 198323744)
Viande de sanglier (revision 179794689)
Vous avez deux vaches (revision 194794493)
Moumou (revision 186126702)
Beefalo (revision 182751471)
Cancer du poumon (revision 199432202)
Année bissextile commençant un jeudi (revision 189317542)
Encyclopaedia Judaica (revision 198629701)
Vache de réforme (revision 198505707)
Roue (revision 198945438)
Intestin (revision 187979684)
Paris (revision 199407080)
Chien d'attelage (revision 199091106)
Poularde (revision 199412191)
Éléphant (revision 199431027)
Chartres (revision 199133376)
Freguesia (revision 196252400)
SIDA (revision 199056794)
Yves Klein (revision 199006394)
Voltaire (revision 199380285)
Anderlecht (revision 199480150)
Histoire de Bos taurus (revision 198033845)
Avril 1908 (revision 148523682)
Liste des villes du Japon par nombre d'habitants (revision 187069501)
Hori hori (revision 170153454)
Organisation mondiale du commerce (revision 198469590)
Juridique (revision 197813353)
Rochefort (Charente-Maritime) (revision 199467149)
Enjambeur (revision 185177634)
San Damiano d'Asti (revision 189018885)
Sarcloir (revision 198197352)
Équinoxe (revision 198251311)
Traîneau (revision 192374700)
The Atlantic (revision 194397713)
Madagascar (revision 199420783)
21 février (revision 199267739)
Henri Bergson (revision 199055378)
La traviata (revision 199487782)
Vache (revision 198433944)
Propagande nazie (revision 199398929)
Devon (race bovine) (revision 197767757)
Bâton fouisseur (revision 189798346)
Cas chrom (revision 111673866)
Freamunde (revision 177742159)
Préfecture d'Okayama (revision 196247485)
Bœuf Ōmi (revision 149332924)
Économie (activité humaine) (revision 199467073)
Octobre 1965 (revision 197623359)
Réception des ondes radioélectriques (revision 196887230)
Élections législatives japonaises de 1946 (revision 199224897)
Zezengorri (revision 142037030)
Infection urinaire (revision 198957431)
Végétarisme bouddhique (revision 185852036)
Taurillon (revision 191875389)
Bresse (revision 199356510)
Muscles (revision 199047991)
Mexico (revision 199324440)
Les Plaideurs (revision 198167903)
Semis direct sur couverture végétale (revision 170722304)
Grands Boulevards (revision 197923148)
Inventaire du patrimoine culturel immatériel en France (revision 198148530)
XIXe siècle (revision 199139537)
Élevage bovin (revision 198420240)
Insurrection de Budapest (revision 198673864)
Tauromachie (revision 199434508)
Grec ancien (revision 198516929)
Automutilation (revision 197397777)
Inflammatoire (revision 193742153)
Bos taurus (revision 199412667)
Pulvériseur (revision 186839949)
Labour (revision 196168038)
Machinisme agricole (revision 199031460)
Années 1980 (revision 199333913)
Respiration végétale (revision 197432202)
Avril 1915 (revision 158258956)
Bœuf de Matsusaka (revision 149332920)
Reille (agriculture) (revision 197676435)
Université du Colorado (revision 196119303)
Achille Millien (revision 198229129)
1940 (revision 199107985)
Fondation droit animal, éthique et sciences (revision 194147804)
Earthlings (revision 199150202)
Bergerac (Dordogne) (revision 199488125)
Gary Francione (revision 195818325)
Locomobile (revision 199386864)
Herse rotative (revision 198382851)
Dialogue du chapon et de la poularde (revision 165086172)
Lipide (revision 197487379)
Judaïsme (revision 199257400)
Promenade de la Vache enragée (revision 193039892)
Louis Pierre Louvel (revision 196412232)
5 mai (revision 197943843)
Années 1950 (revision 199051303)
Douleur (revision 199311261)
Épuration des eaux (revision 198836164)
Afeitado (revision 198850517)
Fièvre aphteuse (revision 192288205)
Liste des groupes de défense des animaux (revision 195785382)
Castration (revision 199351966)
Altitude (revision 197083929)
Décembre 2012 (revision 189589506)
Accident de décompression (revision 197317404)
Bœuf de Kobe (revision 192878601)
Moine bouddhique (revision 192276444)
28 octobre (revision 199307936)
Appellation d'origine contrôlée (revision 195566459)
Hyperoxie (revision 189893734)
Wolof (langue) (revision 198972423)
Poumons (revision 199475476)
Issoudun (revision 198654033)
Chiba (revision 194584167)
Turin (revision 199355679)
Symptôme (revision 194372998)
Loiret (département) (revision 198732270)
Sidney Poitier (revision 197881821)
Silhouette (art) (revision 198119381)
Domestication de Bos taurus (revision 198033845)
Les Échos (revision 195999786)
International Standard Book Number (revision 198513156)
Race Normande (revision 197806831)
Fumier (revision 198412120)
Espagne (revision 199335267)
Basic Books (revision 194697820)
IndyCar Series (revision 199173849)
Serfouette (revision 186632129)
Académie royale de danse (revision 198168760)
Il trovatore (revision 199375571)
Féminisme (revision 199415746)
Panzerkampfwagen VI Königstiger (revision 197699673)
Ur (Mésopotamie) (revision 199308474)
30 avril (revision 198763782)
Juifs (revision 196788531)
Mulet (revision 199468728)
Belgique (revision 199414084)
Djèliya (revision 195806261)
Lot (département) (revision 199454152)
Pensées (Pascal) (revision 199088482)
Thibaud Vaneck (revision 198822937)
Jeu du sabot (revision 193665949)
Faibles doses d'irradiation (revision 197214963)
Hippolyte et Aricie (revision 197873522)
Troc (revision 197420848)
Cerf élaphe (revision 198090991)
Œuf séminal (revision 186883685)
David Graeber (revision 199310008)
Medical Subject Headings (revision 190971390)
Voûte (revision 194124794)
Recensement de la population (revision 199399818)
Puy-de-Dôme (revision 199423242)
Semaine 13 (revision 169860242)
Slovénie (revision 199126837)
Pharmacogénétique (revision 188648659)
Équateur céleste (revision 181903536)
Carl Friedrich Cramer (revision 193538766)
Subdivisions du Cap-Vert (revision 185491136)
Rynn Berry (revision 195828915)
Herd-book (revision 195636266)
Allier (département) (revision 199092275)
European Underwater Federation (revision 194698355)
14 juin (revision 198391679)
CMAS (revision 186732686)
Bassin osseux (revision 198256708)
Pruneau (revision 196595161)
Serpentin (fête) (revision 179535119)
DORIS (système satellitaire) (revision 192256505)
Veau d'or (revision 196918081)
Noble Chemin octuple (revision 197438183)
Race bovine canadienne (revision 195317201)
Route nationale 23 (France) (revision 199357272)
Syndicat (revision 195521623)
Fils porteurs (revision 112617611)
Tadjikistan (revision 199420685)

== End of Parsed pages ==

- Wikipedia parsing ended at: 2022-12-14 17:27:44.115205

59 characters appeared 3416318 times.

Most Frequent characters:
[ 0] Char e: 14.285496841921624 %
[ 1] Char s: 7.930819086513609 %
[ 2] Char a: 7.75545484934365 %
[ 3] Char i: 7.446701390210161 %
[ 4] Char n: 7.317117434618206 %
[ 5] Char t: 6.9079342145549685 %
[ 6] Char r: 6.74972294733687 %
[ 7] Char l: 5.854490126504617 %
[ 8] Char o: 5.4769198886052175 %
[ 9] Char u: 5.377543893747596 %
[10] Char d: 4.170513400684596 %
[11] Char c: 3.40398639705086 %
[12] Char p: 2.9246106480719885 %
[13] Char m: 2.8418607401301634 %
[14] Char é: 2.4772869504536756 %
[15] Char v: 1.2920635608277684 %
[16] Char g: 1.2142604991689885 %
[17] Char f: 1.1114597645769508 %
[18] Char b: 0.9878471500603867 %
[19] Char h: 0.9766655211839179 %
[20] Char q: 0.8268258399832803 %
[21] Char x: 0.4753948549286103 %
[22] Char à: 0.3941377822556331 %
[23] Char è: 0.3814925893900978 %
[24] Char y: 0.3756383334338314 %
[25] Char j: 0.3037187990110991 %
[26] Char k: 0.13953619071760884 %
[27] Char ê: 0.11614843817232472 %
[28] Char z: 0.11450924650457013 %
[29] Char ç: 0.06255272489270612 %
[30] Char w: 0.05219069185011466 %
[31] Char ô: 0.04639497845341095 %
[32] Char â: 0.04455088782718705 %
[33] Char î: 0.038462461632670024 %
[34] Char œ: 0.03290091847421698 %
[35] Char ï: 0.02546601340975869 %
[36] Char û: 0.02057770968627628 %
[37] Char ù: 0.019084874417428354 %

The first 38 characters have an accumulated ratio of 0.9997233864060664.
The first 4 characters have an accumulated ratio of 0.3741847216798905.
All characters whose order is over 19 have an accumulated ratio of 0.03469583335040825.

1255 sequences found.

First 465 (typical positive ratio): 0.995025880940353
Next 182 (647-465): 0.0039795148879469
Rest: 0.000994604171700053

- Processing end: 2022-12-14 17:27:44.209885
