= Logs of language model for Slovak (sk) =

- Generated by BuildLangModel.py
- Started: 2022-12-14 18:12:22.481654
- Maximum depth: 4
- Max number of pages: 200

== Parsed pages ==

Európska_únia (revision 7505135)
Jednotný európsky akt (revision 6849394)
Americký dolár (revision 7355343)
2013 (revision 7417007)
Organizácia Spojených národov (revision 7452235)
Zmluvy o Európskych spoločenstvách (revision 6378643)
Francúzsko (revision 7428153)
Madrid (revision 7322736)
Sanmarínska líra (revision 5313291)
1 cent (euro) (revision 6963154)
2007 (revision 7135534)
Európske spoločenstvá (revision 5809901)
Kanada (revision 7489149)
Endeavour (raketoplán) (revision 7387837)
Európske spoločenstvo pre uhlie a oceľ (revision 7388970)
Alžírsko (revision 7356228)
1999 (revision 7359099)
1993 (revision 7331018)
Pamätné euromince roku 2010 (revision 6939319)
1955 (revision 7411933)
2009 (revision 7452090)
God Save the King (revision 7435019)
Lisabonská zmluva (revision 6839508)
Euro (revision 7496154)
Ekonómia (revision 6964325)
1951 (revision 7503833)
1. január (revision 7442121)
Monacké euromince (revision 7403197)
Americké Panenské ostrovy (revision 6888602)
Mira Figarová (revision 7459248)
Fidži (revision 7269015)
Rabat (mesto) (revision 6399996)
Anglická libra (revision 7076787)
Vendée (departement) (revision 6132679)
Česká koruna (mena) (revision 7343603)
Euratom (revision 6471920)
Angličtina (revision 7323198)
Nemecko (revision 7446359)
Fínska marka (revision 7244919)
Federácia (revision 7394077)
8. december (revision 7507681)
Chorvátska kuna (revision 7416969)
9. december (revision 7286553)
1965 (revision 7407021)
HIV (revision 7358721)
Mnajdra (revision 7039457)
Talianska líra (revision 6860722)
1952 (revision 7412021)
1. decembra (revision 7501349)
Európska menová jednotka (revision 6682421)
Kuba (revision 7351612)
Ján Pavol II. (revision 7489866)
Medzinárodný menový fond (revision 7287333)
Ille-et-Vilaine (revision 5907131)
Európsky mechanizmus výmenných kurzov (revision 7050511)
2009 na Slovensku (revision 7506114)
Citroën (revision 7444181)
Marshallove ostrovy (revision 7323029)
Pugwashské konferencie o vede a svetových záležitostiach (revision 6492456)
Jozef Adamovič (revision 7454130)
Kišiňov (revision 7220681)
Tawakkul Karmánová (revision 7463239)
19. júl (revision 7358326)
Európske hospodárske spoločenstvo (revision 6927031)
Prvé národy (revision 5972801)
1830 (revision 6598080)
Hektár (revision 7287211)
Francúzština (revision 7392820)
Grécko (revision 7505377)
15. október (revision 7484010)
Rumunský lei (revision 7055613)
Eurozóna (revision 7412153)
EHS (revision 6927031)
6. august (revision 7358963)
Nórsko (revision 7325338)
Pamätné euromince roku 2013 (revision 7340709)
Stavanger (revision 7037103)
Finistère (revision 7400442)
CBS (revision 6808813)
STS-118 (revision 6496126)
Hospodárska a menová únia (Európska únia) (revision 7449673)
Vatikánska líra (revision 5313290)
18. apríl (revision 7364744)
Úradný jazyk (revision 6663801)
1944 (revision 7499325)
Meny naviazané na euro (revision 5485629)
Teória veľkého tresku (seriál) (revision 7438745)
Havana (revision 6543679)
Kanadský dolár (revision 6788634)
Pamätné euromince roku 2009 (revision 7340706)
2 eurá (revision 7433871)
Severné Mariány (revision 6081307)
Štvrťdolár (americký dolár) (revision 5347867)
Zmluva z Nice (revision 7300592)
Charles Gordon Fullerton (revision 7459694)
1931 (revision 7493391)
Štát (revision 7405634)
Francúzsky frank (revision 7217722)
Eswatini (revision 7449861)
Zmluva o založení Európskeho spoločenstva uhlia a ocele (revision 7060412)
Mangán (revision 7321690)
Turkménsko (revision 7394403)
1958 (revision 7417166)
Malála Júsufzajová (revision 7463028)
Hugo Chávez (revision 7461838)
Vaduz (revision 7425578)
Maltská líra (revision 5546923)
Spojené kráľovstvo (revision 7479740)
Singapur (štát) (revision 7396325)
26. december (revision 7493395)
Voľba prezidenta Českej republiky v roku 2013 (revision 7421358)
Božin Laskov (revision 7464759)
Írska libra (revision 5657268)
Rímske zmluvy (revision 5859841)
Karen Blacková (revision 7456061)
Taliansko (revision 7475272)
Poľské euromince (revision 7096711)
Frederik Willem de Klerk (revision 7463655)
Arktída (revision 7359079)
Al Oerter (revision 7467537)
Amsterdamská zmluva (revision 7070102)
Mary Simonová (revision 7470411)
Poldolár (americký dolár) (revision 5712056)
Cantal (revision 5837843)
Utrecht (revision 7289014)
Senegal (revision 7345517)
Apartheid (revision 7227068)
Španielske euromince (revision 7334333)
40. roky 20. storočia (revision 7271198)
Zámorská správna korporácia (revision 6482452)
1914 (revision 7501675)
Turks a Caicos (revision 7435094)
Cupola (revision 7362414)
Malta (revision 7483782)
1953 (revision 7448807)
1. marec (revision 7501678)
Guyana (štát) (revision 7156315)
17. september (revision 7483746)
Kingmanov útes (revision 6935024)
Portugalské euromince (revision 7505352)
21. december (revision 7354221)
Parlamentná republika (revision 7344097)
Kolumbia (revision 7421669)
Konvertibilná marka (revision 6923722)
Ázia (revision 7360089)
1940 (revision 7493446)
30. november (revision 7500793)
2000 (revision 7250532)
Západná Virgínia (revision 6902136)
Konžská demokratická republika (revision 7476082)
Chris Brown (atlét) (revision 6414324)
Šalamúnove ostrovy (štát) (revision 7435540)
2002 (revision 7305819)
Simon Helberg (revision 7461031)
18. február (revision 7149312)
Stredoeurópsky čas (revision 6718481)
Luxembursko (revision 7499588)
Švédska koruna (revision 7343598)
Rakúske euromince (revision 7431715)
Martin Morháč (revision 6625693)
Nový Zéland (revision 7492612)
1929 (revision 7499285)
1890 (revision 6813799)
Luxemburský frank (revision 5546922)
Európska únia (revision 7505135)
Sandro Botticelli (revision 7456384)
Josef Masopust (revision 7466064)
Odvetvie národného hospodárstva (revision 7201316)
Islandská koruna (revision 7343600)
Bulharský lev (revision 6230899)
Zoznam nositeľov Nobelovej ceny za mier (revision 7447902)
Lee Aronsohn (revision 7454866)
27. február (revision 7350544)
Lantán (revision 6876259)
Slovinsko (revision 7409771)

== End of Parsed pages ==

- Wikipedia parsing ended at: 2022-12-14 18:25:49.973891

69 characters appeared 857820 times.

Most Frequent characters:
[ 0] Char a: 8.634095731039146 %
[ 1] Char o: 8.548646569210323 %
[ 2] Char e: 8.07651954955585 %
[ 3] Char n: 6.528758947098459 %
[ 4] Char i: 5.959175584621482 %
[ 5] Char r: 5.869296589028001 %
[ 6] Char s: 4.982863537805134 %
[ 7] Char t: 4.648644237718869 %
[ 8] Char k: 4.502109999766851 %
[ 9] Char v: 4.204028817234385 %
[10] Char l: 3.9301951458347903 %
[11] Char m: 3.220139423189014 %
[12] Char u: 2.861672611969877 %
[13] Char p: 2.850248303839966 %
[14] Char d: 2.8298477536079827 %
[15] Char c: 2.579678720477489 %
[16] Char h: 2.081089272807815 %
[17] Char á: 2.0390058520435526 %
[18] Char j: 1.9357207805833392 %
[19] Char z: 1.778111958219673 %
[20] Char b: 1.6041826956704204 %
[21] Char y: 1.4230258096104076 %
[22] Char ý: 1.271012566738943 %
[23] Char í: 0.9336457531883147 %
[24] Char č: 0.877689958266303 %
[25] Char é: 0.8265137208272131 %
[26] Char ú: 0.8254645496724256 %
[27] Char g: 0.683476720057821 %
[28] Char š: 0.6821943997575248 %
[29] Char f: 0.6049054580214963 %
[30] Char ž: 0.5438203818983004 %
[31] Char ľ: 0.3925065864633606 %
[32] Char ó: 0.32302814110186284 %
[33] Char ť: 0.2678883681891306 %
[34] Char w: 0.11809004219999533 %
[35] Char ô: 0.11680772189969924 %
[36] Char ä: 0.1057331374880511 %
[37] Char x: 0.09897181226830803 %
[38] Char ň: 0.08743092956564313 %
[39] Char ď: 0.07239280968035253 %
[40] Char q: 0.014105523303257093 %
[41] Char ë: 0.010025413256860414 %
[42] Char ĺ: 0.009792264111352032 %
[43] Char ř: 0.008626518383810124 %
[44] Char ü: 0.007227623510759833 %
[45] Char ě: 0.00547900491944697 %
[46] Char ŕ: 0.005362430346692779 %

The first 47 characters have an accumulated ratio of 0.9997924972604978.
The first 5 characters have an accumulated ratio of 0.37747196381525266.
All characters whose order is over 27 have an accumulated ratio of 0.034743885663659047.

1383 sequences found.

First 768 (typical positive ratio): 0.9950176374237621
Next 243 (1011-768): 0.0039886852153107055
Rest: 0.0009936773609271476

- Processing end: 2022-12-14 18:25:50.477973
