= Logs of language model for Portuguese (pt) =

- Generated by BuildLangModel.py
- Started: 2022-12-14 18:11:03.435056
- Maximum depth: 4
- Max number of pages: 200

== Parsed pages ==

Papagaio-das-mascarenhas (revision 61083234)
Alfred Newton (revision 63772066)
Bico (revision 60835473)
Sieur Dubois (revision 41590167)
Biodiversity Heritage Library (revision 64470020)
René-Primevère Lesson (revision 63229743)
Psittrichasiidae (revision 44385977)
Histoire Naturelle (revision 61014417)
Ponto quente (revision 55473520)
Herpetologista (revision 60800107)
Endemismo (revision 64450772)
Cladograma (revision 64249397)
Jacques Barraband (revision 45007769)
International Plant Names Index (revision 62639992)
Classe (biologia) (revision 63495321)
DNA (revision 63152174)
Ecologia (revision 64022144)
Ancestral comum (revision 64678633)
Dinosauria (revision 64535736)
Região Autónoma da Madeira (revision 64879506)
Natural History Museum, London (revision 64268225)
Percy Alexander MacMahon (revision 50071355)
Espécie (revision 64553712)
John Allan Broun (revision 61817860)
Ancestral comum mais recente (revision 64591096)
Sinapomorfia (revision 62321488)
Illinois (revision 62170587)
Helmintologia (revision 59020535)
Aves (revision 64642129)
Field Museum of Natural History (revision 64844966)
Limnologia (revision 58851800)
Farmacêutico (revision 64630397)
Língua inglesa (revision 64150425)
Madagáscar (revision 64725397)
Família (biologia) (revision 61575111)
Islândia (revision 64060301)
Classificação biológica (revision 61809666)
Faceted Application of Subject Terminology (revision 64779631)
Edward Albert Sharpey-Schafer (revision 64254898)
Havaí (revision 64640756)
Mutação (revision 64123827)
Coracopsinae (revision 63459971)
William Edward Ayrton (revision 62739781)
Cirurgião (revision 64668807)
Origem comum (revision 61641925)
Ferdinand von Mueller (revision 62255725)
Bibsys (revision 63644684)
Táxon (revision 63227455)
Malacologia (revision 57970258)
Desintegração radioativa (revision 64313586)
Anatomia animal (revision 58797699)
International Standard Name Identifier (revision 64790504)
Zootomia (revision 58797699)
Toleítica (revision 34762860)
Botânico (revision 61967900)
John Stenhouse (revision 62008644)
Termorregulação (revision 64495448)
John Kerr (revision 62704609)
Convecção mantélica (revision 60373806)
Psittacoidea (revision 61033148)
Saúde pública (revision 63527365)
Deriva continental (revision 64902339)
Ordem (biologia) (revision 63601075)
Open Library (revision 61955652)
Inferência Bayesiana (revision 62830176)
Academy of Natural Sciences (revision 61578144)
Nova Guiné (revision 60227023)
Reprodução (revision 63414857)
Máxima parcimônia (revision 62015609)
Médico (revision 64301033)
França (revision 64895524)
Açores (revision 64819020)
Endemia (revision 62738403)
Árvores filogenéticas (revision 61763709)
Fernando de Noronha (revision 64855367)
2005 (revision 64725143)
William Bateson (revision 55830496)
Neuroetologia (revision 60563061)
William Lassell (revision 62183853)
Arizona (revision 64879425)
Vulcanismo (revision 63510234)
Psittaciformes (revision 63932960)
International Standard Serial Number (revision 58367000)
Biologia regenerativa (revision 56549505)
Harold Jeffreys (revision 58732968)
Peixe (revision 64431170)
Ambientalismo (revision 64862203)
Alma mater (revision 57820112)
Napier Shaw (revision 56336986)
Bioquímica (revision 64244183)
Internet Archive (revision 64096543)
Edward Arthur Milne (revision 58910802)
Missouri Botanical Garden (revision 61966759)
Saxifraga cintrana (revision 61885598)
Sistema Universitário de Documentação (revision 51069528)
American Museum of Natural History (revision 64212495)
Filo (revision 63464029)
Engenharia genética (revision 63671435)
Chordata (revision 64103327)
Joseph Lister (revision 63440033)
Arthur Stanley Eddington (revision 64141109)
Febre amarela (revision 63472783)
Cristobalita (revision 61847424)
Harry Potter and the Goblet of Fire (filme) (revision 64856437)
Filogenia (revision 61260626)
Digital Object Identifier (revision 63209667)
Green New Deal (revision 64509397)
Fisiologia (revision 62258442)
Meio ambiente (revision 64545451)
Engenharia industrial (revision 62379140)
Richard Strachey (revision 56336958)
2007 (revision 63840012)
Alelo (revision 64539300)
Digital object identifier (revision 63209667)
Biblioteca Nacional da Dieta (revision 57968570)
Entoprocta (revision 63946878)
Século XIX (revision 64837318)
Livraria (revision 61700386)
Ichnotáxon (revision 63611820)
Etnobotânica (revision 60819978)
Geodinâmica (revision 49283303)
Infeção (revision 63726830)
Desoxicitidina (revision 59092754)
Homeostasia (revision 64259202)
Lista de especialidades biológicas (revision 61719144)
Biologia do desenvolvimento (revision 63818057)
Placa tectônica (revision 62769279)
Área (revision 63988916)
Anemia falciforme (revision 62334586)
Desenvolvimento sustentável (revision 64617206)
John Lindley (revision 60821316)
Distribuição t de Student (revision 64416114)
Godfrey Harold Hardy (revision 60980821)
América do Sul (revision 64858929)
Superfamília (revision 61575111)
Solstício (revision 60877451)
Raiz (revision 64680884)
Ornitologia (revision 63950590)
Evolução (revision 64809463)
Desoxicitidina trifosfato (revision 49779775)
Ancestral comum universal (revision 59916568)
Sipuncula (revision 60929185)
Fluorescência (revision 63252893)
Giganotosaurus (revision 64632514)
Peste bubônica (revision 63599249)
Crusta oceânica (revision 58498714)
Zooplâncton (revision 64800726)
Bioestatística (revision 64552825)
John Tyndall (revision 62541791)
1809 (revision 64398306)
John Hewitt Jellett (revision 62745269)
El Niño (revision 64656881)
Engenharia de sistemas (revision 64448054)
Victoria and Albert Museum (revision 64268249)
Programa das Nações Unidas para o Meio Ambiente (revision 64270781)
História evolutiva da vida (revision 62052857)
John Edward Marr (revision 62745345)
Tribo (biologia) (revision 53951385)
Teleostomi (revision 51833586)
Robert Broom (revision 54192174)
Super-reino (revision 59274824)
Cape Race (revision 43867831)
Toponímia (revision 63944441)
Heurística (revision 61085603)
Biologia celular (revision 64287445)
Microbiologia (revision 64226425)
Safim (revision 64181126)
Aurornis xui (revision 63853334)
Meteorologia (revision 63874898)
Jacob Lockhart Clarke (revision 62722236)
Witmer Stone (revision 62493170)
1869 (revision 64231456)
Atavismo (revision 64285323)
Declínio contemporâneo da biodiversidade mundial (revision 64509212)
Estrutura interna da Terra (revision 60929596)
Keith Edward Bullen (revision 62715317)
Apiaceae (revision 63941666)
Primeira guerra mundial (revision 64646038)
James Joseph Sylvester (revision 64331288)
Alfred Fowler (revision 55754858)
Língua grega (revision 64653752)
Medalha Real (revision 62976312)
Augustus Matthiessen (revision 59225915)
Phaethontiformes (revision 43440414)

== End of Parsed pages ==

- Wikipedia parsing ended at: 2022-12-14 18:14:13.337561

57 characters appeared 1852526 times.

Most Frequent characters:
[ 0] Char a: 11.88820021959206 %
[ 1] Char e: 11.503914115105538 %
[ 2] Char o: 10.007200978555767 %
[ 3] Char s: 8.321826522272833 %
[ 4] Char i: 7.063004783738528 %
[ 5] Char r: 6.534267265344725 %
[ 6] Char n: 5.444943822650802 %
[ 7] Char d: 5.305836463293902 %
[ 8] Char t: 4.949674120633125 %
[ 9] Char m: 4.542662289220233 %
[10] Char c: 3.920646727765224 %
[11] Char u: 3.6140383454807115 %
[12] Char l: 3.100631246201133 %
[13] Char p: 2.7219051176609668 %
[14] Char g: 1.345568159367264 %
[15] Char v: 1.259685424118204 %
[16] Char f: 1.1203081630163356 %
[17] Char b: 0.9877324258876798 %
[18] Char h: 0.7696518159529205 %
[19] Char ã: 0.7660891129193328 %
[20] Char ç: 0.6929457400327984 %
[21] Char q: 0.631786004622877 %
[22] Char é: 0.6198023671462641 %
[23] Char í: 0.4097108488625801 %
[24] Char á: 0.38828065031206044 %
[25] Char x: 0.3434229802982522 %
[26] Char z: 0.3036934434388505 %
[27] Char ó: 0.2662310812371864 %
[28] Char ê: 0.20636687420311509 %
[29] Char j: 0.19060461229693942 %
[30] Char õ: 0.18979490706203314 %
[31] Char y: 0.13953920214884974 %
[32] Char ú: 0.10661118926266083 %
[33] Char â: 0.09020116316856011 %
[34] Char k: 0.06752941659118414 %
[35] Char à: 0.06628786856432785 %
[36] Char w: 0.060026148081052576 %
[37] Char ô: 0.046800962577583254 %

The first 38 characters have an accumulated ratio of 0.9998742257868446.
The first 3 characters have an accumulated ratio of 0.33399315313253364.
All characters whose order is over 21 have an accumulated ratio of 0.034949037152514996.

1057 sequences found.

First 508 (typical positive ratio): 0.9950267193246717
Next 167 (675-508): 0.003973967287456359
Rest: 0.0009993133878719584

- Processing end: 2022-12-14 18:14:13.491804
