= Logs of language model for German (de) =

- Generated by BuildLangModel.py
- Started: 2022-12-14 18:01:47.695976
- Maximum depth: 4
- Max number of pages: 200

== Parsed pages ==

Deutschland (revision 228606777)
Europäische Weltraumorganisation (revision 228631712)
Drittes Deutschland (revision 228606789)
Nord-Ostsee-Kanal (revision 228177589)
Mobiles Einsatzkommando (revision 228450531)
Kap Verde (revision 228678091)
Carl Friedrich Gauß (revision 228774636)
Landgericht (revision 226082390)
Führerbunker (revision 228712614)
Gleichgeschlechtliche Ehe (revision 228511612)
Adolf Hitler (revision 228703587)
Braunkohle (revision 226387804)
Alleinvertretungsanspruch (revision 225813016)
Yukon (Territorium) (revision 225628885)
Ukraine (revision 228845131)
Reichstagswahl März 1933 (revision 227850752)
Diplomatie (revision 227049338)
Wolfgang Sartorius von Waltershausen (revision 226100655)
Eingetragene Partnerschaft-Gesetz (revision 223769401)
Kokerei (revision 228349930)
Arbeitsstelle Schacht (revision 216781123)
The Economist (revision 223242881)
Dresden (revision 228085168)
Prager Frieden (1866) (revision 228310704)
Souveränität (revision 228606540)
Verdeckter Ermittler (revision 228598315)
Kudensee (Gemeinde) (revision 223999678)
Präsidialkabinett (revision 223203158)
Heinrich Köhler (Architekt) (revision 228323082)
Nordsee (revision 228806907)
Pedra Badejo (revision 218295942)
Frankreich (revision 228628493)
Fritz Fischer (Historiker) (revision 224583221)
Magda Goebbels (revision 228021587)
Kilowattstunde (revision 228120231)
Rekonstruktionismus (revision 224403087)
Nordrhein-Westfalen (revision 228643403)
Der Standard (revision 228424043)
Wirbelschicht (revision 215906776)
Deutsches Reich (revision 228296021)
Legislaturperiode (revision 227735892)
The Times of Israel (revision 219517881)
Jens Frahm (revision 228560907)
Innenministerkonferenz (revision 226787756)
Mord (Deutschland) (revision 227089296)
Matthias Maurer (revision 227875909)
Bundesrepublik Deutschland (revision 228606777)
Berghof (Obersalzberg) (revision 228474755)
Niedersachsen (revision 228703722)
Beschuldigter (revision 225097643)
Magnetometer (revision 218588734)
Villeseen (revision 223042618)
Königreich Preußen (revision 228606517)
Espargos (revision 219889004)
Reichsritterschaft (revision 228363926)
Friedensrede vom 17. Mai 1933 (revision 225886430)
Hessen (revision 228606788)
Jütland (revision 228394509)
Volkspartij voor Vrijheid en Democratie (revision 226870900)
Österreichische Forschungsförderungsgesellschaft (revision 224880189)
Grundrechte (revision 226071146)
Land (Deutschland) (revision 228675273)
Vietnam (revision 226752482)
Wattstunde (revision 228120231)
Cyanwasserstoff (revision 228235306)
Meteosat (revision 228834931)
Baden-Württemberg (revision 228806297)
Weltkrieg (revision 228580588)
Todesfolge (revision 145499017)
Tunis (revision 228800561)
Süddeutscher Bund (revision 227461496)
Territorialkommando Schleswig-Holstein (revision 221409368)
Totschlag (Deutschland) (revision 227541298)
Erik Quistgaard (revision 223686958)
Bremen (revision 228615505)
Wetterau (revision 227117387)
Internet Archive (revision 228310076)
Hoher Meißner (revision 226631071)
Liste der Mitgliedstaaten im Deutschen Bund (revision 224823406)
Xylit (Kohle) (revision 206643095)
MacTutor History of Mathematics archive (revision 228718820)
Berlin-Tempelhof (revision 228805360)
Mars Express (revision 222991893)
Peilung (revision 225351085)
Gaußstein (Garlste) (revision 203812700)
Gaußturm (revision 225175634)
Norwegische Kirche (revision 226534082)
Sicherungsverwahrung (revision 228641206)
Deutsche Staatsangehörigkeit (revision 228705305)
Adjutant (revision 219998309)
Afrika-Cup 2013 (revision 227673847)
Liste der Straßen und Plätze in Berlin-Tempelhof (revision 228847763)
Ceuta (revision 226278282)
Ian Kershaw (revision 228835386)
Krimkrieg (revision 228783275)
Gasplanet (revision 227221507)
Unionspolitik Preußens (revision 228606763)
Asche (revision 226787217)
United States Army Air Forces (revision 228309083)
Beschwerde (deutsches Recht) (revision 214028503)
Leipziger Neuseenland (revision 221106485)
Baden (Land) (revision 227966043)
Bernd Freytag von Loringhoven (revision 226707396)
Radium (revision 228320807)
Peter Altmaier (revision 227105204)
Hans Krebs (Offizier) (revision 228713044)
Nordkorea (revision 228189588)
Helmuth Weidling (revision 227613393)
Bosnien und Herzegowina (revision 228852382)
Parthenstein (revision 227664873)
Wolfram Siemann (revision 228568083)
Panamakanal (revision 228117717)
Polizeipräsidium Frankfurt (revision 226038807)
Ordentliche Gerichtsbarkeit (Deutschland) (revision 225830061)
Gesamtdeutschland (revision 219527044)
Tirpitz (Schiff, 1941) (revision 228794616)
European Communications Satellite (revision 217651630)
Hauptverfahren (revision 218232627)
Deutsche Reichsgründung (revision 228606592)
Jeremy Gray (revision 213540756)
Legitimation (Politikwissenschaft) (revision 225956199)
Sergipe (revision 224297586)
Jean-Jacques Dordain (revision 222991624)
Sven Felix Kellerhoff (revision 228772596)
Bundesregierung (Deutschland) (revision 228697382)
Ochse (revision 228719196)
Saint Charles (Missouri) (revision 224936649)
Deutsch-Dänischer Krieg (revision 228197313)
Voßstraße (revision 228686339)
Partido Africano da Independência de Cabo Verde (revision 227072061)
Deutschsozialistische Partei (revision 187114420)
Schweizer Radio und Fernsehen (revision 226501521)
Saarland (revision 228639211)
Rheinland-Pfalz (revision 228606703)
Elektromagnetische Induktion (revision 228108340)
Motorradbau in Zschopau (revision 228827895)
Ostermoor (Brunsbüttel) (revision 219522219)
Die Mitte (revision 228380591)
Johann Benedict Listing (revision 226896760)
Rassentheorie (revision 228579154)
Petschaft (revision 228247141)
Albrecht von Roon (revision 228247856)
Transnistrien (revision 228611915)
Eheurkunde (revision 202526493)
Freiheitsstrafe (Deutschland) (revision 223745601)
Gemeinsame Normdatei (revision 228265239)
José Maria Neves (revision 228300549)
Tito Paris (revision 185252119)
Republik Venedig (revision 228315027)
Satellitenrundfunk (revision 227353304)
Deutscher Bund (revision 228606520)
Hera (Weltraummission) (revision 227275109)
Pazifismus (revision 228017031)
Brandenburg (revision 228781446)
Verteidigungsbezirkskommando 72 (revision 194243774)
Andros (Griechenland) (revision 228178371)
Zeitschrift des Architekten- und Ingenieur-Vereins zu Hannover (revision 211997745)
Potsdamer Abkommen (revision 228673933)
Geomagnetik (revision 217876160)
Waldfriedhof Blumenthal (revision 224504027)
Gagausen (revision 228276606)
Chinesische Sprache (revision 227498878)
Alliierter Kontrollrat (revision 228771218)
Tag (revision 227420267)
Volkssouveränität (revision 214749567)
Neuzeit (revision 226916078)
Strafrecht (revision 226756439)
Coladeira (revision 219447528)
Wärme (revision 228787931)
Mars Telecommunications Orbiter (revision 193518640)
Deutschlandradio Kultur (revision 226585090)
Satellitenfernsehempfänger (revision 219434329)
Wilhelm Keitel (revision 228713047)
Deutsches Filminstitut (revision 226886230)
Bad Nauheim (revision 228590902)
Lotharii Regnum (revision 207527682)
Glyptik (revision 226675680)
Kraft (revision 228696624)
Louvre (revision 228822258)
Erwachsenenstrafrecht (revision 199484874)
Archive.today (revision 227419265)
England (revision 228567914)
Untersee (Brühl) (revision 225655608)
Ära Adenauer (revision 226970446)
Schlitten (revision 228844670)
Michael Kotulla (revision 227619359)
Menschenwürde (revision 228266910)
Sevdalinka (revision 227976551)
NEEMO (revision 219617837)
Palais Batthyány (revision 203778661)
Rhein (revision 228807016)
Santa Cruz (Concelho) (revision 204607767)
Richard Friedländer (revision 221137334)
Hürth-Knapsack (revision 226821270)
Oberthal (Saar) (revision 228328803)
Marke (Recht) (revision 225403469)
Otto Neugebauer (revision 222692022)
Hecksche Formel (revision 224432126)

== End of Parsed pages ==

- Wikipedia parsing ended at: 2022-12-14 18:05:20.300233

60 characters appeared 4279054 times.

Most Frequent characters:
[ 0] Char e: 15.976334956277718 %
[ 1] Char n: 9.628436565652128 %
[ 2] Char i: 7.824299483016574 %
[ 3] Char r: 7.8062814818415465 %
[ 4] Char s: 6.514266938440132 %
[ 5] Char t: 6.32656189896178 %
[ 6] Char a: 5.785998494059668 %
[ 7] Char d: 5.297806477786913 %
[ 8] Char h: 4.162158271431022 %
[ 9] Char u: 3.9845956606296626 %
[10] Char l: 3.6868429330408077 %
[11] Char g: 3.0796292825470304 %
[12] Char c: 2.77853469481806 %
[13] Char o: 2.7206714381262773 %
[14] Char m: 2.5168179695792574 %
[15] Char b: 2.0866761672089207 %
[16] Char f: 1.6615822095257502 %
[17] Char k: 1.465861379641388 %
[18] Char w: 1.3530327030226774 %
[19] Char z: 1.1850516492664034 %
[20] Char p: 1.0030020654097844 %
[21] Char v: 1.0002911858555654 %
[22] Char ä: 0.5755477729423373 %
[23] Char ü: 0.5585580364258081 %
[24] Char ö: 0.30097773947232265 %
[25] Char j: 0.2529764756415787 %
[26] Char ß: 0.20866761672089204 %
[27] Char y: 0.13566082596760873 %
[28] Char x: 0.06228012079305379 %
[29] Char q: 0.028604453227278736 %

The first 30 characters have an accumulated ratio of 0.9996800694732993.
The first 3 characters have an accumulated ratio of 0.3342907100494642.
All characters whose order is over 20 have an accumulated ratio of 0.031235642270464454.

1194 sequences found.

First 494 (typical positive ratio): 0.9950332887709427
Next 153 (647-494): 0.003970985671306937
Rest: 0.0009957255577504043

- Processing end: 2022-12-14 18:05:20.372064
