= Logs of language model for Esperanto (eo) =

- Generated by BuildLangModel.py
- Started: 2022-12-14 17:55:49.995383
- Maximum depth: 4
- Max number of pages: 200

== Parsed pages ==

Vikipedio:Ĉefpaĝo (revision 7731360)
Ĉeĥa Vikipedio (revision 5571847)
Septembro de 2022 (revision 7751838)
Josef von Sternberg (revision 6628019)
Duolingo (revision 7583415)
Tertremo (revision 7614767)
Kataro (revision 7817970)
Hieroglifoj (revision 7802012)
Novembro de 2022 (revision 7832261)
Prezidanto de Peruo (revision 7831028)
Parizo (revision 7784770)
Heinrich XIII. Prinz Reuß (revision 7830303)
11-a arondismento de Parizo (revision 7688747)
Januaro de 2021 (revision 7552896)
Germana Regno (revision 7699806)
Norma datumaro (revision 6513828)
Ŝtatoj de Batalhalto (revision 7735826)
1969 (revision 6760056)
Hamad bin Ĥalifa Al Thani (revision 7802234)
Serblingva Vikipedio (revision 6932117)
Ŝtatestro (revision 7812797)
1993 (revision 7108703)
Bengallingva Vikipedio (revision 7316128)
.qa (revision 5919748)
Dana lingvo (revision 6773327)
José de la Riva Agüero (revision 7828689)
1951 (revision 7822348)
Ĵaŭdo (revision 6739560)
Taĝikio (revision 7730013)
Ŝtalo (revision 7611953)
Hieratika skribo (revision 7372130)
19-a de novembro (revision 7834686)
Azerbajĝano (revision 7765205)
Chuck Smith (revision 7672657)
Futbala Mondpokalo 2022 (revision 7836965)
José Bernardo de Tagle (revision 7828685)
Ĉinio (revision 7795007)
Historia urboparto de Limo (revision 7829362)
Francisco Pizarro (revision 7624618)
2020 (revision 7724069)
Martiniko (revision 7676941)
1950-aj jaroj (revision 7836779)
Aprilo de 2020 (revision 6961405)
Kontrolnumero de la Kongresa Biblioteko de Usono (revision 6510248)
Framasono (revision 7777142)
2027 (revision 7234078)
Peruo (revision 7837496)
2011 (revision 7534568)
Alma mater (revision 6740009)
Havaja lingvo (revision 7491016)
Moderna norma araba (revision 7490429)
Baluĉa lingvo (revision 7285034)
Angla lingvo (revision 7562773)
San-Paŭlo (revision 7676139)
Subdukcio (revision 7011255)
Gaŭloj (revision 7244672)
Ptolemeo (revision 7117561)
Norveglingva (bokmål) Vikipedio (revision 7325731)
Jemeno (revision 7664252)
Septembro de 2021 (revision 7552905)
Latvlingva Vikipedio (revision 7317460)
Latinlingva Vikipedio (revision 7254212)
Nacia Biblioteko de Hispanio (revision 7600762)
Meurthe-et-Moselle (revision 7291290)
Tertremo de Sendajo en 2011 (revision 7695661)
2016 (revision 7629713)
Antisemitismo (revision 7798917)
Oskar-premio (revision 7597140)
Shanghai-Express (revision 7744450)
28-a de julio (revision 7672933)
Android (revision 7828605)
Blanka Teleki (revision 6607101)
2019 (revision 7534565)
Okcitanlingva Vikipedio (revision 7317521)
Kantono Los-Anĝeleso (revision 7768299)
Finna lingvo (revision 7793584)
Konstruiganto (revision 6705572)
Danio (revision 7792103)
Sumero (revision 7803120)
Papiro (revision 7571097)
Akademio de Esperanto (revision 7822366)
Pola lingvo (revision 7820090)
Teodiceo (revision 7778171)
Februaro de 2020 (revision 7003017)
Natura fenomeno (revision 5879936)
Junio de 2022 (revision 7647823)
Roko (revision 7568259)
Isère (revision 7135564)
Krimoj kontraŭ la homeco (revision 7608270)
Decembro de 2020 (revision 7115650)
Judo (revision 7573815)
Holivudo (revision 7432115)
Hindia lingvo (revision 7757284)
Sismologio (revision 7106981)
Ideogramoj (revision 7704324)
Hispana (revision 7788151)
Système universitaire de documentation (revision 6131485)
2025 (revision 7120606)
22-a de novembro (revision 7828389)
Piramido de la Luvro (revision 7630641)
1906 (revision 7331467)
Rozeta ŝtono (revision 7267771)
10-a arondismento de Parizo (revision 7667691)
Jean-François Champollion (revision 7729249)
Ukraina lingvo (revision 7680312)
VIAF (revision 6620334)
Horzono (revision 7708921)
2024 (revision 7466694)
Reuß älterer Linie (revision 7830307)
Arablingva Vikipedio (revision 7830562)
Angla (revision 7562773)
2008 (revision 7534573)
Jura (departemento) (revision 7250513)
Egipta civilizo (revision 7799968)
Pedro Castillo (revision 7831022)
Thomas Young (revision 7203308)
Beloruslingva Vikipedio (revision 7810971)
Japanio (revision 7822972)
Momant-magnituda skalo (revision 4993757)
Dina Boluarte (revision 7832299)
Kirgizio (revision 7740383)
Demotika skribo (revision 7096660)
Lundo (revision 7400575)
Egipta lingvo (revision 6473910)
Anna Löwenstein (revision 7361028)
Nov-Ĵerzejo (revision 7193354)
Turingio (revision 7466586)
Enciklopedio (revision 7663790)
Ukrainlingva Vikipedio (revision 6926624)
Makedonlingva Vikipedio (revision 7316121)
Florido (revision 7546947)
Tibeto (revision 7730713)
Sklavo (revision 7570090)
Konferenco pri Aplikoj de Esperanto en Scienco kaj Tekniko (revision 7761527)
Slovaklingva Vikipedio (revision 6973132)
Gaston WARINGHIEN (revision 7472160)
1990-aj jaroj (revision 7836793)
Folio (revision 7722236)
Tajlanda suna kalendaro (revision 5091531)
Lipo (lando) (revision 7362353)
Juda demando (revision 7073445)
Gare de l'Est (revision 7792626)
Kalifornio (revision 7832672)
Afrikanslingva Vikipedio (revision 7127376)
1647 (revision 7816836)
NPIV (revision 7786706)
Esperanta Antologio (revision 7425395)
Faŭlto (revision 7034371)
32-a jarcento a.K. (revision 7121166)
Harry S. Truman (revision 7459878)
Rumanio (revision 7794309)
Huascarán (revision 7603050)
Kotono (revision 7768542)
Estonlingva Vikipedio (revision 6932120)
1998 (revision 6760088)
Zenono el Elajo (revision 7334004)
Okcidentazio (revision 7730075)
Nonio Marcelo (revision 7617559)
Valentin Melnikov (revision 7758466)
1825 (revision 6759885)
Politikisto (revision 7644750)
4-a jarcento (revision 7804795)
Municipo (revision 7795836)
Limo (revision 7760530)
Burgonjo-Franĉkonteo (revision 7778470)
Andamanoj kaj Nikobaroj (revision 7670688)
Egiptio (revision 7306335)
23-a de junio (revision 7836496)
Greka lingvo (revision 7682811)
Majoto (revision 7676958)
Karl Barthel (revision 7251507)
Place de la Bastille (revision 7181764)
Christine Lieberknecht (revision 7624363)
1842 (revision 6759907)
Luksemburgo (revision 7760190)
Ŝangrilao (revision 6275321)
Slovakio (revision 7790988)
Hebrea kalendaro (revision 7072955)
Germane (revision 7774973)
Astronomo (revision 5758622)
1685 (revision 7127859)
Moldavio (revision 7792125)
Afganio (revision 7804514)
August Robert Wolff (revision 6085672)
1712 (revision 6759741)

== End of Parsed pages ==

- Wikipedia parsing ended at: 2022-12-14 17:59:23.879681

61 characters appeared 907830 times.

Most Frequent characters:
[ 0] Char a: 13.19993831444213 %
[ 1] Char o: 9.679565557428154 %
[ 2] Char e: 9.106220327594373 %
[ 3] Char i: 8.34440368791514 %
[ 4] Char n: 7.355121553594836 %
[ 5] Char r: 6.154125772446383 %
[ 6] Char l: 5.914984082923015 %
[ 7] Char t: 5.666259101373605 %
[ 8] Char s: 5.044336494718174 %
[ 9] Char k: 4.068713305354526 %
[10] Char d: 3.571373495037617 %
[11] Char j: 3.538878424374608 %
[12] Char u: 2.9623387638654815 %
[13] Char m: 2.7548109227498543 %
[14] Char p: 2.654131280085479 %
[15] Char g: 1.579590892567992 %
[16] Char v: 1.5284800017624445 %
[17] Char c: 1.2349228379762731 %
[18] Char b: 1.139310223279689 %
[19] Char f: 1.0745403875174868 %
[20] Char z: 0.6510029410792769 %
[21] Char h: 0.6175164953790908 %
[22] Char ĝ: 0.5909696749391405 %
[23] Char ŭ: 0.4724452816055869 %
[24] Char ĉ: 0.3694524305211328 %
[25] Char ŝ: 0.17602414548979434 %
[26] Char y: 0.1180837822059196 %
[27] Char w: 0.10596697619598384 %
[28] Char ĵ: 0.09858673980811385 %
[29] Char ĥ: 0.042298668252866725 %

The first 30 characters have an accumulated ratio of 0.9981439256248417.
The first 3 characters have an accumulated ratio of 0.31985724199464655.
All characters whose order is over 19 have an accumulated ratio of 0.032423471354769064.

1198 sequences found.

First 496 (typical positive ratio): 0.9950012527506046
Next 287 (783-496): 0.004000631822044021
Rest: 0.0009981154273513981

- Processing end: 2022-12-14 17:59:24.035529
