= Logs of language model for Croatian (hr) =

- Generated by BuildLangModel.py
- Started: 2022-12-14 17:50:26.432625
- Maximum depth: 4
- Max number of pages: 200

== Parsed pages ==

Fizika čvrstog stanja (revision 6149421)
Ugljik (revision 6486622)
Pozitron (revision 6132287)
Dinastija Han (revision 6396262)
Feromagnetizam (revision 6361356)
Napon (revision 6411070)
Integrirani krug (revision 6244897)
Atom (revision 6527497)
Fotodioda (revision 6254765)
Električna vodljivost (revision 6258731)
Kondenzirana tvar (revision 6361399)
Ion (revision 6394254)
Magnetsko polje (revision 6227623)
Gibanje (revision 6392238)
Kadmij (revision 6238898)
Papir (revision 6537929)
Albert Einstein (revision 6494979)
Kovina (revision 6358135)
Električna zavojnica (revision 6258730)
Kulon (revision 5439477)
Električni induktivitet (revision 6258721)
Vanadij (revision 5827591)
Curiejeva temperatura (revision 6264723)
Dijamagnetizam (revision 6262267)
Robert Noyce (revision 6427781)
Električni napon (revision 6411070)
AT&T (revision 6336204)
Fizika (revision 6357726)
Donji kvark (revision 6261061)
Bjelančevine (revision 6492854)
Konstanta (revision 6447814)
Poluvodič (revision 6162819)
Felix Bloch (revision 5784793)
Niobij (revision 6215325)
Barij (revision 6326495)
Nanoamper (revision 6524895)
Aktinidi (revision 4540857)
Etika (revision 6468711)
Elektricitet (revision 6258749)
Kalcij (revision 6397219)
Hlađenje (revision 6411090)
Helij (revision 6328120)
Termodinamika (revision 6393710)
Lenzov zakon (revision 6230710)
Jack Kilby (revision 6242606)
Ferit (magnet) (revision 6256038)
Charles-Augustin de Coulomb (revision 6267297)
Masa (revision 6463862)
Magnetski tok (revision 6469693)
Lepton (revision 6525041)
Temperatura (revision 6541246)
Magnetska histereza (revision 6227636)
Gaugino (revision 6253122)
Mangan (revision 6226876)
Strujni krug (revision 6258728)
Diferencijalne jednadžbe (revision 6521533)
Kineski (revision 6290032)
Apsolutna nula (revision 5482633)
Organizam (biologija) (revision 6212218)
Kalkulator (revision 6238647)
Strani kvark (revision 6464690)
Dioda (revision 6359047)
Valna duljina (revision 6188667)
Terakota (revision 6446711)
Brzina (revision 6463857)
Ampèreov zakon za petlju (revision 6278215)
CMOS (revision 5477968)
VIA Technologies (revision 6117720)
Matematika (revision 6544669)
Tranzistor (revision 6184941)
Agregatna stanja (revision 6544085)
Prostor (revision 5395638)
Plutonij (revision 6504330)
Mikroamper (revision 6524895)
Elektromagnetsko zračenje (revision 6411063)
Tenis (revision 6518627)
Permeabilnost vakuuma (revision 6160213)
1963. (revision 6529530)
1940. (revision 6282936)
Električna struja (revision 6511049)
Živa (revision 6201024)
Sustav organa (revision 6180122)
Xiao He (revision 6441556)
Mjerna jedinica (revision 6221493)
Heinrich Hertz (revision 6424805)
Fizikalna veličina (revision 6221489)
Računalna memorija (revision 5744674)
Polumetali (revision 5752619)
Elektrostatika (revision 6258646)
Eric Allin Cornell (revision 6257930)
Gadolinij (revision 6253597)
Fermioni (revision 6256031)
Selenij (revision 6173522)
Indukcijski motor (revision 6364014)
Bolest (revision 6537459)
Simens (revision 6433292)
Silicij (revision 6407176)
Elektromagnetsko polje (revision 3924407)
Ceh (revision 5781422)
Carl Wieman (revision 6268101)
Raderfordij (revision 6166927)
Materijal (revision 6318671)
Fosfor (revision 6254775)
Patent (revision 6159416)
Luks (revision 6228377)
Intel 4004 (revision 6463989)
Paulijev princip (revision 6411162)
Zlato (revision 6463174)
Osciloskop (revision 6536779)
Energija (revision 6258189)
Delta barion (revision 6456713)
Žene (revision 6536365)
Fotootpornik (revision 6154304)
Uranij (revision 6374654)
Mikročip (revision 6244897)
Torij (revision 6184635)
Amerika (revision 6505695)
Brzina svjetlosti (revision 6513071)
Radioaktivnost (revision 6205644)
Elektromagnetski valovi (revision 6411063)
Magnetska susceptibilnost (revision 6502820)
Elektronika (revision 6544174)
Ana Konjuh (revision 6540157)
Titranje (revision 6446466)
3. kolovoza (revision 6530528)
Dražen Ladić (revision 6545182)
Aage Niels Bohr (revision 6281538)
Stanična membrana (revision 6177775)
Definicija (revision 6262967)
Mokraćni sustav (revision 6221072)
Elementarni naboj (revision 6258636)
Rudolf Ludwig Mössbauer (revision 6171168)
Indij (revision 6245163)
Fizičar (revision 6255555)
Stari vijek (revision 6150177)
Parni stroj (revision 6159080)
Germanij (revision 6252597)
Stara Grčka (revision 6542269)
Vlačno ispitivanje (revision 6191965)
Dekonstrukcija (revision 6392434)
Ajnštajnij (revision 6280140)
Sila (revision 6392237)
Količina elektriciteta (revision 6258714)
Morfologija (biologija) (revision 5874522)
Zakon očuvanja energije (revision 6357817)
Michael Faraday (revision 6223188)
Klor (revision 6235817)
Usluga (revision 6339178)
Željezo (revision 6392353)
Kositar (revision 6234387)
Olimpijske igre (revision 6466965)
Šećer (revision 6343298)
Kristalizacija (revision 6233584)
Oblik (revision 6321736)
Latinski jezik (revision 6537991)
Švedska (revision 6501885)
Profesor (revision 6165140)
Protaktinij (revision 6165375)
Elektronska konfiguracija (revision 6258661)
Električni naboj (revision 6258714)
Pravilo desne ruke (revision 6360671)
Toplina (revision 6184471)
Chipset (revision 5087057)
Okretno magnetsko polje (revision 5286306)
Vodik (revision 6458324)
Baterija (revision 6273256)
Višestanični organizmi (revision 6191476)
Moment sile (revision 6463811)
Stari Rim (revision 6503914)
Kuk (revision 6232853)

== End of Parsed pages ==

- Wikipedia parsing ended at: 2022-12-14 18:02:00.880876

50 characters appeared 898290 times.

Most Frequent characters:
[ 0] Char a: 10.740852063364837 %
[ 1] Char i: 10.043304500773692 %
[ 2] Char e: 9.422124258313017 %
[ 3] Char o: 8.747509156285831 %
[ 4] Char n: 6.774092998920171 %
[ 5] Char r: 5.484086430885348 %
[ 6] Char t: 5.289049193467588 %
[ 7] Char j: 5.0933440203052465 %
[ 8] Char s: 4.709169644546861 %
[ 9] Char u: 3.9080920415456037 %
[10] Char l: 3.856327021340547 %
[11] Char k: 3.8457513720513417 %
[12] Char m: 3.492190717919603 %
[13] Char v: 3.127497801378174 %
[14] Char d: 2.828707878302107 %
[15] Char p: 2.820470004118937 %
[16] Char z: 1.9050640661701677 %
[17] Char g: 1.606162820470004 %
[18] Char b: 1.2042881474802125 %
[19] Char č: 1.092965523383317 %
[20] Char c: 1.0381947923276447 %
[21] Char h: 0.7429671932226787 %
[22] Char š: 0.46811163432744435 %
[23] Char f: 0.44996604659965045 %
[24] Char ž: 0.42870342539714346 %
[25] Char ć: 0.38027808391499407 %
[26] Char đ: 0.20772801656480647 %
[27] Char y: 0.1414910552271538 %
[28] Char w: 0.05911231339545135 %
[29] Char x: 0.038072337441138165 %
[30] Char q: 0.030613721626646183 %

The first 31 characters have an accumulated ratio of 0.9997628828106736.
The first 4 characters have an accumulated ratio of 0.3895378997873738.
All characters whose order is over 19 have an accumulated ratio of 0.039852386200447516.

809 sequences found.

First 410 (typical positive ratio): 0.9950584932401488
Next 135 (545-410): 0.0039469726326971655
Rest: 0.000994534127154001

- Processing end: 2022-12-14 18:02:01.282903
