= Logs of language model for Estonian (et) =

- Generated by BuildLangModel.py
- Started: 2017-03-27 18:15:05.728728
- Maximum depth: 4
- Max number of pages: 100

== Parsed pages ==

Harilik pohl (revision 4248853)
A-vitamiin (revision 4330862)
Aasta keskmine sademete hulk (revision 4266801)
Aasta keskmine õhutemperatuur (revision 3902142)
Ahm (revision 4343671)
Ain Raal (revision 4601553)
Alalehed (revision 2892741)
Alamliik (revision 3522810)
Alaska (revision 4540482)
Aleksander Heintalu (revision 4597486)
Aleuudid (revision 4602540)
Ameerika jänes (revision 4325220)
Ameerika valgejänes (revision 4355263)
Anneli Sihvart (revision 3546469)
Arbutiin (revision 4451788)
Baribal (revision 4610992)
Bensoehape (revision 3810308)
Binaarne nomenklatuur (revision 3970950)
C-vitamiin (revision 4517558)
Droog (revision 4352968)
E-vitamiin (revision 4592599)
Eesti (revision 4603822)
Eesti Entsüklopeediakirjastus (revision 4012421)
Eesti köök (revision 4574403)
Ellips (revision 4574271)
Emakakael (botaanika) (revision 3521516)
Euraasia (revision 3710768)
Fenoloogia (revision 3512905)
Folaadid (revision 4606773)
Fosfor (revision 4270122)
Fotosüntees (revision 4521059)
Fruktoos (revision 4496052)
Glükoos (revision 4047315)
Gneiss (revision 4333338)
Graniit (revision 4435351)
Gröönimaa (revision 4603960)
Halljänes (revision 4523214)
Haned (revision 4127680)
Happeline keskkond (revision 2966453)
Heilongjiang (revision 4342364)
Hendrik Relve (revision 4342591)
Hiina (revision 4605313)
Holland (revision 4606292)
Hunt (revision 4583864)
Hõimkond (revision 3489569)
Hüdrofiilsus (revision 4309797)
Ida-Euroopa (revision 4337624)
Ida-sinilind (revision 3944751)
Ida-vöötorav (revision 3520679)
Igihaljus (revision 3536500)
Ilves (revision 4565019)
Imetaja (revision 4289188)
Indiaanlased (revision 4607142)
Indrek Rohtmets (revision 4604623)
Itaalia (revision 4601591)
Jaapan (revision 4594850)
Jilin (revision 3894473)
Jood (revision 4025060)
Juurestik (revision 3341159)
Jääkaru (revision 4564117)
Jõhvikas (revision 4391549)
Kaalium (revision 4486067)
Kaheidulehelised (revision 4551109)
Kaheli õiekate (revision 3063362)
Kahesuguline õis (revision 3383221)
Kaitsestaatus (revision 3527096)
Kajakas (revision 4567667)
Kalorsus (revision 3843290)
Kaltsium (revision 4563326)
Kanada (revision 4592047)
Kanalised (revision 4522196)
Kanarbikulaadsed (revision 4318215)
Kanarbikulised (revision 3534760)
Karboksüülhapped (revision 3659011)
Karoteen (revision 4347634)
Kasvuperiood (revision 4231717)
Katteseemnetaimed (revision 4176294)
Kaukasus (revision 4476003)
Kesk-Euroopa (revision 3580746)
Kimalane (revision 4261145)
Kirde-leeklind (revision 4248853)
Kiudained (toit) (revision 3538655)
Klass (bioloogia) (revision 3489567)
Kliima (revision 4587955)
Korea (revision 4329396)
Kroom (revision 4030460)
Kroonlehed (revision 3543291)
Kuusepüü (revision 4028988)
Kvertsetiin (revision 4496042)
Laanemets (revision 4001157)
Laanepüü (revision 4475093)
Laiuskraad (revision 3990366)
Leesikas (revision 4577814)
Lehed (revision 4597351)
Leheroots (revision 3595351)
Liik (bioloogia) (revision 4608901)
Liiv (revision 4509941)
Liivakivi (revision 4330598)
Linnaeus (revision 4600814)
Linnud (revision 4595754)

== End of Parsed pages ==

- Wikipedia parsing ended at: 2017-03-27 18:21:48.743424

55 characters appeared 464943 times.

First 33 characters:
[ 0] Char a: 12.59573754202128 %
[ 1] Char i: 10.328792991829106 %
[ 2] Char e: 10.08725800797087 %
[ 3] Char s: 8.7064435855578 %
[ 4] Char t: 6.585538442346696 %
[ 5] Char l: 6.079454900923339 %
[ 6] Char u: 5.4090501416302645 %
[ 7] Char n: 5.124284052023581 %
[ 8] Char k: 4.624437834315174 %
[ 9] Char o: 4.549374869607672 %
[10] Char d: 4.145669469160736 %
[11] Char r: 3.704109966167896 %
[12] Char m: 3.5610816809802492 %
[13] Char v: 2.4489023385662327 %
[14] Char p: 1.9069004157498877 %
[15] Char g: 1.8567867459021856 %
[16] Char h: 1.7855952235005152 %
[17] Char j: 1.6980576113631134 %
[18] Char ä: 1.022706009123699 %
[19] Char õ: 0.9302215540399577 %
[20] Char b: 0.9110794226389042 %
[21] Char ü: 0.6508324676358177 %
[22] Char f: 0.3649909773886261 %
[23] Char c: 0.3400416825288261 %
[24] Char ö: 0.2372333812962019 %
[25] Char y: 0.11872423071215181 %
[26] Char x: 0.06301847753380523 %
[27] Char w: 0.0389295031864121 %
[28] Char z: 0.023873894219291397 %
[29] Char q: 0.020217532041562084 %
[30] Char š: 0.018066730760544842 %
[31] Char ō: 0.009678605764577594 %
[32] Char ž: 0.009248445508374144 %

The first 33 characters have an accumulated ratio of 0.9995633873399535.

863 sequences found.

First 512 (typical positive ratio): 0.9972656908344045
Next 512 (512-1024): 9.248445508374145e-05
Rest: -2.6020852139652106e-17

- Processing end: 2017-03-27 18:21:48.840917
