= Logs of language model for Finnish (fi) =

- Generated by BuildLangModel.py
- Started: 2022-12-14 17:58:36.527994
- Maximum depth: 4
- Max number of pages: 200

== Parsed pages ==

Yhdistynyt kuningaskunta (revision 21066772)
Viidakkokirja (revision 20635233)
Jalkapallon EM (revision 21042497)
Sierra Leone (revision 21069376)
Suezin kriisi (revision 20508267)
Rooman valtakunta (revision 21050659)
Liettua (revision 21045326)
Avara luonto (revision 20695283)
Sambia (revision 21095544)
Itävalta (revision 20830864)
Vanguard-luokka (sukellusvene) (revision 20477212)
Luettelo lentokoneiden maatunnuksista (revision 20734195)
Eduardo Paolozzi (revision 20995322)
Asian Football Confederation (revision 20988614)
Bagheera (revision 16479904)
Euro (revision 20949849)
Juhani Rajalin (revision 19931124)
Riemukaari (revision 20935977)
Yhdysvallat (revision 21055552)
Vytautas Suuri (revision 20970704)
Egypti (revision 21070115)
LIBRIS (revision 20939446)
Vatikaanivaltio (revision 21017236)
Kansainvaellus (revision 21080725)
Saudi-Arabia (revision 20944836)
Suuri koalitio (revision 20232862)
Mosaiikki (revision 20906833)
Baloo (revision 20763454)
Kuwait (revision 21106233)
Eteläinen maakunta (Sambia) (revision 20422262)
Meri-ilmasto (revision 20901423)
Hellenismi (revision 20694245)
Kesäolympialaiset 1952 (revision 21066831)
Guatemala (revision 21008328)
Kuvataide (revision 20715591)
Luettelo valtioiden motoista (revision 19248110)
Televisio (revision 21039488)
Jimmy Carter (revision 20860817)
Yhdysvaltain presidentti (revision 20887192)
Viidakkokirja 2 (revision 20767875)
Madagaskar (revision 21095571)
Iranin panttivankikriisi (revision 21067629)
Kansallislaulu (revision 20872469)
Maanosaliittojen cup (revision 18212691)
Yle TV1 (revision 20803186)
Intia (revision 21059702)
Jugoslavia (revision 20463252)
Wings (revision 20640965)
YK:n vuosituhattavoitteet (revision 20974997)
Trove (revision 20444535)
Jarmo Heikkinen (revision 19570516)
Viidakkokirja (vuoden 1967 elokuva) (revision 20185382)
Malaria (revision 20928866)
Rein (revision 20504590)
Israel (revision 21100117)
Kaa (revision 15234624)
Australia (revision 21043933)
Eisenhowerin oppi (revision 20672159)
Malediivit (revision 21059705)
Kansainvälinen suuntanumero (revision 21106282)
Toinen maailmansota (revision 21060840)
Liettuan ilmavoimat (revision 21034693)
Royal Navy (revision 20975712)
Norja (revision 21098726)
Portugali (revision 21086736)
Siperia (revision 20948582)
Jalkapallon naisten maailmanmestaruuskilpailut (revision 20929745)
Botswana (revision 20996095)
Ilkka Rekiaro (revision 20852225)
Mesopotamia (revision 21039948)
Tšekin kansalliskirjasto (revision 20963608)
Avara luonto (albumi) (revision 17791872)
HMS Vengeance (S31) (revision 20088779)
Netflix (revision 21073023)
Uusi-Seelanti (revision 20832556)
Strategic Defense Initiative (revision 21072042)
1998 (revision 21076497)
Astute-luokka (revision 17775821)
Mosambik (revision 21095560)
Swazimaa (revision 21064923)
Camp Davidin kokous 2000 (revision 21077236)
Nisäkkäät (revision 21024984)
Via Appia (revision 19888295)
SNAC (revision 20340511)
Suomen kieli (revision 21076647)
Linnut (revision 21108366)
Uzbekistan (revision 20965691)
Assuanin pato (revision 20818327)
Kulta (revision 21029759)
Nato (revision 21049954)
Vanuatu (revision 20974348)
BBC (revision 20873802)
Karsinnat jalkapallon Euroopan-mestaruuskilpailuihin 2004 (revision 18159826)
Egon Schiele (revision 20539180)
Gootit (revision 20838853)
Solidus (revision 21048510)
HMS Vigilant (S30) (revision 20088769)
Margaret Thatcher (revision 20827653)
Dubbaus (revision 20867977)
Kupiškisin kunnallispiiri (revision 20885068)
Transnistria (revision 21035858)
Gemssi (revision 20173455)
Diocletianus (revision 20415313)
Britannian pääministeri (revision 20997931)
2005 (revision 21082318)
Joseph Haydn (revision 20916394)
Englannin kieli (revision 20829497)
UEFA (revision 20678496)
Tuomo Holopainen (revision 18251717)
Tasavalta (revision 20955758)
Moyamban piirikunta (revision 20907223)
Eliöyhteisö (revision 19996015)
Saksan jalkapallomaajoukkue (revision 21093030)
Valentine Strasser (revision 20928633)
Filippiinit (revision 21108354)
Sambian historia (revision 21066392)
Jalkapallo (revision 21048960)
Liettuan rautatiet (revision 20888119)
Galerius (revision 16059965)
Mongu (revision 20330931)
CANTIC (revision 20519473)
Yleisradio (revision 21019825)
Rudyard Kiplingin viidakkokirja (revision 20264888)
Kyproksen tasavalta (revision 21109502)
Trident (revision 20011988)
Frans II (Saksa) (revision 20111793)
Togo (revision 21069236)
Jamaika (revision 21055658)
Jalkapallon alle 20-vuotiaiden naisten maailmanmestaruuskilpailut (revision 19733995)
Maailmanpankki (revision 20797276)
BZÖ (revision 20746980)
Kongressin kirjaston nimitunniste (revision 20255813)
Kongon demokraattinen tasavalta (revision 21068165)
Upholder-luokka (revision 20081478)
Sierra Leonen talous (revision 20947953)
Benito Mussolini (revision 20954243)
USD (revision 21093482)
1940-luku (revision 20593365)
Gaius Marius (revision 20807306)
Malta (revision 21066820)
Maxentius (revision 19071853)
Baselin satama (revision 20652635)
Tunisia (revision 21075200)
Brittiläinen imperiumi (revision 21053583)
Kalulushi (revision 20327301)
Rolf Klemmt (revision 20592379)
Dag Hammarskjöld (revision 21022318)
Probus (revision 21058679)
Uskontunnustus (revision 20995790)
Veri (revision 21060523)
Vilhelm III Oranialainen (revision 20454645)
Confédération africaine de football (revision 20180632)
MTV3 HD (revision 21061331)
Caymansaaret (revision 20964785)
Pekka Lehtosaari (revision 20805538)
Radiomafia (revision 21009531)
Humlegården (revision 19328994)
WorldCat Identities (revision 19693265)
Gibraltar Football League (revision 21007057)
Brasilia (revision 21075071)
Malesia (revision 21044093)
Feodalismi (revision 20594613)
101 dalmatialaista (vuoden 1961 elokuva) (revision 19610112)
Ranskan kansalliskirjasto (revision 21096977)
Jenisei (revision 19985711)
Ranskan lähiöiden väkivaltaisuudet 2005 (revision 20199546)
Krusifiksi (revision 20852091)
Felipe González (revision 20832000)
Israelin kansalliskirjasto (revision 20854961)
Guadeloupe (revision 20300349)
Johann Friedrich Gmelin (revision 19923689)
Riemukas Robinsonin perhe (revision 20067208)
Kiinan naisten jalkapallomaajoukkue (revision 20879478)
Tonni (revision 20959628)
Koripallo (revision 20966291)
Pietari (kaupunki) (revision 21066797)
Lentotukialus (revision 21033679)
Miguel Asturias (revision 20902807)
Uhanalaisuusluokitus (revision 21085039)
Ranska (revision 21070595)
Allianssi (Ruotsi) (revision 20258184)
Operaatio Barbarossa (revision 21019632)
Somalia (revision 21069870)
National and University Library in Zagreb (revision 19632374)
Riimukivi G 319 (revision 20825382)

== End of Parsed pages ==

- Wikipedia parsing ended at: 2022-12-14 18:01:43.322869

77 characters appeared 2016658 times.

Most Frequent characters:
[ 0] Char a: 12.938435768484293 %
[ 1] Char i: 11.156576871239448 %
[ 2] Char t: 8.911426726792545 %
[ 3] Char n: 8.601309691578841 %
[ 4] Char s: 7.843570897990635 %
[ 5] Char e: 7.611255850025141 %
[ 6] Char l: 6.102274158533573 %
[ 7] Char o: 5.542337867898276 %
[ 8] Char u: 5.199840528240287 %
[ 9] Char k: 4.71309463478686 %
[10] Char m: 3.0828231658516216 %
[11] Char ä: 3.0396328975959235 %
[12] Char r: 2.9510705335262597 %
[13] Char v: 2.383894542356711 %
[14] Char j: 2.031182282766835 %
[15] Char p: 1.7508174415295008 %
[16] Char h: 1.5967506637218607 %
[17] Char y: 1.5530149385765957 %
[18] Char d: 1.1181370366219756 %
[19] Char g: 0.4179191513880886 %
[20] Char ö: 0.4126629304522631 %
[21] Char b: 0.36823298744754934 %
[22] Char c: 0.23935640053990315 %
[23] Char f: 0.1879842789407029 %
[24] Char w: 0.08717392835076647 %
[25] Char z: 0.05424816701691611 %
[26] Char x: 0.023305885281490465 %
[27] Char š: 0.01398353116889428 %
[28] Char q: 0.013735596219091189 %

The first 29 characters have an accumulated ratio of 0.9994604935492284.
The first 3 characters have an accumulated ratio of 0.3300643936651628.
All characters whose order is over 16 have an accumulated ratio of 0.04489754832004237.

1166 sequences found.

First 398 (typical positive ratio): 0.9950171899546914
Next 196 (594-398): 0.003983288176498734
Rest: 0.0009995218688099161

- Processing end: 2022-12-14 18:01:43.436524
