= Logs of language model for Serbian (sr) =

- Generated by BuildLangModel.py
- Started: 2022-12-17 22:32:34.945303
- Maximum depth: 4
- Max number of pages: 200

== Parsed pages ==

Ратно_ваздухопловство_и_противваздушна_одбрана_Војске_Републике_Српске (revision 24582261)
Рат у Босни и Херцеговини (revision 25415566)
Момчило Крајишник (revision 25271534)
Предсједник Републике Српске (revision 25359856)
Драган Вуковић (revision 25343578)
М53/59 Прага (revision 25379553)
2. батаљон Војне полиције (revision 23891722)
Никола Делић (revision 24741676)
Источнобосански корпус Војске Републике Српске (revision 24462780)
5. козарска лака пјешадијска бригада (revision 25381013)
Радомир Чавић (revision 24221757)
25. јануар (revision 25269630)
6. санска лака пјешадијска бригада (revision 24929928)
17. кључка лака пјешадијска бригада (revision 24355928)
Орлови Грмеча (revision 23891727)
Мићо Влаисављевић (revision 24915097)
Цвјетко Савић (revision 25199639)
Патриотска лига (БиХ) (revision 21762882)
Упала плућа (revision 24386531)
Милорад Кутлешић (revision 25169318)
92. мјешовита авијацијска бригада (revision 24461739)
Историја Републике Српске (1992—1995) (revision 25396800)
17. август (revision 25162661)
Социјалистичка партија (Република Српска) (revision 25339684)
Сима Лозанић (revision 25227668)
Орден за војне заслуге (revision 24140948)
Живомир Нинковић (revision 24589570)
2. подрињска лака пјешадијска бригада (revision 24490712)
1. которварошка лака пјешадијска бригада (revision 23884431)
Анте Марковић (revision 25363253)
15. новембар (revision 25387946)
Радивоје Милетић (revision 24232926)
Policija Republike Srpske (revision 24293827)
Стаменко Новаковић (revision 24933201)
Самоопредељење (revision 25423052)
18. децембар (revision 25259258)
2. оклопна бригада (revision 24369237)
Славко Лисица (revision 25424390)
УНКРО (revision 24399325)
25. децембар (revision 25394962)
Београд (revision 25435556)
Епархија захумско-херцеговачка и приморска (revision 25193025)
Будимир Гаврић (revision 25205770)
Први батаљон војне полиције 1.КК (revision 23998235)
1950 (revision 25396634)
Радивоје Томанић (revision 24051372)
Јован Марић (revision 24589591)
Мило Ђукановић (revision 25437661)
Џон Херт (revision 24441263)
Дринска бановина (revision 25409388)
43. приједорска моторизована бригада (revision 25347814)
Југословенска народна армија (revision 25388846)
Питер Фајт (revision 25425148)
2. сарајевска лака пјешадијска бригада (revision 24591755)
2. теслићка лака пјешадијска бригада (revision 24027353)
Драгиша Масал (revision 25302857)
Карађорђева звијезда (revision 24721051)
Перо Млађеновић (revision 25424880)
Татра (revision 25171753)
1831 (revision 24734221)
Карингтон-Кутиљеров план (revision 25391410)
Poli(metil metakrilat) (revision 20647284)
3. сарајевска пјешадијска бригада (revision 24591756)
Милутин Скочајић (revision 24619682)
Владимир Арсић (revision 24238327)
Гарда Пантери (revision 24200236)
4. август (revision 25139596)
Владо Спремо (revision 25339001)
Манојло Миловановић (revision 25368228)
Мировни планови прије и током Рата у БиХ (revision 24482990)
Вашингтонски споразум (1994) (revision 22769830)
Чедо Сладоје (revision 24464996)
24. фебруар (revision 25270517)
Сарајевско-романијски корпус Војске Републике Српске (revision 24591773)
Момир Зец (revision 25274792)
ЈНА (revision 25388846)
Momir Talić (revision 24773518)
Вељко Стојановић (revision 24591774)
Здравко Толимир (revision 24593446)
Новак Ђукић (revision 24724367)
Оклоп (revision 23883339)
Представништва Републике Српске у иностранству (revision 25423590)
Словачка (revision 25283209)
Ваздухопловни завод Космос (revision 25214359)
Спасоје Орашанин (revision 24464248)
Битка за Возућу (revision 25351440)
Операција Намјерна сила (revision 25416485)
Дејтонски мировни споразум (revision 25403210)
1. херцеговачка моторизована бригада (Требиње) (revision 25162762)
Москва (revision 25329265)
Богдан Суботић (revision 24318915)
Чехословачка (revision 25210184)
11. мркоњићка лака пешадијска бригада (revision 23887232)
13. новембар (revision 25357481)
Светозар Андрић (revision 25255141)
Мате Бобан (revision 24220533)
Блаж Краљевић (revision 24737190)
Логор Узамница (revision 24525764)
Абасиди (revision 25422122)
19. јануар (revision 25314987)
Предсједник Владе Републике Српске (revision 25340553)
Милован Станковић (политичар, 1958) (revision 25152054)
Топ (revision 25201602)
Емил Влајки (revision 24038256)
7. извиђачко-диверзантски одред (revision 24073614)
Никола Мишковић (revision 25228450)
Инцидент код Мркоњић Града (revision 25389261)
БОВ (оклопни транспортер) (revision 25252351)
Мићо Грубор (revision 24289250)
Социјалистичка Република Босна и Херцеговина (revision 24573038)
13. фебруар (revision 25259071)
Маринко Шиљеговић (revision 24589619)
Европски ратови (revision 25166321)
1991 (revision 25356221)
1999 (revision 25425404)
Станислав Галић (revision 24775466)
Самостални пјешадијски батаљон Скелани (revision 24236929)
Бијело Брдо (Дервента) (revision 23651156)
Војска Републике Српске (revision 25349210)
Радомир Лукић (revision 24268767)
1961 (revision 24417631)
Орден слободе (revision 25287659)
Ослободилачка национална армија (revision 24118083)
2. семберска лака пјешадијска бригада (revision 24461729)
Операција Спреча 95 (revision 24403645)
Драгомир Милошевић (revision 24780575)
26. фебруар (revision 25147680)
Operacija Una (revision 24725456)
Божо Новак (revision 25300274)
Херцеговачки корпус Војске Републике Српске (revision 24479790)
2. крајишки корпус Војске Републике Српске (revision 25162755)
Операција Звезда (revision 24403718)
Војно медицински центар (revision 23886998)
Бошко Келечевић (revision 23631478)
Предузетник (revision 24933587)
Бошко Гвозден (revision 25269514)
15. март (revision 25314965)
Територијална одбрана Српске Крајине (revision 24437954)
Вукови са Вучијака (revision 25371082)
4. јануар (revision 25388556)
Република Босна и Херцеговина (revision 25139818)
16. октобар (revision 25396928)
Немања Недовић (revision 25359086)
Операција Штит (revision 25375240)
Митко Стојковски (revision 25232528)
Српска академија наука и уметности (revision 25413602)
Француска револуција (revision 25223439)
Србија (revision 25433539)
7. лаки артиљеријски пук ПВО Херцеговачког корпуса (revision 23891985)
Рајко Балаћ (revision 24926978)
Битка за Купрес (1994) (revision 25241940)
Паравојска (revision 25390961)
Саво Сокановић (revision 23929682)
Брег (река) (revision 24516962)
7. купрешка моторизована бригада (revision 23891702)
Народна партија Српске (revision 25339710)
Radislav Krstić (revision 25169830)
Центар војних школа ВРС „Генерал Рајко Балаћ” (revision 25160226)
Генерал (ЈНА) (revision 24124119)
Ратно ваздухопловство и противваздушна одбрана Војске Републике Српске (revision 24582261)
15. век (revision 25356672)
Богдан Сладојевић (revision 25312818)
Карађорђе Петровић (revision 25412434)
Херцеговачки санџак (revision 23536553)
7. март (revision 25315286)
НАТО бомбардовање Републике Српске (revision 25416485)
Владо Лиздек (revision 25116123)
1998 (revision 25434166)
1. добојска лака пјешадијска бригада (revision 25258891)
Сан Марино (revision 25357929)
Карловачка митрополија (revision 25413663)

== End of Parsed pages ==

- Wikipedia parsing ended at: 2022-12-17 22:36:36.028806

64 characters appeared 1001054 times.

Most Frequent characters:
[ 0] Char а: 11.390294629460548 %
[ 1] Char и: 8.957958311939217 %
[ 2] Char о: 8.472270227180552 %
[ 3] Char е: 8.20595092772218 %
[ 4] Char р: 6.002373498332758 %
[ 5] Char н: 5.695996419773559 %
[ 6] Char с: 5.0323958547690735 %
[ 7] Char к: 4.062318316494415 %
[ 8] Char у: 4.039442427681224 %
[ 9] Char т: 3.779216705592306 %
[10] Char в: 3.5658416029504902 %
[11] Char ј: 3.2442805283231473 %
[12] Char д: 3.23958547690734 %
[13] Char п: 3.0462892111714255 %
[14] Char л: 2.7947543289373 %
[15] Char м: 2.7568942334779143 %
[16] Char б: 1.946947916895592 %
[17] Char г: 1.7272794474623747 %
[18] Char з: 1.4506709927736166 %
[19] Char ц: 0.9910554275793314 %
[20] Char ч: 0.8583952514050192 %
[21] Char ш: 0.8464078860880633 %
[22] Char х: 0.7302303372245653 %
[23] Char њ: 0.5863819534210941 %
[24] Char i: 0.5255460744375429 %
[25] Char a: 0.5215502859985576 %
[26] Char ћ: 0.4614136699918286 %
[27] Char љ: 0.4285483100811744 %
[28] Char e: 0.38309621658771653 %
[29] Char o: 0.3636167479476632 %
[30] Char ж: 0.3585221176879569 %
[31] Char ф: 0.33494696589794354 %
[32] Char n: 0.3133697083274229 %
[33] Char ђ: 0.2959880286178368 %
[34] Char r: 0.2686168778107874 %
[35] Char s: 0.25932666969014656 %
[36] Char t: 0.2007883690590118 %
[37] Char u: 0.19029942440667535 %
[38] Char j: 0.18690300423353784 %
[39] Char k: 0.1803099533092121 %
[40] Char l: 0.1803099533092121 %
[41] Char p: 0.16782311443738301 %
[42] Char m: 0.16312806302157526 %
[43] Char c: 0.1390534376766888 %
[44] Char v: 0.1382542799888917 %
[45] Char d: 0.1287642824463016 %
[46] Char b: 0.09040471343204262 %
[47] Char g: 0.06942682412736975 %
[48] Char z: 0.061834826093297664 %
[49] Char h: 0.05254461797265682 %
[50] Char џ: 0.04285483100811745 %

The first 51 characters have an accumulated ratio of 0.9993047328116168.
The first 5 characters have an accumulated ratio of 0.43028847594635256.
All characters whose order is over 31 have an accumulated ratio of 0.03130000978968167.

1174 sequences found.

First 658 (typical positive ratio): 0.9950262953064305
Next 193 (851-658): 0.0039828494616473975
Rest: 0.0009908552319221053

- Processing end: 2022-12-17 22:36:36.141687
