= Logs of language model for Danish (da) =

- Generated by BuildLangModel.py
- Started: 2022-12-14 17:51:19.203816
- Maximum depth: 4
- Max number of pages: 200

== Parsed pages ==

Forside (revision 10000691)
1542 (revision 11188745)
1933 (revision 11307635)
Novozymes (revision 11354746)
Socialdemokratiet (revision 11347440)
Stenhugger (revision 8700817)
Joseph Kittinger (revision 11352089)
9. december (revision 10927383)
Serbien (revision 11346432)
Boeing 747 (revision 11352874)
Brandts (revision 11336216)
H.A. Brendekilde (revision 11353582)
Thomas Vinterberg (revision 11234643)
Dansk Folkeparti (revision 11353484)
Brandts Klædefabrik (revision 11236311)
DR (revision 11348788)
22. november (revision 10203064)
Ronja Mannov Olesen (revision 11152936)
1936 (revision 11228066)
Mauretanien (revision 10951803)
Autoritetsdata (revision 11213971)
2. december (revision 6877732)
Robert for bedste kortfilm (revision 11335917)
1901 (revision 11156349)
2016 (revision 11247676)
Årets museum i Europa (revision 11179477)
Burundi (revision 11299715)
Fontæne (revision 8414688)
Jøde (revision 11265837)
Træskærer (revision 11068263)
1. Balkankrig (revision 10998772)
Boeing (revision 11343895)
Tiwanaku (revision 9882035)
Hydraulik (revision 11117680)
ISO 4217 (revision 11062181)
1560'erne (revision 6879801)
1547 (revision 11064387)
Rockwool International (revision 11344422)
2012 (revision 11307603)
14. december (revision 11027401)
Tjekkisk nationalbibliotek (revision 9639333)
Værktøj (revision 11168806)
Det Centrale Virksomhedsregister (revision 10893028)
Spildevand (revision 11179831)
Jyske Bank (revision 11344681)
Folketingsgruppe (revision 11218954)
Carlo Azeglio Ciampi (revision 11263151)
23. april (revision 10377526)
Robert (filmpris) (revision 11150101)
Persepolis (revision 11214098)
Mardy Fish (revision 11010900)
Flyulykken på Tenerife (revision 11315404)
14. århundrede (revision 10458876)
Folketingsvalg 1998 (revision 11229655)
Fredspolitisk Folkeparti (revision 11315698)
Angkor Wat (revision 11309772)
Christian 3. (revision 11313067)
Ambu (revision 11219384)
Vilhelm Lundstrøm (revision 11288776)
1587 (revision 11303772)
Erhvervspartiet (1918-24) (revision 7285252)
Faldskærm (revision 10593406)
1925 (revision 11269498)
Kunstindeks Danmark (revision 9867315)
Armensk kalender (revision 9393672)
Library of Congress Control Number (revision 8316539)
Kunsthal (revision 10915071)
Pyramide (revision 10817767)
Aarhus (revision 11354522)
Cannes Filmfestival (revision 10594651)
Fotografi (revision 11315556)
NASDAQ OMX (revision 9825397)
Folketingsvalg 1910 (revision 10579179)
Kali Yuga (revision 9981125)
Tertiærsektor (revision 11326422)
1921 (revision 11303917)
2019 (revision 11236823)
Airbus (revision 11343899)
Zar (revision 11185808)
Filmfestivalen i Berlin (revision 11172659)
Parthenon (revision 10855814)
15. december (revision 6877865)
Peter Ilsted (revision 10290102)
1768 (revision 10920509)
Filmproducer (revision 9510897)
Aeronaut (revision 10658273)
Maleri (revision 10591205)
Frise (revision 11056171)
Ab urbe condita (revision 11022075)
Virtual International Authority File (revision 8702589)
5. april (revision 9423320)
1888 (revision 11334476)
Islamisk kalender (revision 11119207)
Tenochtitlán (revision 8126626)
1917 (revision 11188751)
15. århundrede (revision 9930209)
Novo Holdings A/S (revision 11347542)
Olaf Rude (revision 10261097)
Agern (revision 11006174)
Millennium (revision 11283969)
Fyns Kunstmuseum (revision 11336558)
Cambodja (revision 11312835)
Luftballon (revision 11177104)
Klassicisme (revision 11202332)
Cathay Pacific (revision 10948083)
Kähler Keramik (revision 11319553)
8. december (revision 10277754)
Jan Johansen (revision 11338910)
Los Angeles (revision 11320219)
1960 (revision 11280242)
Felix Baumgartner (revision 11311728)
Niels Vørsel (revision 10134831)
Lars Løkke Rasmussen (revision 11350812)
Genetisk modificeret organisme (revision 11291604)
Tresårig cyklus (revision 11318580)
Californien (revision 11283561)
Tampa (Florida) (revision 11192576)
Novo Nordisk A/S (revision 11347432)
Enhedslisten (revision 11339612)
Liberalt Centrum (revision 9533300)
1945 (revision 11336100)
Aalborg Tårnet (revision 10423446)
Demokratiske Republik Congo (revision 11311061)
Olaf Hansen (revision 9519311)
18. februar (revision 6877450)
Folketingsvalg 1950 (revision 11057309)
Gemeinsame Normdatei (revision 11281765)
Genmab (revision 11347556)
Lungekræft (revision 11050800)
Passagerfly (revision 9430888)
Weilbachs Kunstnerleksikon (revision 11254095)
Nobelprisen i fysiologi eller medicin (revision 11263700)
2010 (revision 11200088)
New York City (revision 11321497)
Peter Kropotkin (revision 11117737)
Sten (revision 11251764)
Jetfly (revision 11035140)
1537 (revision 11226704)
International Standard Name Identifier (revision 10880739)
Borobudur (revision 10236366)
Internationalt Standardbognummer (revision 11037702)
13. juli (revision 9999472)
Mogens Rukov (revision 10978255)
2000 (revision 11224916)
Frankrig (revision 11348467)
Kongeriget Serbien (revision 11346432)
Juli (revision 11210560)
Fritid (revision 10416768)
Gregorianske kalender (revision 11316358)
Den preussisk-østrigske krig (revision 11232782)
Middelalderen (revision 11303549)
Hardeknud (revision 10634401)
Dassault (revision 9635820)
Lars Lunøe (revision 9614843)
Siem Reap (revision 11292393)
La Francophonie (revision 11152531)
1860'erne (revision 8151963)
Nationale parlamentsbibliotek (revision 10001351)
Aktieselskab (revision 11170853)
Québec (revision 11341120)
Ungarsk (sprog) (revision 10541631)
Ballonskipper (revision 11023019)
Cigaret (revision 11200433)
1910'erne (revision 11187787)
Spaniens nationalbibliotek (revision 10986693)
Rømø (revision 11324180)
Radikale Venstre (revision 11350803)
Machu Picchu (revision 10066989)
Sven Ove Gade (revision 10357249)
1941 (revision 11340092)
Rumfartøj (revision 10730968)
Danskefilm.dk (revision 8887499)
Italiensk Østafrika (revision 11318135)
Kommuner i Burundi (revision 6658414)
Javnaðarflokkurin (revision 11340399)
1927 (revision 11276646)
Israel (revision 11338000)
Henri Dunant (revision 11035680)
1924 (revision 11303038)
GN Store Nord (revision 11343188)
1979 (revision 11307615)
Wiktionary (revision 8998237)
Danmark (revision 11313400)
Den Store Danske Encyklopædi (revision 11301417)
Filmdatabasen (revision 10594647)
Raps (revision 11323354)
Historisches Lexikon der Schweiz (revision 9045932)

== End of Parsed pages ==

- Wikipedia parsing ended at: 2022-12-14 17:54:15.597990

58 characters appeared 1099639 times.

Most Frequent characters:
[ 0] Char e: 14.849327824858886 %
[ 1] Char r: 8.88082361575026 %
[ 2] Char n: 7.6897054396943 %
[ 3] Char t: 6.684466447625084 %
[ 4] Char a: 6.646726789428167 %
[ 5] Char i: 6.420288840246663 %
[ 6] Char s: 6.276696261227549 %
[ 7] Char d: 5.90411944283533 %
[ 8] Char l: 5.0308328460522045 %
[ 9] Char o: 4.926707765002878 %
[10] Char g: 3.798155576511928 %
[11] Char k: 3.3646496713921565 %
[12] Char m: 3.2427914979370502 %
[13] Char f: 2.589122430179359 %
[14] Char v: 2.0825016209865237 %
[15] Char u: 1.9628259819813594 %
[16] Char b: 1.8617018858007035 %
[17] Char p: 1.5523276275213957 %
[18] Char h: 1.4792127234483317 %
[19] Char ø: 0.9092984152071725 %
[20] Char y: 0.7653420804464011 %
[21] Char å: 0.6933184435983082 %
[22] Char c: 0.6798594811569979 %
[23] Char æ: 0.6712202822926433 %
[24] Char j: 0.6610351215262463 %
[25] Char w: 0.14322882327745742 %
[26] Char z: 0.08675574438520278 %
[27] Char x: 0.0398312537114453 %
[28] Char é: 0.03810341393857439 %
[29] Char q: 0.017460275599537667 %

The first 30 characters have an accumulated ratio of 0.999484376236201.
The first 4 characters have an accumulated ratio of 0.38104323327928524.
All characters whose order is over 20 have an accumulated ratio of 0.030308128394864135.

1014 sequences found.

First 503 (typical positive ratio): 0.9950476836368553
Next 175 (678-503): 0.003954982568821541
Rest: 0.0009973337943232075

- Processing end: 2022-12-14 17:54:15.676393
