= Logs of language model for Latvian (lv) =

- Generated by BuildLangModel.py
- Started: 2016-09-20 23:16:39.184579
- Maximum depth: 5
- Max number of pages: 100

== Parsed pages ==

Zigfrīds Anna Meierovics (revision 2546984)
1. Saeima (revision 2511127)
1. Saeimas deputāti (revision 2303859)
1. Saeimas frakcijas (revision 2429725)
1. Saeimas vēlēšanas (revision 2464758)
1887. gads (revision 2583253)
1919. gada Parīzes miera konference (revision 2482078)
1920 (revision 2401222)
1921 (revision 2473337)
1922 (revision 2486819)
1923 (revision 2544643)
1924 (revision 2539361)
1925 (revision 2486795)
22. augusts (revision 2583254)
31. jūlijs (revision 2559648)
5. februāris (revision 2581966)
ASV (revision 2549746)
Agrārā reforma Latvijā (revision 2473423)
Agudas Izrael (Latvija) (revision 2311143)
Aigars Kalvītis (revision 2545858)
Alberts Kviesis (revision 2546934)
Aleksandrs Bočagovs (revision 2329526)
Aleksandrs Dauge (revision 2546805)
Aleksandrs Jaunbērzs (revision 2462254)
Aleksandrs Kerenskis (revision 2461214)
Aleksandrs Millerāns (revision 2309419)
Aleksandrs Neibergs (revision 2491897)
Alfrēds Birznieks (revision 2567317)
Alfrēds Jēkabs Bērziņš (revision 2564068)
Alfrēds Riekstiņš (politiķis) (revision 2586148)
Andrejs Bērziņš (revision 2564283)
Andrejs Kurcijs (revision 2564338)
Andrejs Petrevics (revision 2460269)
Andrejs Sīmanis (revision 2547079)
Andrejs Veckalns (revision 2564224)
Andrievs Niedra (revision 2546988)
Andris Bērziņš (politiķis, 1951) (revision 2218488)
Andris Šķēle (revision 2457423)
Angļu valoda (revision 2447598)
Ansis Buševics (revision 2578312)
Ansis Rudevics (revision 2414854)
Antante (revision 2581862)
Antons Dzenis (revision 2564295)
Antons Laizāns (revision 2467408)
Antons Rubins (1885) (revision 2465396)
Antons Velkme (revision 2564425)
Ants Pīps (revision 2564383)
Apollo (portāls) (revision 2371202)
Apolonija Laurinoviča (revision 2466232)
Aprīļa pučs (revision 2150686)
Apvienotā Karaliste (revision 2566258)
Aristīds Briāns (revision 2536819)
Arons Nuroks (revision 2337085)
Arturs Alberings (revision 2442531)
Arturs Ozols (inženieris) (revision 2491399)
Artūrs Balfūrs (revision 2309461)
Artūrs Vīgants (revision 2461471)
Artūrs Žers (revision 2564230)
Arveds Bergs (revision 2564118)
Arveds Švābe (revision 2586288)
Arvīds Kalniņš (revision 2545254)
Aspazija (revision 2574081)
Augusts Briedis (revision 2546879)
Augusts Kalniņš (revision 2436647)
Augusts Kirhenšteins (revision 2547109)
Austroungārija (revision 2524307)
Autoritatīvā vadība (revision 2385793)
Balfūra nota (revision 2538973)
Baltijas Antante (revision 2541901)
Baltijas pārkrievošana (revision 2570657)
Bermontiāde (revision 2499160)
Bernards Kublinskis (revision 2441386)
Bezpartijiskais nacionālais centrs (revision 2438819)
Beļģija (revision 2579008)
Brestļitovskas miera līgums (revision 2569020)
Brizules muiža (revision 2584564)
Bruno Kalniņš (revision 2566572)
Brīvības piemineklis (revision 2578595)
Bulduru konference (revision 2193449)
Ceire-Cion (revision 2311779)
Celmiņa 1. Ministru kabinets (revision 2112830)
Delfi (portāls) (revision 2544918)
Demokrātiskais Centrs (revision 2113060)
Demokrātu savienība (revision 2179593)
Diena (laikraksts) (revision 2548854)
Donats Bicāns (revision 2479349)
Dubulti (Jūrmala) (revision 2456811)
Durbe (revision 2381790)
Dāvids Komisārs (revision 2574685)
Džovanni Džoliti (revision 2538055)
Ebreju bloks (revision 2311643)
Ebreju nacionāldemokrātu partija (revision 2312288)
Eduards Grantskalns (revision 2565167)
Eduards Jaunzems (revision 2452579)
Eduards Laimiņš (revision 2449521)
Eduards Radziņš (revision 2564393)

== End of Parsed pages ==

- Wikipedia parsing ended at: 2016-09-20 23:23:02.592168

48 characters appeared 354730 times.

First 39 characters:
[ 0] Char a: 11.905674738533532 %
[ 1] Char i: 9.398133791898063 %
[ 2] Char s: 8.224565162236066 %
[ 3] Char e: 6.367378005807234 %
[ 4] Char r: 5.854311730048205 %
[ 5] Char t: 5.831477461731457 %
[ 6] Char u: 4.939813379189807 %
[ 7] Char n: 4.463958503650664 %
[ 8] Char ā: 3.950046514250275 %
[ 9] Char l: 3.8031742452005752 %
[10] Char o: 3.6298029487215633 %
[11] Char k: 3.5249344571927943 %
[12] Char m: 3.2740394102556873 %
[13] Char d: 3.17790995968765 %
[14] Char v: 3.0048205677557576 %
[15] Char p: 2.8272207030699406 %
[16] Char j: 2.8167902348264877 %
[17] Char b: 2.0280213119837622 %
[18] Char ī: 1.885659515687988 %
[19] Char g: 1.6147492459053363 %
[20] Char z: 1.5344064499760381 %
[21] Char ē: 1.4594198404420264 %
[22] Char c: 1.2231838299551772 %
[23] Char š: 0.8877174188819666 %
[24] Char ņ: 0.4659882163899304 %
[25] Char f: 0.42031967975643447 %
[26] Char ļ: 0.34702449750514475 %
[27] Char ū: 0.3016378654187692 %
[28] Char h: 0.20071603754968567 %
[29] Char ž: 0.1877484283821498 %
[30] Char ķ: 0.1420798917486539 %
[31] Char ģ: 0.12685704620415528 %
[32] Char č: 0.08287993685338144 %
[33] Char w: 0.03241902291883968 %
[34] Char y: 0.02734474107067347 %
[35] Char x: 0.015786654638739323 %
[36] Char ö: 0.005074281848166211 %
[37] Char é: 0.003946663659684831 %
[38] Char q: 0.0031009500183237955 %

The first 39 characters have an accumulated ratio of 0.9999013334085078.

956 sequences found.

First 512 (typical positive ratio): 0.9904728616367904
Next 512 (512-1024): 0.001877484283821498
Rest: -4.683753385137379e-17

- Processing end: 2016-09-20 23:23:02.695068
