= Logs of language model for Korean (ko) =

- Generated by BuildLangModel.py
- Started: 2022-12-14 17:24:10.786242
- Maximum depth: 4
- Max number of pages: 200

== Parsed pages ==

칼리스토_(위성) (revision 33615840)
부피 (revision 32168599)
반지름순 태양계 천체 목록 (revision 32916452)
지구 대기권 (revision 33315613)
암권 (revision 33357381)
레다 (위성) (revision 31904343)
자외선 (revision 32594684)
메가클리테 (revision 31905283)
달 (revision 33773397)
해침 (revision 33034604)
해저확장설 (revision 32560079)
12월 20일 (revision 32674366)
융기 (revision 33491364)
하우메아의 위성 (revision 31642105)
시노페 (위성) (revision 32057016)
리터 (revision 31917527)
보이저 계획 (revision 33595553)
다모클레스군 (revision 31496390)
칼리스토 (위성) (revision 33615840)
중력 (revision 33560405)
외핵 (revision 31662483)
유피테르 (revision 33579442)
일산화질소 (revision 33754317)
라이먼 계열 (revision 33331667)
난류 (역학) (revision 31964207)
염화은 (revision 31925302)
순록 (revision 32950046)
반구 (revision 32165510)
산소 (revision 32710308)
엔셀라두스 (revision 33377968)
대류권계면 (revision 33274815)
에우포리에 (위성) (revision 31684040)
직육면체 (revision 32156582)
갤런 (revision 31560310)
중간권 (revision 31686988)
미마스 (위성) (revision 32916462)
적위 (revision 33067713)
독일 (revision 33691863)
아르테미스 (revision 33626000)
회전 타원체 (revision 33056951)
2002 MS4 (revision 31905472)
목성 LI (revision 31954758)
다음 (revision 33667305)
레만 불연속면 (revision 33742600)
극자외선 (revision 32046680)
검버섯 (revision 32888305)
연약권 (revision 32503902)
불규칙 위성 (revision 32039660)
맨틀 대류설 (revision 33491985)
원환체 (revision 32871299)
액체 (revision 33525578)
제우스 (revision 33739525)
10월 12일 (revision 33549994)
명왕성 (revision 33600662)
킬로미터 (revision 33091515)
아드라스테아 (위성) (revision 32916466)
지름 (revision 31680490)
오르트 구름 (revision 32837079)
구 (기하학) (revision 33067121)
일광화상 (revision 32070832)
지구 (revision 33773393)
2 팔라스 (revision 32457320)
보이저 2호 (revision 33693751)
지각 변동 (revision 33012720)
파시티 (revision 31528130)
구조선 (지질학) (revision 33777940)
목성 (revision 33548707)
세레스 (왜행성) (revision 33091631)
토성 (revision 33752942)
헬륨 (revision 33375151)
오존 (revision 31837936)
스마트폰 (revision 33787364)
소행성체 목록 (revision 33069588)
비타민 D (revision 33175819)
원기둥 (revision 31829483)
배럴 (revision 31831768)
카르포 (위성) (revision 31902259)
태양 (revision 33773396)
판 구조론 (revision 32759041)
초대륙 (revision 33160735)
SI 단위 (revision 33342933)
연조직염 (revision 32692657)
소행성대 (revision 33566259)
끓는점 (revision 31953974)
물음표 (revision 33489921)
천문학 (revision 33773377)
부가체 (revision 31597362)
반감기 (revision 32493640)
기하학 (revision 33534210)
행성 (revision 32920036)
CAS 등록번호 (revision 31941117)
아글라에아 (revision 31488425)
갤럭시 S7 (revision 32866373)
중간권 (맨틀) (revision 31916719)
검독수리 (revision 33376798)
원통셸 방법 (revision 33591050)
확산 (revision 33773728)
뤼드베리 상수 (revision 33344149)
메노이티오스 (revision 31432123)
열곡 (revision 31514444)
경제상호원조회의 (revision 33541819)
무선주파수 (revision 31597211)
천문 단위 (revision 32546139)
산소 중독 (revision 32046175)
시어도어 라이먼 (revision 31746101)
암석권 (revision 33357381)
카리테스 (revision 32276518)
대구 (어류) (revision 32173825)
겉넓이 (revision 33071538)
1974년 FIFA 월드컵 (revision 33673818)
상한 (revision 31906432)
영국 연방 (revision 33561227)
카시니-하위헌스 (revision 32255896)
천구 (revision 32583693)
멜포메네 (revision 31463039)
공전 (revision 33695308)
이아페투스 (위성) (revision 33591460)
비브코드 (revision 31833107)
침강 (revision 32572552)
소한 (revision 32385637)
트랙백 (revision 32041242)
6월 18일 (revision 33586591)
3 유노 (revision 32101944)
할로젠 원소 (revision 33652438)
궤도 공명 (revision 32018858)
소행성 위성 (revision 32861529)
국제 표준 도서 번호 (revision 32026251)
다름슈타튬 (revision 32226215)
국제 표준 일련 번호 (revision 32034676)
길이 (revision 33490317)
토성의 위성 (revision 33692928)
판도라 (위성) (revision 33623652)
경칩 (revision 32324464)
각지름 (revision 33034375)
에드워드 찰스 피커링 (revision 31742048)
해양 지각 (revision 33295589)
진료과 (revision 32814784)
1998년 (revision 33765643)
사전 (revision 33773642)
왜행성 (revision 32118633)
대혜성 (revision 31460596)
음펨바 효과 (revision 33379197)
성층권 (revision 31544595)
테크네튬 (revision 31970622)
숫자패드 (revision 33740748)
뤼드베리 공식 (revision 33082121)
질량순 태양계 천체 목록 (revision 33126420)
마이크로소프트 윈도우 (revision 33725131)
태양계 (revision 33751968)
사르페돈 2세 (revision 33486645)
에이커 (revision 33013987)
날씨 (revision 33400972)
내부 에너지 (revision 33647626)
아소포스 (revision 33686707)
육지 (revision 33362416)
파인트 (revision 31510407)
카카오 (기업) (revision 33785336)
코르딜레프스키 구름 (revision 32044761)
원거리 소행성체 (revision 31453490)
(202421) 2005 UQ513 (revision 31905372)
오사카시 (revision 33786700)
사투르누스 (revision 31918004)
남아프리카 공화국 (revision 33773387)
파시파에 (위성) (revision 32092430)

== End of Parsed pages ==

- Wikipedia parsing ended at: 2022-12-14 17:27:04.450901

1261 characters appeared 374868 times.

Most Frequent characters:
[ 0] Char 이: 3.7802639862564957 %
[ 1] Char 다: 3.0295997524461944 %
[ 2] Char 의: 2.7737763692819875 %
[ 3] Char 는: 2.4787391828590333 %
[ 4] Char 에: 2.3573631251533875 %
[ 5] Char 로: 1.798232978008259 %
[ 6] Char 하: 1.5922938207582404 %
[ 7] Char 지: 1.559749031659144 %
[ 8] Char 성: 1.4546453685030465 %
[ 9] Char 은: 1.4471760726442375 %
[10] Char 가: 1.4266355090325127 %
[11] Char 을: 1.2873864933790027 %
[12] Char 한: 1.2713808593958407 %
[13] Char 기: 1.2145608587556154 %
[14] Char 서: 1.1649433934078128 %
[15] Char 고: 1.074511561402947 %
[16] Char 도: 1.0558383217559248 %
[17] Char 으: 1.0128898705677731 %
[18] Char 리: 0.940864517643544 %
[19] Char 대: 0.9024509960839548 %
[20] Char 어: 0.8744411366134212 %
[21] Char 있: 0.872840573215105 %
[22] Char 스: 0.8400290235496228 %
[23] Char 를: 0.810952121813545 %
[24] Char 사: 0.7365259237918415 %
[25] Char 수: 0.734125078694367 %
[26] Char 일: 0.725588740570014 %
[27] Char 인: 0.6959783177011641 %
[28] Char 들: 0.6783721203196859 %
[29] Char 과: 0.671969866726421 %
[30] Char 아: 0.6511625425483104 %
[31] Char 구: 0.6436932466895013 %
[32] Char 나: 0.6314222606357438 %
[33] Char 해: 0.6242197253433208 %
[34] Char 시: 0.6186177534492141 %
[35] Char 자: 0.6164836689181259 %
[36] Char 라: 0.609547894192089 %
[37] Char 부: 0.6002112743685778 %
[38] Char 년: 0.5927419785097688 %
[39] Char 되: 0.5892740911467503 %
[40] Char 정: 0.5719346543316581 %
[41] Char 전: 0.5655324007383933 %
[42] Char 위: 0.5569960626140401 %
[43] Char 적: 0.5132473297267305 %
[44] Char 주: 0.49670817461079636 %
[45] Char 상: 0.4887053576192153 %
[46] Char 소: 0.47296648420243925 %
[47] Char 면: 0.44975831492685425 %
[48] Char 양: 0.43882113170502685 %
[49] Char 그: 0.4366870471739386 %
[50] Char 우: 0.4364202866075525 %
[51] Char 계: 0.43081831471344584 %
[52] Char 체: 0.4182805680933022 %
[53] Char 보: 0.4057428214731586 %
[54] Char 국: 0.3958726805168753 %
[55] Char 행: 0.3942721171185591 %
[56] Char 태: 0.39107099032192666 %
[57] Char 여: 0.38386845502950373 %
[58] Char 와: 0.3822678916311875 %
[59] Char 화: 0.3790667648345551 %
[60] Char 만: 0.37453183520599254 %
[61] Char 분: 0.37266451124129024 %
[62] Char 원: 0.3699969055774299 %
[63] Char 었: 0.3694633844446578 %
[64] Char 된: 0.36599549708163936 %
[65] Char 중: 0.3654619759488673 %
[66] Char 것: 0.3643949336833232 %
[67] Char 제: 0.3545247927270399 %
[68] Char 공: 0.3478557785673891 %
[69] Char 문: 0.3462552151690728 %
[70] Char 게: 0.34278732780605436 %
[71] Char 며: 0.33931944044303597 %
[72] Char 유: 0.33931944044303597 %
[73] Char 동: 0.3326504262833851 %
[74] Char 장: 0.3179785951321532 %
[75] Char 발: 0.3147774683355208 %
[76] Char 선: 0.31024253870695817 %
[77] Char 트: 0.3049073273792375 %
[78] Char 물: 0.3038402851136933 %
[79] Char 월: 0.3025064822817632 %
[80] Char 천: 0.3003723977506749 %
[81] Char 오: 0.3001056371842889 %
[82] Char 거: 0.2926363413254799 %
[83] Char 학: 0.29236958075909386 %
[84] Char 마: 0.2915692990599357 %
[85] Char 진: 0.2913025384935497 %
[86] Char 용: 0.2905022567943916 %
[87] Char 르: 0.28276620036919664 %
[88] Char 비: 0.2808988764044944 %
[89] Char 미: 0.28036535527172235 %
[90] Char 단: 0.277964510174248 %
[91] Char 질: 0.27049521431543905 %
[92] Char 형: 0.26756084808519265 %
[93] Char 산: 0.25929127052722556 %
[94] Char 반: 0.25822422826168145 %
[95] Char 토: 0.2539560591995049 %
[96] Char 때: 0.25208873523480263 %
[97] Char 카: 0.25128845353564455 %
[98] Char 경: 0.2486208478717842 %
[99] Char 명: 0.24675352390708194 %
[100] Char 모: 0.24541972107515178 %
[101] Char 데: 0.24115155201297522 %
[102] Char 영: 0.2408847914465892 %
[103] Char 음: 0.24061803088020317 %
[104] Char 터: 0.2360831012516406 %
[105] Char 세: 0.23554958011886853 %
[106] Char 간: 0.2339490167205523 %
[107] Char 각: 0.23314873502139422 %
[108] Char 크: 0.23288197445500816 %
[109] Char 러: 0.23021436879114782 %
[110] Char 생: 0.22781352369367353 %
[111] Char 연: 0.22621296029535728 %
[112] Char 운: 0.22487915746342713 %
[113] Char 관: 0.2246123968970411 %
[114] Char 방: 0.22434563633065507 %
[115] Char 표: 0.22407887576426905 %
[116] Char 조: 0.21927718556932038 %
[117] Char 였: 0.21394197424159972 %
[118] Char 개: 0.2091402840466511 %
[119] Char 재: 0.20407183328531642 %
[120] Char 니: 0.200870706488684 %
[121] Char 내: 0.200870706488684 %
[122] Char 했: 0.19980366422313986 %
[123] Char 할: 0.19900338252398178 %
[124] Char 파: 0.19873662195759573 %
[125] Char 드: 0.1984698613912097 %
[126] Char 름: 0.19740281912566554 %
[127] Char 역: 0.1966025374265075 %
[128] Char 신: 0.1936681711962611 %
[129] Char 타: 0.19286788949710298 %
[130] Char 바: 0.19046704439962867 %
[131] Char 목: 0.18806619930215435 %
[132] Char 프: 0.18593211477106608 %
[133] Char 작: 0.1845983119391359 %
[134] Char 치: 0.18379803023997782 %
[135] Char 식: 0.17952986117780123 %
[136] Char 독: 0.17899634004502918 %
[137] Char 두: 0.17872957947864315 %
[138] Char 등: 0.17552845268201073 %
[139] Char 력: 0.1744614104164666 %
[140] Char 점: 0.17419464985008057 %
[141] Char 레: 0.17339436815092246 %
[142] Char 통: 0.17339436815092246 %
[143] Char 약: 0.16725887512404367 %
[144] Char 외: 0.1659250722921135 %
[145] Char 속: 0.16565831172572745 %
[146] Char 안: 0.16485803002656935 %
[147] Char 같: 0.16352422719463916 %
[148] Char 포: 0.16325746662825313 %
[149] Char 현: 0.16325746662825313 %
[150] Char 측: 0.16272394549548108 %
[151] Char 층: 0.16245718492909506 %
[152] Char 른: 0.15925605813246263 %
[153] Char 달: 0.15845577643330452 %
[154] Char 호: 0.15792225530053247 %
[155] Char 량: 0.15765549473414642 %
[156] Char 차: 0.1573887341677604 %
[157] Char 권: 0.15258704397281175 %
[158] Char 따: 0.14885239604340728 %
[159] Char 또: 0.14751859321147712 %
[160] Char 무: 0.14725183264509106 %
[161] Char 까: 0.14645155094593298 %
[162] Char 민: 0.14485098754761677 %
[163] Char 않: 0.1443174664148447 %
[164] Char 루: 0.13791521282157987 %
[165] Char 변: 0.1360478888568776 %
[166] Char 온: 0.13444732545856142 %
[167] Char 후: 0.13418056489217536 %
[168] Char 히: 0.1336470437594033 %
[169] Char 궤: 0.13338028319301728 %
[170] Char 존: 0.13097943809554297 %
[171] Char 피: 0.13071267752915694 %
[172] Char 견: 0.12831183243168262 %
[173] Char 회: 0.12831183243168262 %
[174] Char 돌: 0.12644450846698038 %
[175] Char 심: 0.12537746620143625 %
[176] Char 출: 0.12457718450227813 %
[177] Char 함: 0.12404366336950608 %
[178] Char 합: 0.12217633940480382 %
[179] Char 테: 0.12110929713925968 %
[180] Char 류: 0.12110929713925968 %
[181] Char 열: 0.12084253657287365 %
[182] Char 직: 0.11897521260817141 %
[183] Char 왕: 0.11790817034262728 %
[184] Char 불: 0.1173746492098552 %
[185] Char 당: 0.11710788864346916 %
[186] Char 충: 0.11524056467876692 %
[187] Char 결: 0.11364000128045071 %
[188] Char 더: 0.11364000128045071 %
[189] Char 요: 0.11337324071406468 %
[190] Char 알: 0.11150591674936244 %
[191] Char 번: 0.1112391561829764 %
[192] Char 설: 0.1112391561829764 %
[193] Char 초: 0.10857155051911607 %
[194] Char 실: 0.10750450825357193 %
[195] Char 별: 0.10670422655441382 %
[196] Char 법: 0.10617070542164174 %
[197] Char 종: 0.10483690258971158 %
[198] Char 래: 0.10376986032416743 %
[199] Char 근: 0.10350309975778141 %
[200] Char 추: 0.10163577579307916 %
[201] Char 암: 0.10136901522669313 %
[202] Char 남: 0.10030197296114898 %
[203] Char 판: 0.10003521239476297 %
[204] Char 려: 0.09950169126199089 %
[205] Char 교: 0.09950169126199089 %
[206] Char 석: 0.09923493069560485 %
[207] Char 향: 0.09843464899644676 %
[208] Char 저: 0.09763436729728865 %
[209] Char 많: 0.09710084616451657 %
[210] Char 평: 0.09683408559813055 %
[211] Char 처: 0.09603380389897244 %
[212] Char 메: 0.09550028276620036 %
[213] Char 확: 0.09523352219981433 %
[214] Char 광: 0.0949667616334283 %
[215] Char 최: 0.0949667616334283 %
[216] Char 입: 0.0941664799342702 %
[217] Char 져: 0.09256591653595399 %
[218] Char 론: 0.09256591653595399 %
[219] Char 매: 0.09229915596956795 %
[220] Char 키: 0.09096535313763779 %
[221] Char 배: 0.09069859257125175 %
[222] Char 예: 0.08963155030570762 %
[223] Char 항: 0.08909802917293554 %
[224] Char 탐: 0.08883126860654951 %
[225] Char 야: 0.0880309869073914 %
[226] Char 말: 0.08616366294268916 %
[227] Char 노: 0.08589690237630312 %
[228] Char 네: 0.08563014180991708 %
[229] Char 본: 0.08536338124353106 %
[230] Char 금: 0.08482986011075899 %
[231] Char 없: 0.08456309954437295 %
[232] Char 준: 0.08402957841160089 %
[233] Char 특: 0.08296253614605675 %
[234] Char 족: 0.08242901501328467 %
[235] Char 베: 0.08162873331412657 %
[236] Char 디: 0.0794946487830383 %
[237] Char 탄: 0.07896112765026624 %
[238] Char 칼: 0.07816084595110813 %
[239] Char 쪽: 0.07816084595110813 %
[240] Char 길: 0.07682704311917794 %
[241] Char 너: 0.07656028255279192 %
[242] Char 색: 0.07576000085363382 %
[243] Char 임: 0.07522647972086174 %
[244] Char 활: 0.07389267688893157 %
[245] Char 강: 0.0733591557561595 %
[246] Char 밀: 0.07309239518977347 %
[247] Char 능: 0.07202535292422932 %
[248] Char 플: 0.07202535292422932 %
[249] Char 증: 0.07149183179145727 %
[250] Char 축: 0.07042478952591312 %
[251] Char 난: 0.06962450782675501 %
[252] Char 큰: 0.06935774726036899 %
[253] Char 록: 0.06935774726036899 %
[254] Char 액: 0.06855746556121088 %
[255] Char 티: 0.0680239444284388 %
[256] Char 던: 0.06695690216289467 %
[257] Char 백: 0.06669014159650864 %
[258] Char 란: 0.06588985989735054 %
[259] Char 얼: 0.06508957819819243 %
[260] Char 받: 0.06508957819819243 %
[261] Char 페: 0.06375577536626226 %
[262] Char 핵: 0.06295549366710415 %
[263] Char 극: 0.06268873310071812 %
[264] Char 규: 0.062421972534332085 %
[265] Char 감: 0.062421972534332085 %
[266] Char 접: 0.061354930268787945 %
[267] Char 버: 0.061354930268787945 %
[268] Char 업: 0.061354930268787945 %
[269] Char 졌: 0.060287888003243806 %
[270] Char 밝: 0.06002112743685778 %
[271] Char 날: 0.06002112743685778 %
[272] Char 혜: 0.06002112743685778 %
[273] Char 았: 0.059487606304085706 %
[274] Char 갈: 0.05762028233938346 %
[275] Char 든: 0.056286479507453295 %
[276] Char 코: 0.05575295837468122 %
[277] Char 윈: 0.05548619780829519 %
[278] Char 압: 0.054952676675523116 %
[279] Char 검: 0.05441915554275105 %
[280] Char 건: 0.053885634409978976 %
[281] Char 럼: 0.05281859214443484 %
[282] Char 및: 0.05228507101166278 %
[283] Char 움: 0.05228507101166278 %
[284] Char 높: 0.052018310445276744 %
[285] Char 새: 0.052018310445276744 %
[286] Char 복: 0.052018310445276744 %
[287] Char 투: 0.051751549878890704 %
[288] Char 편: 0.050684507613346565 %
[289] Char 료: 0.05041774704696053 %
[290] Char 환: 0.05015098648057449 %
[291] Char 겨: 0.04988422591418846 %
[292] Char 집: 0.04988422591418846 %
[293] Char 린: 0.04748338081671415 %
[294] Char 순: 0.04748338081671415 %
[295] Char 급: 0.046149577984783974 %
[296] Char 응: 0.04588281741839794 %
[297] Char 망: 0.04588281741839794 %
[298] Char 즉: 0.04561605685201191 %
[299] Char 곳: 0.04561605685201191 %
[300] Char 군: 0.04561605685201191 %
[301] Char 째: 0.045349296285625874 %
[302] Char 륙: 0.045349296285625874 %
[303] Char 령: 0.04508253571923984 %
[304] Char 빛: 0.04454901458646777 %
[305] Char 승: 0.04454901458646777 %
[306] Char 북: 0.04454901458646777 %
[307] Char 절: 0.0440154934536957 %
[308] Char 균: 0.04374873288730966 %
[309] Char 퍼: 0.043481972320923636 %
[310] Char 격: 0.042414930055379496 %
[311] Char 언: 0.042148169488993456 %
[312] Char 케: 0.04134788778983536 %
[313] Char 될: 0.04054760609067725 %
[314] Char 풍: 0.04028084552429122 %
[315] Char 먼: 0.04028084552429122 %
[316] Char 몇: 0.04028084552429122 %
[317] Char 막: 0.04001408495790518 %
[318] Char 폰: 0.04001408495790518 %
[319] Char 머: 0.03948056382513312 %
[320] Char 억: 0.03921380325874708 %
[321] Char 랑: 0.038947042692361045 %
[322] Char 련: 0.038947042692361045 %
[323] Char 브: 0.038947042692361045 %
[324] Char 율: 0.03841352155958897 %
[325] Char 못: 0.03788000042681691 %
[326] Char 커: 0.03761323986043087 %
[327] Char 틀: 0.03761323986043087 %
[328] Char 헬: 0.03654619759488673 %
[329] Char 황: 0.0362794370285007 %
[330] Char 낮: 0.03574591589572863 %
[331] Char 께: 0.03574591589572863 %
[332] Char 붙: 0.03574591589572863 %
[333] Char 긴: 0.03521239476295656 %
[334] Char 립: 0.03521239476295656 %
[335] Char 침: 0.03521239476295656 %
[336] Char 릴: 0.03494563419657053 %
[337] Char 괴: 0.034678873630184494 %
[338] Char 슷: 0.034412113063798454 %
[339] Char 허: 0.034412113063798454 %
[340] Char 험: 0.034412113063798454 %
[341] Char 완: 0.03414535249741242 %
[342] Char 럽: 0.03414535249741242 %
[343] Char 칙: 0.033611831364640354 %
[344] Char 워: 0.033611831364640354 %
[345] Char 철: 0.03334507079825432 %
[346] Char 술: 0.03334507079825432 %
[347] Char 블: 0.03334507079825432 %
[348] Char 즈: 0.03334507079825432 %
[349] Char 획: 0.03307831023186828 %
[350] Char 울: 0.03281154966548225 %
[351] Char 곡: 0.032544789099096215 %
[352] Char 올: 0.03227802853271018 %
[353] Char 륨: 0.03227802853271018 %
[354] Char 쳐: 0.03201126796632415 %
[355] Char 볼: 0.03201126796632415 %
[356] Char 므: 0.031744507399938116 %
[357] Char 센: 0.031210986267166042 %
[358] Char 쓰: 0.031210986267166042 %
[359] Char 폭: 0.03094422570078001 %
[360] Char 왔: 0.030677465134393973 %
[361] Char 람: 0.030677465134393973 %
[362] Char 칭: 0.030677465134393973 %
[363] Char 느: 0.030410704568007936 %
[364] Char 살: 0.030410704568007936 %
[365] Char 염: 0.029610422868849837 %
[366] Char 늘: 0.029610422868849837 %
[367] Char 값: 0.0293436623024638 %
[368] Char 맨: 0.0293436623024638 %
[369] Char 징: 0.02881014116969173 %
[370] Char 찰: 0.02881014116969173 %
[371] Char 팔: 0.02881014116969173 %
[372] Char 혀: 0.028543380603305694 %
[373] Char 참: 0.028543380603305694 %
[374] Char 누: 0.02827662003691966 %
[375] Char 총: 0.02800985947053363 %
[376] Char 엔: 0.027743098904147594 %
[377] Char 범: 0.027476338337761558 %
[378] Char 탈: 0.027476338337761558 %
[379] Char 떨: 0.027209577771375525 %
[380] Char 눈: 0.026676056638603455 %
[381] Char 쟁: 0.02640929607221742 %
[382] Char 깥: 0.02614253550583139 %
[383] Char 잡: 0.02614253550583139 %
[384] Char 삼: 0.02614253550583139 %
[385] Char 림: 0.025875774939445352 %
[386] Char 흑: 0.025875774939445352 %
[387] Char 효: 0.02560901437305932 %
[388] Char 뜻: 0.02560901437305932 %
[389] Char 필: 0.02560901437305932 %
[390] Char 취: 0.02560901437305932 %
[391] Char 헌: 0.025342253806673282 %
[392] Char 걸: 0.025342253806673282 %
[393] Char 왜: 0.025342253806673282 %
[394] Char 뒤: 0.025342253806673282 %
[395] Char 률: 0.025075493240287246 %
[396] Char 링: 0.025075493240287246 %
[397] Char 클: 0.025075493240287246 %
[398] Char 킬: 0.025075493240287246 %
[399] Char 채: 0.025075493240287246 %
[400] Char 깊: 0.024808732673901213 %
[401] Char 습: 0.024808732673901213 %
[402] Char 써: 0.024808732673901213 %
[403] Char 줄: 0.024541972107515176 %
[404] Char 품: 0.024541972107515176 %
[405] Char 둘: 0.024275211541129143 %
[406] Char 청: 0.02400845097474311 %
[407] Char 션: 0.023741690408357077 %
[408] Char 육: 0.02347492984197104 %
[409] Char 병: 0.023208169275585007 %
[410] Char 송: 0.02294140870919897 %
[411] Char 엄: 0.022407887576426904 %
[412] Char 셀: 0.022407887576426904 %
[413] Char 헤: 0.022141127010040867 %
[414] Char 착: 0.02187436644365483 %
[415] Char 얻: 0.02187436644365483 %
[416] Char 런: 0.02187436644365483 %
[417] Char 글: 0.02187436644365483 %
[418] Char 융: 0.021607605877268798 %
[419] Char 흐: 0.021607605877268798 %
[420] Char 섭: 0.021340845310882765 %
[421] Char 흡: 0.021074084744496728 %
[422] Char 났: 0.021074084744496728 %
[423] Char 츠: 0.021074084744496728 %
[424] Char 닌: 0.020807324178110695 %
[425] Char 악: 0.020540563611724662 %
[426] Char 웨: 0.020540563611724662 %
[427] Char 밖: 0.020273803045338625 %
[428] Char 끝: 0.020273803045338625 %
[429] Char 멀: 0.02000704247895259 %
[430] Char 잘: 0.02000704247895259 %
[431] Char 흔: 0.01974028191256656 %
[432] Char 뉴: 0.01974028191256656 %
[433] Char 떤: 0.01974028191256656 %
[434] Char 책: 0.01974028191256656 %
[435] Char 갤: 0.01974028191256656 %
[436] Char 힘: 0.019473521346180522 %
[437] Char 애: 0.019206760779794486 %
[438] Char 희: 0.019206760779794486 %
[439] Char 넘: 0.018406479080636383 %
[440] Char 렇: 0.018406479080636383 %
[441] Char 창: 0.018406479080636383 %
[442] Char 쿠: 0.018406479080636383 %
[443] Char 골: 0.018406479080636383 %
[444] Char 례: 0.01813971851425035 %
[445] Char 패: 0.01813971851425035 %
[446] Char 빠: 0.017872957947864317 %
[447] Char 혼: 0.017872957947864317 %
[448] Char 슈: 0.017872957947864317 %
[449] Char 갖: 0.01760619738147828 %
[450] Char 넓: 0.017339436815092247 %
[451] Char 녹: 0.017339436815092247 %
[452] Char 펙: 0.01707267624870621 %
[453] Char 킨: 0.01707267624870621 %
[454] Char 털: 0.01707267624870621 %
[455] Char 럭: 0.01707267624870621 %
[456] Char 혹: 0.016805915682320177 %
[457] Char 빈: 0.016805915682320177 %
[458] Char 맞: 0.016805915682320177 %
[459] Char 앙: 0.016805915682320177 %
[460] Char 널: 0.01653915511593414 %
[461] Char 맥: 0.01653915511593414 %
[462] Char 랜: 0.01653915511593414 %
[463] Char 낸: 0.016272394549548107 %
[464] Char 렸: 0.016272394549548107 %
[465] Char 친: 0.016005633983162074 %
[466] Char 렌: 0.016005633983162074 %
[467] Char 략: 0.016005633983162074 %
[468] Char 훨: 0.016005633983162074 %
[469] Char 씬: 0.016005633983162074 %
[470] Char 푸: 0.016005633983162074 %
[471] Char 김: 0.016005633983162074 %
[472] Char 찾: 0.015738873416776038 %
[473] Char 첫: 0.015738873416776038 %
[474] Char 득: 0.015738873416776038 %
[475] Char 농: 0.015472112850390005 %
[476] Char 논: 0.015472112850390005 %
[477] Char 먹: 0.015472112850390005 %
[478] Char 폴: 0.015472112850390005 %
[479] Char 떠: 0.015205352284003968 %
[480] Char 박: 0.015205352284003968 %
[481] Char 뜨: 0.015205352284003968 %
[482] Char 맹: 0.015205352284003968 %
[483] Char 퇴: 0.014938591717617937 %
[484] Char 멸: 0.014938591717617937 %
[485] Char 손: 0.014938591717617937 %
[486] Char 컴: 0.0146718311512319 %
[487] Char 촬: 0.014405070584845865 %
[488] Char 붕: 0.014405070584845865 %
[489] Char 념: 0.014405070584845865 %
[490] Char 벌: 0.01413831001845983 %
[491] Char 곱: 0.013871549452073797 %
[492] Char 냈: 0.013604788885687762 %
[493] Char 끼: 0.013604788885687762 %
[494] Char 협: 0.013338028319301727 %
[495] Char 짧: 0.013338028319301727 %
[496] Char 캐: 0.013338028319301727 %
[497] Char 택: 0.013338028319301727 %
[498] Char 켜: 0.013071267752915694 %
[499] Char 찬: 0.013071267752915694 %
[500] Char 둥: 0.013071267752915694 %
[501] Char 덮: 0.01280450718652966 %
[502] Char 휘: 0.01280450718652966 %
[503] Char 뿐: 0.01280450718652966 %
[504] Char 램: 0.01280450718652966 %
[505] Char 폐: 0.01280450718652966 %
[506] Char 좌: 0.01280450718652966 %
[507] Char 슬: 0.012537746620143623 %
[508] Char 켈: 0.012537746620143623 %
[509] Char 델: 0.012537746620143623 %
[510] Char 틴: 0.012004225487371555 %
[511] Char 놓: 0.012004225487371555 %
[512] Char 뇌: 0.012004225487371555 %
[513] Char 척: 0.012004225487371555 %
[514] Char 띠: 0.01173746492098552 %
[515] Char 톨: 0.01173746492098552 %
[516] Char 냥: 0.01173746492098552 %
[517] Char 앞: 0.01173746492098552 %
[518] Char 덩: 0.011470704354599485 %
[519] Char 퓨: 0.011470704354599485 %
[520] Char 잠: 0.011470704354599485 %
[521] Char 몸: 0.011470704354599485 %
[522] Char 혁: 0.011470704354599485 %
[523] Char 숫: 0.011203943788213452 %
[524] Char 랙: 0.011203943788213452 %
[525] Char 끌: 0.011203943788213452 %
[526] Char 덜: 0.011203943788213452 %
[527] Char 벨: 0.011203943788213452 %
[528] Char 봉: 0.010937183221827415 %
[529] Char 톤: 0.010937183221827415 %
[530] Char 늄: 0.010937183221827415 %
[531] Char 셜: 0.010937183221827415 %
[532] Char 좋: 0.010670422655441382 %
[533] Char 큼: 0.010670422655441382 %
[534] Char 슨: 0.010670422655441382 %
[535] Char 쉽: 0.010670422655441382 %
[536] Char 홀: 0.010670422655441382 %
[537] Char 돈: 0.010403662089055347 %
[538] Char 벽: 0.010136901522669313 %
[539] Char 씩: 0.010136901522669313 %
[540] Char 십: 0.00987014095628328 %
[541] Char 팀: 0.00987014095628328 %
[542] Char 쌍: 0.00987014095628328 %
[543] Char 턴: 0.00987014095628328 %
[544] Char 휴: 0.00987014095628328 %
[545] Char 텐: 0.00987014095628328 %
[546] Char 넷: 0.00987014095628328 %
[547] Char 콘: 0.009603380389897243 %
[548] Char 몰: 0.009603380389897243 %
[549] Char 냉: 0.009603380389897243 %
[550] Char 젝: 0.009603380389897243 %
[551] Char 햇: 0.009603380389897243 %
[552] Char 릭: 0.009603380389897243 %
[553] Char 롯: 0.009603380389897243 %
[554] Char 섞: 0.00933661982351121 %
[555] Char 픈: 0.00933661982351121 %
[556] Char 욱: 0.00933661982351121 %
[557] Char 컵: 0.00933661982351121 %
[558] Char 튬: 0.00933661982351121 %
[559] Char 싸: 0.009069859257125175 %
[560] Char 멘: 0.009069859257125175 %
[561] Char 씨: 0.009069859257125175 %
[562] Char 빌: 0.009069859257125175 %
[563] Char 귀: 0.009069859257125175 %
[564] Char 죽: 0.009069859257125175 %
[565] Char 풀: 0.009069859257125175 %
[566] Char 켰: 0.00880309869073914 %
[567] Char 끊: 0.00880309869073914 %
[568] Char 담: 0.00880309869073914 %
[569] Char 겉: 0.00880309869073914 %
[570] Char 굴: 0.00880309869073914 %
[571] Char 갔: 0.00880309869073914 %
[572] Char 락: 0.00880309869073914 %
[573] Char 팽: 0.00880309869073914 %
[574] Char 빨: 0.00880309869073914 %
[575] Char 끓: 0.00880309869073914 %
[576] Char 뤼: 0.00880309869073914 %
[577] Char 템: 0.008536338124353105 %
[578] Char 쇄: 0.008536338124353105 %
[579] Char 뮤: 0.008536338124353105 %
[580] Char 덕: 0.00826957755796707 %
[581] Char 잔: 0.00826957755796707 %
[582] Char 곽: 0.00826957755796707 %
[583] Char 웹: 0.00826957755796707 %
[584] Char 깨: 0.00826957755796707 %
[585] Char 낼: 0.00826957755796707 %
[586] Char 멜: 0.00826957755796707 %
[587] Char 컷: 0.008002816991581037 %
[588] Char 녀: 0.008002816991581037 %
[589] Char 콜: 0.008002816991581037 %
[590] Char 힌: 0.007736056425195002 %
[591] Char 탑: 0.007736056425195002 %
[592] Char 믿: 0.007736056425195002 %
[593] Char 땅: 0.007736056425195002 %
[594] Char 익: 0.007736056425195002 %
[595] Char 뭉: 0.007736056425195002 %
[596] Char 욕: 0.007736056425195002 %
[597] Char 엘: 0.007736056425195002 %
[598] Char 퀴: 0.007469295858808968 %
[599] Char 픽: 0.007469295858808968 %
[600] Char 밑: 0.007202535292422933 %
[601] Char 섯: 0.007202535292422933 %
[602] Char 짐: 0.007202535292422933 %
[603] Char 렀: 0.007202535292422933 %
[604] Char 윤: 0.007202535292422933 %
[605] Char 촉: 0.006935774726036899 %
[606] Char 꺼: 0.006935774726036899 %
[607] Char 겼: 0.006935774726036899 %
[608] Char 됨: 0.006935774726036899 %
[609] Char 핀: 0.006935774726036899 %
[610] Char 꾸: 0.006935774726036899 %
[611] Char 뿔: 0.006935774726036899 %
[612] Char 섬: 0.006935774726036899 %
[613] Char 딸: 0.006935774726036899 %
[614] Char 덴: 0.006935774726036899 %
[615] Char 끔: 0.006669014159650864 %
[616] Char 찍: 0.006669014159650864 %
[617] Char 뉜: 0.006669014159650864 %
[618] Char 옛: 0.006669014159650864 %
[619] Char 텔: 0.006669014159650864 %
[620] Char 칸: 0.006669014159650864 %
[621] Char 헝: 0.006669014159650864 %
[622] Char 띄: 0.00640225359326483 %
[623] Char 짜: 0.00640225359326483 %
[624] Char 냐: 0.00640225359326483 %
[625] Char 밤: 0.00640225359326483 %
[626] Char 얇: 0.00640225359326483 %
[627] Char 룹: 0.00640225359326483 %
[628] Char 혔: 0.00640225359326483 %
[629] Char 롭: 0.00640225359326483 %
[630] Char 됐: 0.00640225359326483 %
[631] Char 캘: 0.00640225359326483 %
[632] Char 칠: 0.00640225359326483 %
[633] Char 윌: 0.00640225359326483 %
[634] Char 엣: 0.00640225359326483 %
[635] Char 몬: 0.006135493026878794 %
[636] Char 갑: 0.006135493026878794 %
[637] Char 렬: 0.006135493026878794 %
[638] Char 붉: 0.006135493026878794 %
[639] Char 늬: 0.006135493026878794 %
[640] Char 룬: 0.006135493026878794 %
[641] Char 잃: 0.006135493026878794 %
[642] Char 탕: 0.006135493026878794 %
[643] Char 혈: 0.006135493026878794 %
[644] Char 뉘: 0.00586873246049276 %
[645] Char 훈: 0.00586873246049276 %
[646] Char 솔: 0.00586873246049276 %
[647] Char 끈: 0.00586873246049276 %
[648] Char 젠: 0.00586873246049276 %
[649] Char 슘: 0.005601971894106726 %
[650] Char 깝: 0.005601971894106726 %
[651] Char 겁: 0.005601971894106726 %
[652] Char 묘: 0.005601971894106726 %
[653] Char 켓: 0.005601971894106726 %
[654] Char 샤: 0.005601971894106726 %
[655] Char 쇼: 0.005601971894106726 %
[656] Char 닥: 0.005335211327720691 %
[657] Char 홈: 0.005335211327720691 %
[658] Char 곤: 0.005335211327720691 %
[659] Char 얀: 0.005335211327720691 %
[660] Char 뀌: 0.005335211327720691 %
[661] Char 럴: 0.005335211327720691 %
[662] Char 숭: 0.005335211327720691 %
[663] Char 짓: 0.005335211327720691 %
[664] Char 벗: 0.005335211327720691 %
[665] Char 벼: 0.005335211327720691 %
[666] Char 렵: 0.005335211327720691 %
[667] Char 쉬: 0.005068450761334656 %
[668] Char 떻: 0.005068450761334656 %
[669] Char 뢰: 0.005068450761334656 %
[670] Char 깃: 0.005068450761334656 %
[671] Char 놀: 0.005068450761334656 %
[672] Char 헨: 0.005068450761334656 %
[673] Char 벤: 0.005068450761334656 %
[674] Char 컫: 0.005068450761334656 %
[675] Char 겪: 0.005068450761334656 %
[676] Char 뷰: 0.005068450761334656 %
[677] Char 뻗: 0.004801690194948621 %
[678] Char 맺: 0.004801690194948621 %
[679] Char 빙: 0.004801690194948621 %
[680] Char 숙: 0.004801690194948621 %
[681] Char 낳: 0.004801690194948621 %
[682] Char 낙: 0.004801690194948621 %
[683] Char 싱: 0.004801690194948621 %
[684] Char 묶: 0.004801690194948621 %
[685] Char 핑: 0.004801690194948621 %
[686] Char 곧: 0.0045349296285625874 %
[687] Char 뮬: 0.0045349296285625874 %
[688] Char 롱: 0.0045349296285625874 %
[689] Char 옥: 0.0045349296285625874 %
[690] Char 홍: 0.0045349296285625874 %
[691] Char 웠: 0.0045349296285625874 %
[692] Char 좀: 0.0045349296285625874 %
[693] Char 겐: 0.0045349296285625874 %
[694] Char 넣: 0.0045349296285625874 %
[695] Char 흩: 0.0045349296285625874 %
[696] Char 즌: 0.004268169062176553 %
[697] Char 읽: 0.004268169062176553 %
[698] Char 캄: 0.004268169062176553 %
[699] Char 뀐: 0.004268169062176553 %
[700] Char 궁: 0.004268169062176553 %
[701] Char 낱: 0.004268169062176553 %
[702] Char 뛰: 0.004268169062176553 %
[703] Char 춘: 0.004268169062176553 %
[704] Char 랫: 0.004268169062176553 %
[705] Char 랐: 0.004268169062176553 %
[706] Char 흰: 0.004268169062176553 %
[707] Char 틸: 0.004268169062176553 %
[708] Char 룸: 0.004268169062176553 %
[709] Char 앱: 0.004268169062176553 %
[710] Char 톡: 0.004268169062176553 %
[711] Char 앤: 0.004268169062176553 %
[712] Char 젊: 0.004001408495790519 %
[713] Char 웃: 0.004001408495790519 %
[714] Char 쌓: 0.004001408495790519 %
[715] Char 컬: 0.004001408495790519 %
[716] Char 곰: 0.004001408495790519 %
[717] Char 좁: 0.004001408495790519 %
[718] Char 꼴: 0.004001408495790519 %
[719] Char 엇: 0.004001408495790519 %
[720] Char 섹: 0.004001408495790519 %
[721] Char 옅: 0.003734647929404484 %
[722] Char 눌: 0.003734647929404484 %
[723] Char 펠: 0.003734647929404484 %
[724] Char 굽: 0.003734647929404484 %
[725] Char 끄: 0.003734647929404484 %
[726] Char 삭: 0.003734647929404484 %
[727] Char 옮: 0.003734647929404484 %
[728] Char 힐: 0.003734647929404484 %
[729] Char 냄: 0.003734647929404484 %
[730] Char 흥: 0.003734647929404484 %
[731] Char 펄: 0.003734647929404484 %
[732] Char 쳤: 0.003734647929404484 %
[733] Char 쓴: 0.003734647929404484 %
[734] Char 틈: 0.003734647929404484 %
[735] Char 랄: 0.003734647929404484 %
[736] Char 튀: 0.003734647929404484 %
[737] Char 객: 0.003734647929404484 %
[738] Char 웰: 0.003734647929404484 %
[739] Char 닉: 0.003734647929404484 %
[740] Char 팅: 0.003734647929404484 %
[741] Char 펨: 0.003734647929404484 %
[742] Char 쏘: 0.0034678873630184493 %
[743] Char 멕: 0.0034678873630184493 %
[744] Char 둔: 0.0034678873630184493 %
[745] Char 옹: 0.0034678873630184493 %
[746] Char 펜: 0.0034678873630184493 %
[747] Char 잇: 0.0034678873630184493 %
[748] Char 잉: 0.0034678873630184493 %
[749] Char 엑: 0.0034678873630184493 %
[750] Char 촌: 0.0034678873630184493 %
[751] Char 찌: 0.003201126796632415 %
[752] Char 얕: 0.003201126796632415 %
[753] Char 깔: 0.003201126796632415 %
[754] Char 앉: 0.003201126796632415 %
[755] Char 튼: 0.003201126796632415 %
[756] Char 맡: 0.003201126796632415 %
[757] Char 렴: 0.003201126796632415 %
[758] Char 뤄: 0.003201126796632415 %
[759] Char 펼: 0.003201126796632415 %
[760] Char 납: 0.003201126796632415 %
[761] Char 룩: 0.003201126796632415 %
[762] Char 컨: 0.003201126796632415 %
[763] Char 뚜: 0.003201126796632415 %
[764] Char 듯: 0.00293436623024638 %
[765] Char 꾼: 0.00293436623024638 %
[766] Char 슐: 0.00293436623024638 %
[767] Char 롤: 0.00293436623024638 %
[768] Char 킹: 0.00293436623024638 %
[769] Char 렉: 0.00293436623024638 %
[770] Char 큐: 0.00293436623024638 %
[771] Char 숲: 0.00293436623024638 %
[772] Char 툴: 0.00293436623024638 %
[773] Char 빼: 0.00293436623024638 %
[774] Char 흘: 0.00293436623024638 %
[775] Char 솜: 0.00293436623024638 %
[776] Char 뿜: 0.00293436623024638 %
[777] Char 옆: 0.00293436623024638 %
[778] Char 쿼: 0.00293436623024638 %
[779] Char 싼: 0.00293436623024638 %
[780] Char 렷: 0.00293436623024638 %
[781] Char 겹: 0.0026676056638603456 %
[782] Char 쪼: 0.0026676056638603456 %
[783] Char 빅: 0.0026676056638603456 %
[784] Char 쯤: 0.0026676056638603456 %
[785] Char 쫓: 0.0026676056638603456 %
[786] Char 삽: 0.0026676056638603456 %
[787] Char 펴: 0.0026676056638603456 %
[788] Char 랭: 0.0026676056638603456 %
[789] Char 춤: 0.0026676056638603456 %
[790] Char 핼: 0.0026676056638603456 %
[791] Char 횡: 0.0026676056638603456 %
[792] Char 답: 0.0026676056638603456 %
[793] Char 썼: 0.0026676056638603456 %
[794] Char 슴: 0.0026676056638603456 %
[795] Char 탁: 0.0026676056638603456 %
[796] Char 툰: 0.0026676056638603456 %
[797] Char 틱: 0.0026676056638603456 %
[798] Char 랩: 0.0026676056638603456 %
[799] Char 듐: 0.0026676056638603456 %
[800] Char 딩: 0.0026676056638603456 %
[801] Char 탠: 0.0026676056638603456 %
[802] Char 넬: 0.0026676056638603456 %
[803] Char 꺾: 0.0026676056638603456 %
[804] Char 쿄: 0.0026676056638603456 %
[805] Char 둡: 0.0024008450974743107 %
[806] Char 듬: 0.0024008450974743107 %
[807] Char 닿: 0.0024008450974743107 %
[808] Char 멈: 0.0024008450974743107 %
[809] Char 듭: 0.0024008450974743107 %
[810] Char 딱: 0.0024008450974743107 %
[811] Char 킴: 0.0024008450974743107 %
[812] Char 짝: 0.0024008450974743107 %
[813] Char 숨: 0.0024008450974743107 %
[814] Char 님: 0.0024008450974743107 %
[815] Char 핍: 0.0024008450974743107 %
[816] Char 삶: 0.0024008450974743107 %
[817] Char 벡: 0.0024008450974743107 %
[818] Char 폼: 0.0024008450974743107 %
[819] Char 늦: 0.0024008450974743107 %
[820] Char 헐: 0.0024008450974743107 %
[821] Char 닛: 0.0024008450974743107 %
[822] Char 콰: 0.0024008450974743107 %
[823] Char 꼭: 0.0024008450974743107 %
[824] Char 롬: 0.0024008450974743107 %
[825] Char 셸: 0.0024008450974743107 %
[826] Char 겸: 0.0024008450974743107 %
[827] Char 쏠: 0.0024008450974743107 %
[828] Char 겠: 0.0024008450974743107 %
[829] Char 긋: 0.0024008450974743107 %
[830] Char 뱅: 0.0024008450974743107 %
[831] Char 멍: 0.0024008450974743107 %
[832] Char 봤: 0.0024008450974743107 %
[833] Char 덧: 0.0024008450974743107 %
[834] Char 빚: 0.0021340845310882763 %
[835] Char 뻣: 0.0021340845310882763 %
[836] Char 껍: 0.0021340845310882763 %
[837] Char 똑: 0.0021340845310882763 %
[838] Char 닭: 0.0021340845310882763 %
[839] Char 뒷: 0.0021340845310882763 %
[840] Char 홉: 0.0021340845310882763 %
[841] Char 즐: 0.0021340845310882763 %
[842] Char 쓸: 0.0021340845310882763 %
[843] Char 팩: 0.0021340845310882763 %
[844] Char 쥐: 0.0021340845310882763 %
[845] Char 짙: 0.0021340845310882763 %
[846] Char 즘: 0.0021340845310882763 %
[847] Char 닷: 0.0021340845310882763 %
[848] Char 톰: 0.0021340845310882763 %
[849] Char 릿: 0.0021340845310882763 %
[850] Char 닫: 0.001867323964702242 %
[851] Char 솟: 0.001867323964702242 %
[852] Char 옴: 0.001867323964702242 %
[853] Char 빗: 0.001867323964702242 %
[854] Char 죄: 0.001867323964702242 %
[855] Char 콩: 0.001867323964702242 %
[856] Char 첩: 0.001867323964702242 %
[857] Char 꼬: 0.001867323964702242 %
[858] Char 봄: 0.001867323964702242 %
[859] Char 앗: 0.001867323964702242 %
[860] Char 옵: 0.001867323964702242 %
[861] Char 팬: 0.001867323964702242 %
[862] Char 엽: 0.001867323964702242 %
[863] Char 졸: 0.001867323964702242 %
[864] Char 딴: 0.001867323964702242 %
[865] Char 셋: 0.001867323964702242 %
[866] Char 볍: 0.0016005633983162074 %
[867] Char 꽤: 0.0016005633983162074 %
[868] Char 맑: 0.0016005633983162074 %
[869] Char 봐: 0.0016005633983162074 %
[870] Char 빽: 0.0016005633983162074 %
[871] Char 굳: 0.0016005633983162074 %
[872] Char 닦: 0.0016005633983162074 %
[873] Char 묻: 0.0016005633983162074 %
[874] Char 듈: 0.0016005633983162074 %
[875] Char 녔: 0.0016005633983162074 %
[876] Char 혐: 0.0016005633983162074 %
[877] Char 셔: 0.0016005633983162074 %
[878] Char 렘: 0.0016005633983162074 %
[879] Char 켄: 0.0016005633983162074 %
[880] Char 룰: 0.0016005633983162074 %
[881] Char 셰: 0.0016005633983162074 %
[882] Char 듣: 0.0016005633983162074 %
[883] Char 셈: 0.0016005633983162074 %
[884] Char 뮌: 0.0016005633983162074 %
[885] Char 겔: 0.0016005633983162074 %
[886] Char 낭: 0.0016005633983162074 %
[887] Char 몽: 0.0016005633983162074 %
[888] Char 돼: 0.0016005633983162074 %
[889] Char 뱀: 0.0016005633983162074 %
[890] Char 륭: 0.0016005633983162074 %
[891] Char 랍: 0.0016005633983162074 %
[892] Char 딘: 0.0016005633983162074 %
[893] Char 듀: 0.0016005633983162074 %
[894] Char 퀘: 0.0016005633983162074 %
[895] Char 칩: 0.0016005633983162074 %
[896] Char 뚫: 0.0013338028319301728 %
[897] Char 굉: 0.0013338028319301728 %
[898] Char 묵: 0.0013338028319301728 %
[899] Char 헥: 0.0013338028319301728 %
[900] Char 꿀: 0.0013338028319301728 %
[901] Char 렐: 0.0013338028319301728 %
[902] Char 콧: 0.0013338028319301728 %
[903] Char 닝: 0.0013338028319301728 %
[904] Char 닐: 0.0013338028319301728 %
[905] Char 쾌: 0.0013338028319301728 %
[906] Char 낌: 0.0013338028319301728 %
[907] Char 섰: 0.0013338028319301728 %
[908] Char 덤: 0.0013338028319301728 %
[909] Char 톱: 0.0013338028319301728 %
[910] Char 빵: 0.0013338028319301728 %
[911] Char 춰: 0.0013338028319301728 %
[912] Char 뜬: 0.0013338028319301728 %
[913] Char 꿈: 0.0013338028319301728 %
[914] Char 떼: 0.0013338028319301728 %
[915] Char 뼈: 0.0013338028319301728 %
[916] Char 꼽: 0.0013338028319301728 %
[917] Char 츰: 0.0013338028319301728 %
[918] Char 릉: 0.0013338028319301728 %
[919] Char 콤: 0.0013338028319301728 %
[920] Char 퉁: 0.0013338028319301728 %
[921] Char 굵: 0.0013338028319301728 %
[922] Char 럿: 0.0013338028319301728 %
[923] Char 밥: 0.0013338028319301728 %
[924] Char 훌: 0.0013338028319301728 %
[925] Char 픔: 0.0013338028319301728 %
[926] Char 찢: 0.0013338028319301728 %
[927] Char 팟: 0.0013338028319301728 %
[928] Char 땀: 0.0013338028319301728 %
[929] Char 밴: 0.0013338028319301728 %
[930] Char 쇠: 0.0013338028319301728 %
[931] Char 덟: 0.0013338028319301728 %
[932] Char 팸: 0.0013338028319301728 %
[933] Char 딜: 0.0013338028319301728 %
[934] Char 댓: 0.0010670422655441381 %
[935] Char 궈: 0.0010670422655441381 %
[936] Char 괄: 0.0010670422655441381 %
[937] Char 띤: 0.0010670422655441381 %
[938] Char 왼: 0.0010670422655441381 %
[939] Char 샘: 0.0010670422655441381 %
[940] Char 뿌: 0.0010670422655441381 %
[941] Char 몹: 0.0010670422655441381 %
[942] Char 쁜: 0.0010670422655441381 %
[943] Char 쁘: 0.0010670422655441381 %
[944] Char 눠: 0.0010670422655441381 %
[945] Char 캔: 0.0010670422655441381 %
[946] Char 퀸: 0.0010670422655441381 %
[947] Char 뽑: 0.0010670422655441381 %
[948] Char 뮴: 0.0010670422655441381 %
[949] Char 잎: 0.0010670422655441381 %
[950] Char 펀: 0.0010670422655441381 %
[951] Char 끗: 0.0010670422655441381 %
[952] Char 컸: 0.0010670422655441381 %
[953] Char 갱: 0.0010670422655441381 %
[954] Char 뷔: 0.0010670422655441381 %
[955] Char 젤: 0.0010670422655441381 %
[956] Char 엥: 0.0010670422655441381 %
[957] Char 쭉: 0.0010670422655441381 %
[958] Char 웅: 0.0010670422655441381 %
[959] Char 첨: 0.0010670422655441381 %
[960] Char 딪: 0.0010670422655441381 %
[961] Char 훗: 0.0010670422655441381 %
[962] Char 돕: 0.0010670422655441381 %
[963] Char 볕: 0.0010670422655441381 %
[964] Char 켁: 0.0010670422655441381 %
[965] Char 샌: 0.0010670422655441381 %
[966] Char 걀: 0.0010670422655441381 %
[967] Char 흙: 0.0010670422655441381 %
[968] Char 텍: 0.0010670422655441381 %
[969] Char 팜: 0.0010670422655441381 %
[970] Char 튜: 0.0010670422655441381 %
[971] Char 눅: 0.0010670422655441381 %
[972] Char 쬐: 0.0010670422655441381 %
[973] Char 뀔: 0.0010670422655441381 %
[974] Char 옳: 0.0010670422655441381 %
[975] Char 앨: 0.0010670422655441381 %
[976] Char 뎀: 0.0010670422655441381 %
[977] Char 싣: 0.0008002816991581037 %
[978] Char 줘: 0.0008002816991581037 %
[979] Char 줌: 0.0008002816991581037 %
[980] Char 띈: 0.0008002816991581037 %
[981] Char 쌀: 0.0008002816991581037 %
[982] Char 굶: 0.0008002816991581037 %
[983] Char 헛: 0.0008002816991581037 %
[984] Char 깐: 0.0008002816991581037 %
[985] Char 껴: 0.0008002816991581037 %
[986] Char 딕: 0.0008002816991581037 %
[987] Char 둑: 0.0008002816991581037 %
[988] Char 탱: 0.0008002816991581037 %
[989] Char 흉: 0.0008002816991581037 %
[990] Char 넥: 0.0008002816991581037 %
[991] Char 켐: 0.0008002816991581037 %
[992] Char 맛: 0.0008002816991581037 %
[993] Char 닮: 0.0008002816991581037 %
[994] Char 돗: 0.0008002816991581037 %
[995] Char 늑: 0.0008002816991581037 %
[996] Char 젖: 0.0008002816991581037 %
[997] Char 탓: 0.0008002816991581037 %
[998] Char 쏟: 0.0008002816991581037 %
[999] Char 쿨: 0.0008002816991581037 %
[1000] Char 팝: 0.0008002816991581037 %
[1001] Char 탔: 0.0008002816991581037 %
[1002] Char 샵: 0.0008002816991581037 %
[1003] Char 넛: 0.0008002816991581037 %
[1004] Char 밸: 0.0008002816991581037 %
[1005] Char 샐: 0.0008002816991581037 %
[1006] Char 냅: 0.0008002816991581037 %
[1007] Char 팡: 0.0008002816991581037 %
[1008] Char 앵: 0.0008002816991581037 %
[1009] Char 룡: 0.0008002816991581037 %
[1010] Char 잭: 0.0008002816991581037 %
[1011] Char 싶: 0.0008002816991581037 %
[1012] Char 옷: 0.0008002816991581037 %
[1013] Char 갓: 0.0008002816991581037 %
[1014] Char 튕: 0.0008002816991581037 %
[1015] Char 믹: 0.0008002816991581037 %
[1016] Char 쇤: 0.0008002816991581037 %
[1017] Char 쭈: 0.0008002816991581037 %
[1018] Char 샨: 0.0008002816991581037 %
[1019] Char 잰: 0.0008002816991581037 %
[1020] Char 퀄: 0.0008002816991581037 %
[1021] Char 턱: 0.0008002816991581037 %
[1022] Char 꽃: 0.0008002816991581037 %
[1023] Char 넌: 0.0008002816991581037 %
[1024] Char 븀: 0.0008002816991581037 %
[1025] Char 엡: 0.0008002816991581037 %
[1026] Char 눴: 0.0005335211327720691 %
[1027] Char 랬: 0.0005335211327720691 %
[1028] Char 돔: 0.0005335211327720691 %
[1029] Char 윗: 0.0005335211327720691 %
[1030] Char 믐: 0.0005335211327720691 %
[1031] Char 옐: 0.0005335211327720691 %
[1032] Char 싹: 0.0005335211327720691 %
[1033] Char 붓: 0.0005335211327720691 %
[1034] Char 뻐: 0.0005335211327720691 %
[1035] Char 잊: 0.0005335211327720691 %
[1036] Char 첼: 0.0005335211327720691 %
[1037] Char 츄: 0.0005335211327720691 %
[1038] Char 깎: 0.0005335211327720691 %
[1039] Char 엉: 0.0005335211327720691 %
[1040] Char 캡: 0.0005335211327720691 %
[1041] Char 넵: 0.0005335211327720691 %
[1042] Char 뀜: 0.0005335211327720691 %
[1043] Char 툼: 0.0005335211327720691 %
[1044] Char 샹: 0.0005335211327720691 %
[1045] Char 퀼: 0.0005335211327720691 %
[1046] Char 쑥: 0.0005335211327720691 %
[1047] Char 셨: 0.0005335211327720691 %
[1048] Char 낫: 0.0005335211327720691 %
[1049] Char 텀: 0.0005335211327720691 %
[1050] Char 펌: 0.0005335211327720691 %
[1051] Char 곁: 0.0005335211327720691 %
[1052] Char 돋: 0.0005335211327720691 %
[1053] Char 핫: 0.0005335211327720691 %
[1054] Char 썰: 0.0005335211327720691 %
[1055] Char 촛: 0.0005335211327720691 %
[1056] Char 됭: 0.0005335211327720691 %
[1057] Char 룽: 0.0005335211327720691 %
[1058] Char 몫: 0.0005335211327720691 %
[1059] Char 숀: 0.0005335211327720691 %
[1060] Char 긍: 0.0005335211327720691 %
[1061] Char 엮: 0.0005335211327720691 %
[1062] Char 걷: 0.0005335211327720691 %
[1063] Char 챈: 0.0005335211327720691 %
[1064] Char 콥: 0.0005335211327720691 %
[1065] Char 짱: 0.0005335211327720691 %
[1066] Char 맵: 0.0005335211327720691 %
[1067] Char 읍: 0.0005335211327720691 %
[1068] Char 눗: 0.0005335211327720691 %
[1069] Char 쑨: 0.0005335211327720691 %
[1070] Char 엷: 0.0005335211327720691 %
[1071] Char 뱃: 0.0005335211327720691 %
[1072] Char 굿: 0.0005335211327720691 %
[1073] Char 쩌: 0.0005335211327720691 %
[1074] Char 갗: 0.0005335211327720691 %
[1075] Char 셉: 0.0005335211327720691 %
[1076] Char 뺀: 0.0005335211327720691 %
[1077] Char 렛: 0.0005335211327720691 %
[1078] Char 뛴: 0.0005335211327720691 %
[1079] Char 쐬: 0.0005335211327720691 %
[1080] Char 큘: 0.0005335211327720691 %
[1081] Char 삐: 0.0005335211327720691 %
[1082] Char 얽: 0.0005335211327720691 %
[1083] Char 잴: 0.0005335211327720691 %
[1084] Char 늙: 0.0005335211327720691 %
[1085] Char 꿔: 0.0005335211327720691 %
[1086] Char 쐐: 0.0005335211327720691 %
[1087] Char 뭇: 0.0005335211327720691 %
[1088] Char 빔: 0.0005335211327720691 %
[1089] Char 깅: 0.0005335211327720691 %
[1090] Char 얹: 0.0005335211327720691 %
[1091] Char 씌: 0.0005335211327720691 %
[1092] Char 뇨: 0.0005335211327720691 %
[1093] Char 콕: 0.0005335211327720691 %
[1094] Char 븐: 0.0005335211327720691 %
[1095] Char 넉: 0.0005335211327720691 %
[1096] Char 뭍: 0.0005335211327720691 %
[1097] Char 핸: 0.0005335211327720691 %
[1098] Char 텡: 0.0005335211327720691 %
[1099] Char 뒀: 0.00026676056638603454 %
[1100] Char 푹: 0.00026676056638603454 %
[1101] Char 녁: 0.00026676056638603454 %
[1102] Char 뵈: 0.00026676056638603454 %
[1103] Char 딛: 0.00026676056638603454 %
[1104] Char 꽂: 0.00026676056638603454 %
[1105] Char 찧: 0.00026676056638603454 %
[1106] Char 녕: 0.00026676056638603454 %
[1107] Char ㄱ: 0.00026676056638603454 %
[1108] Char ㄴ: 0.00026676056638603454 %
[1109] Char ㄷ: 0.00026676056638603454 %
[1110] Char ㄹ: 0.00026676056638603454 %
[1111] Char ㅁ: 0.00026676056638603454 %
[1112] Char ㅂ: 0.00026676056638603454 %
[1113] Char ㅅ: 0.00026676056638603454 %
[1114] Char ㅇ: 0.00026676056638603454 %
[1115] Char ㅈ: 0.00026676056638603454 %
[1116] Char ㅊ: 0.00026676056638603454 %
[1117] Char ㅋ: 0.00026676056638603454 %
[1118] Char ㅌ: 0.00026676056638603454 %
[1119] Char ㅍ: 0.00026676056638603454 %
[1120] Char ㅎ: 0.00026676056638603454 %
[1121] Char 둠: 0.00026676056638603454 %
[1122] Char 싫: 0.00026676056638603454 %
[1123] Char 넨: 0.00026676056638603454 %
[1124] Char 뚱: 0.00026676056638603454 %
[1125] Char 뾰: 0.00026676056638603454 %
[1126] Char 랠: 0.00026676056638603454 %
[1127] Char 짊: 0.00026676056638603454 %
[1128] Char 벰: 0.00026676056638603454 %
[1129] Char 뜰: 0.00026676056638603454 %
[1130] Char 팠: 0.00026676056638603454 %
[1131] Char 눔: 0.00026676056638603454 %
[1132] Char 넴: 0.00026676056638603454 %
[1133] Char 뻬: 0.00026676056638603454 %
[1134] Char 켑: 0.00026676056638603454 %
[1135] Char 꺽: 0.00026676056638603454 %
[1136] Char 퍽: 0.00026676056638603454 %
[1137] Char 뉠: 0.00026676056638603454 %
[1138] Char 웬: 0.00026676056638603454 %
[1139] Char 쾰: 0.00026676056638603454 %
[1140] Char 엠: 0.00026676056638603454 %
[1141] Char 큉: 0.00026676056638603454 %
[1142] Char 궐: 0.00026676056638603454 %
[1143] Char 뮈: 0.00026676056638603454 %
[1144] Char 찔: 0.00026676056638603454 %
[1145] Char 촐: 0.00026676056638603454 %
[1146] Char 륀: 0.00026676056638603454 %
[1147] Char 휩: 0.00026676056638603454 %
[1148] Char 꾀: 0.00026676056638603454 %
[1149] Char 퓰: 0.00026676056638603454 %
[1150] Char 숄: 0.00026676056638603454 %
[1151] Char 샴: 0.00026676056638603454 %
[1152] Char 푼: 0.00026676056638603454 %
[1153] Char 펑: 0.00026676056638603454 %
[1154] Char 뵘: 0.00026676056638603454 %
[1155] Char 셴: 0.00026676056638603454 %
[1156] Char 웁: 0.00026676056638603454 %
[1157] Char 귄: 0.00026676056638603454 %
[1158] Char 뵐: 0.00026676056638603454 %
[1159] Char 펭: 0.00026676056638603454 %
[1160] Char 챔: 0.00026676056638603454 %
[1161] Char 잿: 0.00026676056638603454 %
[1162] Char 뽐: 0.00026676056638603454 %
[1163] Char 뜩: 0.00026676056638603454 %
[1164] Char 깬: 0.00026676056638603454 %
[1165] Char 팁: 0.00026676056638603454 %
[1166] Char 릇: 0.00026676056638603454 %
[1167] Char 뺐: 0.00026676056638603454 %
[1168] Char 샷: 0.00026676056638603454 %
[1169] Char 멋: 0.00026676056638603454 %
[1170] Char 넸: 0.00026676056638603454 %
[1171] Char 륌: 0.00026676056638603454 %
[1172] Char 릅: 0.00026676056638603454 %
[1173] Char 셌: 0.00026676056638603454 %
[1174] Char 꾐: 0.00026676056638603454 %
[1175] Char 벅: 0.00026676056638603454 %
[1176] Char 볜: 0.00026676056638603454 %
[1177] Char 빴: 0.00026676056638603454 %
[1178] Char 뤽: 0.00026676056638603454 %
[1179] Char 흼: 0.00026676056638603454 %
[1180] Char 갭: 0.00026676056638603454 %
[1181] Char 낄: 0.00026676056638603454 %
[1182] Char 썬: 0.00026676056638603454 %
[1183] Char 윽: 0.00026676056638603454 %
[1184] Char 챘: 0.00026676056638603454 %
[1185] Char 맴: 0.00026676056638603454 %
[1186] Char 쭝: 0.00026676056638603454 %
[1187] Char 훅: 0.00026676056638603454 %
[1188] Char 댄: 0.00026676056638603454 %
[1189] Char 욘: 0.00026676056638603454 %
[1190] Char 숯: 0.00026676056638603454 %
[1191] Char 렁: 0.00026676056638603454 %
[1192] Char 댁: 0.00026676056638603454 %
[1193] Char 쌌: 0.00026676056638603454 %
[1194] Char 팥: 0.00026676056638603454 %
[1195] Char 쩍: 0.00026676056638603454 %
[1196] Char 텼: 0.00026676056638603454 %
[1197] Char 젭: 0.00026676056638603454 %
[1198] Char 얘: 0.00026676056638603454 %
[1199] Char 텅: 0.00026676056638603454 %
[1200] Char 땄: 0.00026676056638603454 %
[1201] Char 껑: 0.00026676056638603454 %
[1202] Char 쩐: 0.00026676056638603454 %
[1203] Char 밭: 0.00026676056638603454 %
[1204] Char 쾨: 0.00026676056638603454 %
[1205] Char 뻔: 0.00026676056638603454 %
[1206] Char 퀀: 0.00026676056638603454 %
[1207] Char 텃: 0.00026676056638603454 %
[1208] Char 꽁: 0.00026676056638603454 %
[1209] Char 폈: 0.00026676056638603454 %
[1210] Char 똥: 0.00026676056638603454 %
[1211] Char 챙: 0.00026676056638603454 %
[1212] Char 훔: 0.00026676056638603454 %
[1213] Char 쎄: 0.00026676056638603454 %
[1214] Char 잣: 0.00026676056638603454 %
[1215] Char 썩: 0.00026676056638603454 %
[1216] Char 갰: 0.00026676056638603454 %
[1217] Char 쉐: 0.00026676056638603454 %
[1218] Char 멓: 0.00026676056638603454 %
[1219] Char 맬: 0.00026676056638603454 %
[1220] Char 홑: 0.00026676056638603454 %
[1221] Char 늠: 0.00026676056638603454 %
[1222] Char 맷: 0.00026676056638603454 %
[1223] Char 삿: 0.00026676056638603454 %
[1224] Char 윳: 0.00026676056638603454 %
[1225] Char 룀: 0.00026676056638603454 %
[1226] Char 칫: 0.00026676056638603454 %
[1227] Char ㆍ: 0.00026676056638603454 %
[1228] Char 맣: 0.00026676056638603454 %
[1229] Char 낵: 0.00026676056638603454 %
[1230] Char 댐: 0.00026676056638603454 %
[1231] Char 딥: 0.00026676056638603454 %
[1232] Char 갬: 0.00026676056638603454 %
[1233] Char 밍: 0.00026676056638603454 %
[1234] Char 흄: 0.00026676056638603454 %
[1235] Char 벳: 0.00026676056638603454 %
[1236] Char 햐: 0.00026676056638603454 %
[1237] Char 괜: 0.00026676056638603454 %
[1238] Char 찮: 0.00026676056638603454 %
[1239] Char 젱: 0.00026676056638603454 %
[1240] Char 퓸: 0.00026676056638603454 %
[1241] Char 큠: 0.00026676056638603454 %
[1242] Char 뺄: 0.00026676056638603454 %
[1243] Char 헷: 0.00026676056638603454 %
[1244] Char 잦: 0.00026676056638603454 %
[1245] Char 횟: 0.00026676056638603454 %
[1246] Char 푄: 0.00026676056638603454 %
[1247] Char 뭄: 0.00026676056638603454 %
[1248] Char 늪: 0.00026676056638603454 %
[1249] Char 쥬: 0.00026676056638603454 %
[1250] Char 뎠: 0.00026676056638603454 %
[1251] Char 엿: 0.00026676056638603454 %
[1252] Char 웍: 0.00026676056638603454 %
[1253] Char 봇: 0.00026676056638603454 %
[1254] Char 킥: 0.00026676056638603454 %
[1255] Char 캠: 0.00026676056638603454 %
[1256] Char 퓌: 0.00026676056638603454 %
[1257] Char 왈: 0.00026676056638603454 %
[1258] Char 곷: 0.00026676056638603454 %
[1259] Char 켕: 0.00026676056638603454 %
[1260] Char 훼: 0.00026676056638603454 %

The first 1261 characters have an accumulated ratio of 0.9999999999999901.
The first 0 characters have an accumulated ratio of 0.
All characters whose order is over 454 have an accumulated ratio of 0.030031904563739758.

22333 sequences found.

First 21098 (typical positive ratio): 0.995002875169068
Next 988 (22086-21098): 0.00400093949186453
Rest: 0.0009961853390674236

- Processing end: 2022-12-14 17:27:50.280077
