= Logs of language model for Lithuanian (lt) =

- Generated by BuildLangModel.py
- Started: 2016-09-20 22:53:23.311784
- Maximum depth: 5
- Max number of pages: 100

== Parsed pages ==

Karūna (laivas) (revision 5080379)
1650 (revision 4990868)
1654 (revision 4991037)
1664 (revision 4991048)
1665 (revision 4991050)
1668 (revision 4991052)
1669 (revision 4991053)
1672 (revision 4991056)
1676 (revision 4991060)
1718 (revision 4990914)
1909 (revision 4990667)
1928 (revision 4990262)
1932 (revision 4990613)
1956 (revision 4990635)
1980 (revision 4990655)
Baltijos jūra (revision 5052833)
Burinis laivas (revision 4657401)
Flagmanas (laivas) (revision 5005271)
Grimzlė (revision 4487052)
Kalmaras (Švedija) (revision 4978519)
Karo laivas (revision 4726931)
Karolis XI (revision 4944621)
Karolis XII (revision 4915230)
Kilis (revision 4325533)
Koordinačių sistema (revision 5033980)
Laivo vėliava (revision 4986001)
Liepos 1 d. (revision 4910200)
Nyderlandai (revision 5080140)
Rugpjūčio 10 (revision 4910281)
Varytuvas (revision 4620792)
Vaza (laivas) (revision 5079282)
XVIII a. (revision 4896219)
XVII a. (revision 4768242)
Švedija (revision 5057665)
Švedų kalba (revision 4687559)
1590 (revision 4990983)
1596 (revision 4990989)
1608 (revision 4991000)
1610 (revision 4991002)
1623 m. (revision 4991015)
1634 m. (revision 4991026)
1643 m. (revision 4990870)
1644 m. (revision 4990872)
1645 m. (revision 4990873)
1646 m. (revision 4990874)
1647 m. (revision 4913295)
1648 m. (revision 4990875)
1649 m. (revision 4990876)
1651 m. (revision 4991035)
1652 m. (revision 4991072)
1653 m. (revision 4991036)
1654 m. (revision 4991037)
1655 m. (revision 4991038)
1662 m. (revision 4991046)
1668 m. (revision 4991052)
1677 m. (revision 4991061)
1702 (revision 4990595)
1704 (revision 4990863)
1722 (revision 4990918)
1723 (revision 4990919)
1737 (revision 4990931)
2 tūkstantmetis (revision 4296407)
ATR (revision 5078529)
Abiejų Tautų Respublika (revision 5078529)
Adomas Freitagas (revision 4362991)
Anglų kalba (revision 4911240)
Armėnų kalendorius (revision 4817534)
Bahajų kalendorius (revision 4706296)
Bajorai (revision 5006456)
Berberų kalendorius (revision 4926904)
Birželio 21 (revision 4910142)
Bizantijos kalendorius (revision 4927623)
Budistų kalendorius (revision 4705734)
Dešimtmetis (revision 4296419)
Dominikonai (revision 4921895)
Dominikonų ordinas (revision 4921895)
Džohoro sultonatas (revision 4934526)
Džu Ihai (revision 4991072)
Džu Joulang (revision 4991072)
Emanuelis Vladislovas Tiškevičius Logoiskis (revision 4939239)
Filosofas (revision 5078172)
Gegužės 26 (revision 4910130)
Grafas (titulas) (revision 5008057)
Grigaliaus kalendorius (revision 5000317)
Hebrajų kalendorius (revision 4728592)
Imperatorius Go-Komijas (revision 4907057)
Inocentas X (revision 4905150)
Iraniečių kalendorius (revision 4964854)
Isaac Titsingh (revision 4990745)
Japonija (revision 5035249)
Japonijos imperatorius (revision 4720428)
Japonų kalendorius (revision 4956765)
John Churchill (revision 4903704)
Jonas Kazimieras Vaza (revision 5037754)
Jurgis Kasakauskis (revision 5047829)
Jurgis Kazimieras Ancuta (revision 5059404)
Jurgis Mikalojus Tiškevičius (revision 4939554)

== End of Parsed pages ==

- Wikipedia parsing ended at: 2016-09-20 22:57:33.076907

53 characters appeared 353013 times.

First 38 characters:
[ 0] Char i: 13.033797622183885 %
[ 1] Char a: 11.1684272250597 %
[ 2] Char s: 8.587502443252799 %
[ 3] Char o: 7.01957151719625 %
[ 4] Char e: 5.52642537243671 %
[ 5] Char r: 5.469770235090492 %
[ 6] Char n: 5.143153368289553 %
[ 7] Char t: 5.1063275290145125 %
[ 8] Char u: 4.270947528844546 %
[ 9] Char k: 3.9621770303076653 %
[10] Char l: 3.905521892961449 %
[11] Char m: 3.360216196004113 %
[12] Char d: 3.037565188817409 %
[13] Char v: 2.727378311846872 %
[14] Char j: 2.447501933356562 %
[15] Char p: 2.3293759719897 %
[16] Char g: 1.942987935288502 %
[17] Char ė: 1.56594799624943 %
[18] Char b: 1.5075932047828267 %
[19] Char y: 1.223750966678281 %
[20] Char ų: 1.1818261650420805 %
[21] Char š: 0.9631373348856841 %
[22] Char ž: 0.8172503562191761 %
[23] Char c: 0.5960120448821998 %
[24] Char č: 0.48015228900918666 %
[25] Char f: 0.42831283833739836 %
[26] Char h: 0.42519680578335645 %
[27] Char z: 0.40111837241121434 %
[28] Char ū: 0.3685416684371397 %
[29] Char ą: 0.352678229980199 %
[30] Char į: 0.29007430321262956 %
[31] Char ę: 0.1481531841603567 %
[32] Char x: 0.08753218719990481 %
[33] Char w: 0.05920461852679646 %
[34] Char ō: 0.018129643950789347 %
[35] Char ö: 0.00878154628866359 %
[36] Char é: 0.007648443541739256 %
[37] Char q: 0.0073651678550081725 %

The first 38 characters have an accumulated ratio of 0.9997705466937479.

976 sequences found.

First 512 (typical positive ratio): 0.9930868640383149
Next 512 (512-1024): 0.008172503562191761
Rest: -2.688821387764051e-17

- Processing end: 2016-09-20 22:57:33.185223
