= Logs of language model for Turkish (tr) =

- Generated by BuildLangModel.py
- Started: 2022-12-14 18:21:37.357306
- Maximum depth: 4
- Max number of pages: 200

== Parsed pages ==

Ana_Sayfa (revision 28930102)
Türkçe (revision 28917063)
Guinness Dünya Rekorları (revision 28910810)
Konstantinopolis (revision 28883632)
Kahverengi pelikan (revision 26206141)
Mercury Records (revision 27849846)
Kırım (revision 28830891)
Santiago Ezquerro (revision 23892511)
Marilyn Manson (revision 28771157)
Cahide Sonku (revision 28619115)
Yavuz (muharebe kruvazörü) (revision 28063450)
Güney Kutbu (revision 28744663)
Bob Rock (revision 24992545)
Mozaik (revision 24892452)
Beyaz Ruslar (revision 26484311)
Uluslararası Standart Kitap Numarası (revision 28628910)
Bon Jovi (revision 26600669)
21. Altın Portakal Film Festivali (revision 28207119)
Atletizmde Türkiye rekorları listesi (revision 28455400)
Haliç (revision 28866954)
Hayvan (revision 28924988)
Antalya Film Forum Ödülleri (revision 28272421)
II. Dünya Savaşı (revision 28897347)
12. Altın Portakal Film Festivali (revision 27871394)
Motley Crue (revision 26123943)
Müzik yapımcısı (revision 27438371)
İstanbul iline bağlı adalar listesi (revision 27953556)
İstanbul mimarisi (revision 28724315)
Birleşik Krallık (revision 28807606)
MusicBrainz (revision 24863204)
CA Osasuna (revision 28710721)
İncil (revision 28770178)
Uluslararası Standart Ad Tanımlayıcısı (revision 25485263)
Çalıkuşu (film, 1966) (revision 28185368)
Kırım Devlet Üniversitesi (revision 28380818)
Fatih Camii (revision 27920685)
Athletic Bilbao (revision 28238026)
Otorite kontrolü (revision 28828926)
Heybeliada Deniz Lisesi (revision 28575270)
Hazarlar (revision 28815299)
Jack Off Jill (revision 25182531)
I. Theodosius (revision 28764219)
Bibsys (revision 28772523)
Forbes en değerli futbol kulüpleri listesi (revision 28185363)
Meksika (revision 28862166)
Bulgaristan (revision 28487358)
40. kuzey enlemi (revision 26650357)
Soğdca (revision 27844795)
Kilometre (revision 21810752)
Vatan ve Namık Kemal (film, 1951) (revision 28116291)
Mangrov (revision 25873626)
Rus İmparatorluğu (revision 28832942)
Karayipler (revision 28776869)
5. güney enlemi (revision 22753480)
Tepeli pelikan (revision 27890916)
MKE Sanayi ve Teknoloji Müzesi (revision 26815145)
41. Altın Portakal Film Festivali (revision 27853118)
Uluslararası Sanal Otorite Dosyası (revision 28052013)
En kilolu insanlar listesi (revision 26679282)
Kuzey Amerika (revision 28579732)
Formula 1 sürücü rekorları listesi (revision 28853779)
Ankara (revision 28854191)
FC Barcelona (revision 28824389)
İbrani alfabesi (revision 28017994)
Atlantik (revision 28878245)
Özbekler (revision 28488298)
İsrail Ulusal Kütüphanesi (revision 27953386)
Karakurum (revision 27482861)
26. Altın Portakal Film Festivali (revision 22752701)
Şehvet Kurbanı (revision 25076011)
Napoli (revision 28376302)
Şarapnel (revision 28112315)
HMS Warrior (revision 27428893)
70. kuzey enlemi (revision 22753850)
Akdeniz Tümeni (revision 23205239)
The Fight Song (revision 25453153)
23. Altın Portakal Film Festivali (revision 22752570)
ELO (revision 28139061)
İspanya millî futbol takımı (revision 28908457)
45. kuzey enlemi (revision 22738951)
Forvet (futbol) (revision 28838176)
Ermeni Katolik Kilisesi (revision 26918075)
Azeriler (revision 28901363)
Supercopa de España (revision 28556471)
Die Antwoord (revision 27976641)
Chris Vrenna (revision 28637525)
Fetret Devri (revision 28720903)
55. kuzey enlemi (revision 25062205)
Çek Cumhuriyeti Millî Kütüphanesi (revision 27776014)
UEFA Şampiyonlar Ligi (revision 28877448)
WorldCat (revision 28632980)
31. Altın Portakal Film Festivali (revision 25165042)
Türkiye'de radyo (revision 27380661)
Ermeniler (revision 28873709)
Bas gitar (revision 26341445)
İspanya (revision 28842365)
Kongre Kütüphanesi Kontrol Numarası (revision 27257543)
Tabya (revision 28127064)
Nova Roma (revision 27798799)
Calahorra (revision 28933454)
Batı yarımküre (revision 26064934)
Yahudiler (revision 28675862)
Sara Lee Lucas (revision 28205927)
Farslar (revision 28860291)
Osmanlı İmparatorluğu dağılma dönemi (revision 28777401)
Empire (dergi) (revision 27691893)
ISU Puanlama Sistemi (revision 27320008)
Fort Lauderdale (revision 24212078)
Perekop (revision 25737249)
Kerç Boğazı (revision 25901000)
HMS Lord Nelson (1906) (revision 28867865)
Cumhuriyet dönemi Türk edebiyatı (revision 28853274)
Pelecanidae (revision 28223952)
Dieldrin (revision 27357524)
St. Anger (albüm) (revision 24931303)
Peçenekler (revision 28876192)
Amerika (revision 28878250)
Atlético Madrid (revision 28599163)
Termik Yüksek Basınç (revision 24318962)
RCD Mallorca (revision 25727828)
III. Mustafa (revision 28788967)
Alt tür (revision 27699091)
Sığınak (revision 25148004)
Çin (revision 28925157)
Osmanlı Türkleri (revision 27342672)
Marcelo Bielsa (revision 28254674)
2014-15 La Liga (revision 28850527)
Doğu Slavlar (revision 27368736)
Falkland Adaları Muharebesi (revision 24918207)
Granada (revision 28790184)
Davis Boğazı (revision 24957127)
Teknik standart (revision 25081500)
Ekoloji (revision 28816483)
George Stephenson (revision 24861072)
Bathyscaphe Trieste (revision 28096348)
La Liga (revision 28794060)
Beyoğlu (revision 28677982)
Uruk (revision 28906457)
Maisur Krallığı (revision 26243693)
Konya (revision 28928318)
Seramik (revision 27453313)
Zekeriya (Hazar) (revision 19533840)
Astronomik birim (revision 27094122)
Güzeloluk Camii (revision 27427756)
Giugliano in Campania (revision 28420065)
16. Altın Portakal Film Festivali (revision 27871453)
Yeni İspanya Genel Valiliği (revision 27704446)
Tümleşik Otorite Dosyası (revision 28256608)
Dixie Dean (revision 27323100)
Güney Asya (revision 28291928)
Avrupa Yakası (revision 28929758)
SS Lazio (revision 28148647)
Horn Burnu (revision 25039100)
Wayback Machine (revision 28510856)
Miguel Muñoz Ödülü (revision 26183854)
10. batı meridyeni (revision 26650632)
İsrail (revision 28926364)
Tan Zhongyi (revision 24316444)
Şiilik (revision 28859412)
25. batı meridyeni (revision 28852166)
Amerika Birleşik Devletleri (revision 28926820)
Darice (revision 28773404)
Araplar (revision 28922126)
Asist (futbol) (revision 28879411)
İlhanlılar (revision 28825042)
Papua Yeni Gine (revision 28905831)
Bar ve Bat Mitzvah (revision 27053807)
Sorblar (revision 28724857)
Enlem dairesi (revision 25068828)
VI. Mihail (revision 26363072)
1960 Avrupa Uluslar Kupası (revision 28440153)

== End of Parsed pages ==

- Wikipedia parsing ended at: 2022-12-14 18:24:38.038299

55 characters appeared 1112427 times.

Most Frequent characters:
[ 0] Char a: 12.122143745162605 %
[ 1] Char e: 9.162938332133255 %
[ 2] Char i: 8.517412827987814 %
[ 3] Char n: 7.819569284096844 %
[ 4] Char l: 7.247846375537451 %
[ 5] Char r: 7.244610208130512 %
[ 6] Char ı: 4.532162559880334 %
[ 7] Char k: 4.342037724722611 %
[ 8] Char d: 4.278572886130956 %
[ 9] Char t: 3.751077598799742 %
[10] Char s: 3.451822007196877 %
[11] Char m: 3.19131053093821 %
[12] Char u: 3.0403792788200934 %
[13] Char y: 2.9621718998190443 %
[14] Char o: 2.7713279163486684 %
[15] Char b: 2.1581640862726275 %
[16] Char ü: 1.786184621552695 %
[17] Char ş: 1.4678715996645173 %
[18] Char v: 1.3457062800525337 %
[19] Char g: 1.2175180933220786 %
[20] Char h: 1.1529745322614426 %
[21] Char z: 1.0875320358099902 %
[22] Char p: 1.006717744175573 %
[23] Char ç: 0.9676140546750484 %
[24] Char c: 0.8805971088439961 %
[25] Char ğ: 0.8180312056431568 %
[26] Char ö: 0.6598185768594254 %
[27] Char f: 0.5968930995022594 %
[28] Char j: 0.1306153122856601 %
[29] Char w: 0.0882754553781956 %
[30] Char â: 0.06463345459971756 %
[31] Char î: 0.06130739365369593 %
[32] Char û: 0.019057430285313103 %

The first 33 characters have an accumulated ratio of 0.9994489526054298.
The first 4 characters have an accumulated ratio of 0.37622064189380516.
All characters whose order is over 23 have an accumulated ratio of 0.0331922903705142.

1109 sequences found.

First 553 (typical positive ratio): 0.995033943100518
Next 194 (747-553): 0.0039670697911219355
Rest: 0.0009989871083601054

- Processing end: 2022-12-14 18:24:38.120854
