= Logs of language model for Polish (pl) =

- Generated by BuildLangModel.py
- Started: 2022-12-14 18:10:38.517066
- Maximum depth: 4
- Max number of pages: 200

== Parsed pages ==

Krasnyj Krym (revision 66824963)
Węzeł (jednostka prędkości) (revision 67139927)
Radar (revision 68768526)
Śruba okrętowa (revision 63706042)
Aurora (1900) (revision 68898064)
Kocioł parowy (revision 67730042)
Kronsztad (revision 68581947)
7 grudnia (revision 68948196)
Typ okrętu (revision 58157719)
Czerwona Ukraina (revision 68695903)
Neapol (revision 68892721)
Flota Czarnomorska (revision 68696317)
Imperium Rosyjskie (revision 68856935)
Wytwornica pary (revision 55689600)
Statek wodny (revision 68480347)
3 Front Ukraiński (revision 68935419)
1950 (revision 68885081)
Cal (revision 68918178)
Biblioteka Narodowa Republiki Czeskiej (revision 67927221)
1830 (revision 68458768)
Węgle kopalne (revision 67039575)
Kocioł płomienicowo-płomieniówkowy (revision 68709469)
Modulacja (revision 66525387)
Cień radiowy (revision 60559907)
Mykołajiwśkyj sudnobudiwnyj zawod (revision 66956857)
Samorząd terytorialny (revision 67806627)
1867 (revision 69012213)
Mikołajów (revision 68983291)
Gubernia samarska (revision 65774206)
Język rosyjski (revision 68430547)
II wojna światowa (revision 68838789)
Tallinn (revision 68863189)
Kontrola autorytatywna (revision 64027474)
Sewastopol (revision 68617896)
Próżnia (revision 67081889)
HMS Rattler (1843) (revision 63597881)
WorldCat (revision 66967839)
Store norske leksikon (revision 66724573)
Biali (Rosja) (revision 65941744)
27 maja (revision 68237859)
Encyklopedia Britannica (revision 68175162)
Temperatura (revision 67703070)
Katarzyna II Wielka (revision 68871822)
Jacht żaglowy (revision 66939788)
Besarabia (revision 67455676)
Grecja (revision 68872546)
Siewastopol (1911) (revision 68695743)
Pył węglowy (revision 64459067)
Johann Nepomuk Nestroy (revision 68430100)
Front Woroneski (revision 68939618)
Patent (revision 68327537)
Burżuazja (revision 69019337)
Museo di Capodimonte (revision 66689382)
Juliusz Słowacki (revision 68813616)
Mina morska (revision 67602621)
David Bushnell (revision 60410068)
Ukraina (revision 68594366)
Wynalazek (revision 68536503)
8 Korpus Zmechanizowany (ZSRR) (revision 69022169)
Zanurzenie (revision 65932162)
Drednot (revision 66733257)
Meteorologia (revision 68534571)
Nordborg (revision 65685596)
Pozaukładowe jednostki miary (revision 67383651)
Arabowie (revision 68802751)
Królestwo Prus (revision 68755256)
24 maja (revision 68899710)
Urządzenie (revision 66859777)
Logika (revision 68431995)
Koń mechaniczny (revision 68642538)
Kocioł centralnego ogrzewania (revision 68379993)
International Standard Serial Number (revision 68149186)
1966 (revision 68980201)
Gustaw Herling-Grudziński (revision 68188962)
Ołena Stepaniw (revision 63992647)
Mareograf (revision 64498571)
Pokój frankfurcki (revision 67399930)
Josef Ressel (revision 53567099)
Hiszpania (revision 68920802)
Mila angielska (revision 67257925)
Kotka (Finlandia) (revision 68141701)
Ziemia (revision 68930518)
Marcisław (revision 51802622)
Dick Allen (revision 68993068)
Wielkokalibrowy karabin maszynowy (revision 66541348)
76 mm armata przeciwlotnicza wz. 1914/15 (revision 67777027)
1568 (revision 68644354)
Gubernia bakijska (revision 61883809)
Pędnik azymutalny (revision 60948745)
Demokracja szlachecka (revision 68868742)
Generator elektryczny (revision 67263053)
Nauplion (revision 68889146)
UNESCO (revision 68566725)
SS Archimedes (revision 66107167)
Enrique Gainzarain (revision 68164610)
44 Armia (ZSRR) (revision 68921345)
XIX wiek (revision 68884424)
Log (przyrząd pomiarowy) (revision 66762667)
Skala Beauforta (revision 63952097)
Carroll Campbell (revision 65849282)
Dania (revision 68781714)
Asyż (revision 68895232)
Palenisko (revision 58842822)
Kuba (revision 68419530)
Kaliber broni (revision 68593869)
Kilometr na godzinę (revision 66964935)
Generał-gubernatorstwo kijowskie (revision 55323461)
Joseph Bara (revision 67322180)
Koło łopatkowe (revision 65929603)
Układ SI (revision 68491769)
Długość całkowita (statek) (revision 64884292)
Avro 504 (revision 66779136)
Gubernia nowogrodzka (revision 64471559)
Wodowanie (revision 68673522)
Michaił Tuchaczewski (revision 68581944)
Francuzi (revision 68576787)
Stopa (miara) (revision 65393527)
70 Armia (ZSRR) (revision 68934813)
Atmosfera (revision 68395066)
140 p.n.e. (revision 67172676)
Lockheed F-117 Nighthawk (revision 67799011)
Biblioteka Narodowa Łotwy (revision 67552589)
Stowarzyszenie Pisarzy Polskich (revision 66999418)
Pancernik (revision 68909515)
17 Korpus Zmechanizowany (ZSRR) (revision 69022176)
Monarcha (revision 68856899)
Filozofia umysłu (revision 68283308)
Klaryn (revision 36275423)
15 kwietnia (revision 69025463)
Biblioteka Narodowa Francji (revision 68559573)
Morze Bałtyckie (revision 68103355)
Komedia (revision 63051740)
Samorząd Terytorialny (revision 65110216)
Time Almanac (revision 66990969)
Jallais (revision 68867316)
Kelwin (revision 67338262)
1853 (revision 68065540)
Urządzenie czułe na wyładowania elektrostatyczne (revision 64150985)
1534 (revision 66303317)
Organizacja (revision 63906809)
Hebertyści (revision 67688185)
Gubernia tobolska (revision 69012490)
Krążownik przeciwlotniczy (revision 58076757)
Siedmiogród (revision 68309057)
Własność intelektualna (revision 68147375)
Joachim II Hektor (revision 66343356)
Gubernia orenburska (revision 65899739)
Gwinea Bissau (revision 68938308)
Gubernia płocka (revision 65905690)
Biuletyn EBIB (revision 65107636)
Samolot wielozadaniowy (revision 56523743)
Gałacz (revision 68117500)
Imiona greckie (revision 50970638)
Gemeinsame Normdatei (revision 68165730)
Don Carlos (opera) (revision 54164593)
25 Korpus Zmechanizowany (ZSRR) (revision 69022184)
Wojna trzydziestoletnia (revision 68877523)
Autonomiczna Republika Krymu (revision 68729346)
Wielka Encyklopedia Rosyjska (revision 66373982)
Hymn (wiersz Juliusza Słowackiego 1836) (revision 68526473)
Library of Congress Control Number (revision 65475177)
Tadeusz Kościuszko (revision 68781656)
Marynarka Wojenna Związku Socjalistycznych Republik Radzieckich (revision 67702441)
Iitti (revision 68528025)
Obwód kamczacki (Imperium Rosyjskie) (revision 64610912)
Ił-62 (revision 68578659)
Zamek na Hradczanach (revision 68116469)
Jan Barylski (revision 63900376)
Ilja Riepin (revision 68429476)
Norwegia (revision 68485505)
Niuton (revision 68229453)
Herb Besarabii (revision 68131061)
Gubernia charkowska (revision 65088873)
Romanizacja (starożytność) (revision 65586801)
Niemiecka Biblioteka Narodowa (revision 68168263)

== End of Parsed pages ==

- Wikipedia parsing ended at: 2022-12-14 18:27:15.210762

84 characters appeared 1320205 times.

Most Frequent characters:
[ 0] Char a: 9.307721149366955 %
[ 1] Char i: 8.471714620077943 %
[ 2] Char o: 7.782351983214728 %
[ 3] Char e: 7.2690983597244365 %
[ 4] Char n: 5.7497888585484835 %
[ 5] Char r: 5.6479107411349 %
[ 6] Char s: 4.81061653303843 %
[ 7] Char z: 4.737597570074344 %
[ 8] Char k: 4.36008044205256 %
[ 9] Char w: 4.245249790752194 %
[10] Char t: 4.007483686245697 %
[11] Char c: 3.8036517056063266 %
[12] Char y: 3.521347063524225 %
[13] Char p: 2.9736290954813835 %
[14] Char d: 2.9238640968637446 %
[15] Char m: 2.7441192845050577 %
[16] Char l: 2.7298790718108172 %
[17] Char u: 2.5518006673206055 %
[18] Char j: 2.101491813771346 %
[19] Char ł: 1.5939191261963106 %
[20] Char g: 1.4732560473562817 %
[21] Char b: 1.3079786851284458 %
[22] Char h: 1.22405232520707 %
[23] Char ę: 0.8214633333459577 %
[24] Char ą: 0.7593517673391632 %
[25] Char ó: 0.7209486405520354 %
[26] Char ż: 0.510602520063172 %
[27] Char f: 0.5062092629553743 %
[28] Char ś: 0.4684878484780773 %
[29] Char ń: 0.34305278346923396 %
[30] Char ć: 0.1680042114671585 %
[31] Char v: 0.13096450929969208 %
[32] Char x: 0.05999068326509898 %
[33] Char ź: 0.055067205471877476 %
[34] Char é: 0.01999689442169966 %
[35] Char á: 0.014088721069833852 %
[36] Char q: 0.012498059013562286 %

The first 37 characters have an accumulated ratio of 0.9992932915721422.
The first 5 characters have an accumulated ratio of 0.38580674970932544.
All characters whose order is over 24 have an accumulated ratio of 0.030099113395268155.

1469 sequences found.

First 603 (typical positive ratio): 0.9950009015061881
Next 297 (900-603): 0.004003405092029788
Rest: 0.0009956934017820718

- Processing end: 2022-12-14 18:27:15.679055
