= Logs of language model for Ukrainian (uk) =

- Generated by BuildLangModel.py
- Started: 2022-12-17 18:44:33.402117
- Maximum depth: 4
- Max number of pages: 200

== Parsed pages ==

Операція_«Зільберфукс» (revision 37680420)
Транспортне судно (revision 35090984)
23 серпня (revision 36966610)
Операція «Кілгол» (revision 35031376)
Битва при Монте-Кассіно (revision 37799244)
Планування операції (revision 36655146)
Протитанкова гармата (revision 34967926)
Радянські фронти часів Другої світової війни (revision 37075701)
Операція «Везерюбунг» (revision 37799544)
Поранений у бою (revision 37150681)
Олександр Солженіцин (revision 37802645)
Німецька імперія (revision 37724957)
Радіаційний, хімічний, біологічний захист (revision 35207698)
Артилерійський вогонь (revision 35906728)
Океанографічне судно (revision 37766409)
Wayback Machine (revision 37596310)
1773 (revision 30421919)
Рубіж (військова справа) (revision 18710733)
Аспект (revision 36757836)
Режим Віші (revision 36482509)
Інформація (revision 37609117)
Громадянська війна в Іспанії (revision 37006495)
Друга світова війна (revision 37694876)
День (revision 35387803)
НКВС (revision 37782988)
План «Гельб» (revision 36323339)
13 жовтня (revision 37425950)
Франція в Другій світовій війні (revision 37765912)
Бакинська армія ППО (revision 36396350)
Особливі заслуги перед Україною (revision 34996039)
6 червня (revision 36967247)
Фортифікаційне обладнання (revision 36658341)
НАТО (revision 37663357)
Інженерні війська (revision 37760820)
Військово-лікарські комісії України (revision 37338993)
Каспійська флотилія ВМФ СРСР (revision 36265095)
Загін (військова справа) (revision 37118075)
Рейнська операція (revision 34987656)
Технічне забезпечення (revision 36658293)
Операція «Едельвейс» (revision 25052827)
Зріджений природний газ (revision 37234389)
10 лютого (revision 36969165)
Підполковник (revision 37429136)
20 червня (revision 36974362)
23 березня (revision 37424209)
Вінстон Черчилль (revision 37617124)
Батальйон (revision 37579056)
Зниклий безвісти (revision 37150728)
16 квітня (revision 37544630)
Житомирсько-Бердичівська операція (revision 37765688)
Артилерійська система (revision 35906687)
Україна в Другій світовій війні (revision 35102511)
СРСР (revision 37786142)
Військова справа (revision 36081819)
Медвеж'єгорська оперативна група (revision 35139881)
1-ша піхотна дивізія (Канада) (revision 36888484)
Репатріація (revision 37609719)
Операція «Календа» (revision 34691025)
19 серпня (revision 37161110)
Контейнеровоз (revision 36075092)
Бойовий статут (revision 36634840)
Рефрижераторне судно (revision 37766332)
6-та гвардійська танкова армія (СРСР) (revision 36484600)
Гастарбайтер (revision 36108975)
За поранення (нагрудний знак) (revision 34927306)
Єльнинсько-Дорогобузька операція (revision 35793148)
Ролкер (revision 37766334)
ЗІС-2 (revision 33263795)
Обчислювальна техніка (revision 37425821)
Спеціальні війська (revision 35033617)
Радіовежа (revision 34350408)
Операція «Тезей» (revision 33350126)
Видача козаків у Лієнці (revision 37351799)
Операція «Вігорос» (revision 37509297)
Протягання під кілем (revision 26271627)
Еріх Редер (revision 37407936)
Друга Яссько-Кишинівська операція (revision 37802348)
2-й Прибалтійський фронт (revision 35908523)
Битва у затоці Сидра (1941) (revision 37678820)
Ракетний удар (revision 37295254)
Допоміжне військове судно (revision 31395394)
Балкер (revision 35942310)
Перша словацька республіка (revision 37240751)
Інвалід війни (revision 36724722)
Matilda II (revision 35665157)
Операція «Тайфун» (revision 27726969)
Велика Британія (revision 37721780)
Воєнний час (revision 36741277)
Військові втрати (revision 36544558)
Нарвік (revision 36746700)
Пакет-судно (revision 37442334)
Поранення (revision 37241274)
Інтернування (revision 35910578)
План операції (revision 36655146)
Військовий жаргон (revision 36133497)
Європа (revision 37605430)
Окупація Греції країнами Осі (revision 35923077)
Туапсинський оборонний район (revision 35096716)
Вітебсько-Оршанська операція (revision 36546532)
Військова операція (revision 36634889)
Військове транспортне судно (revision 31110210)
Прибалтійська операція (1944) (revision 37573989)
Міністерство соціальної політики України (revision 36827291)
Пором (revision 37766348)
Операція «Мінсміт» (revision 37680451)
Командувач (revision 35052770)
Танк (revision 37751071)
Пурпурне Серце (США) (revision 35444570)
4 січня (revision 37356925)
Ялтинська конференція (revision 36551994)
Зброя (revision 35324714)
27 вересня (revision 37209489)
КВ-1 (revision 34967853)
1673 (revision 33487225)
16 червня (revision 36967399)
Неділя (revision 36755940)
Поранений в бою (revision 37150681)
Експеримент із часом (revision 34883427)
Плавуча база (revision 37766371)
Сталін і релігія (revision 37743071)
Калузька операція (revision 35801942)
Кавказ (revision 37660429)
Сінгапурська оборона (revision 36249620)
Мир (revision 35400124)
Розпад СРСР (revision 37763852)
Операція «Уайт» (revision 35770525)
Бурове судно (revision 37766395)
Огаденська війна (revision 34632675)
Кашкет (revision 37362104)
РСЧА (revision 37509859)
Стратегічні бомбардування в період Другої світової війни (revision 35170307)
Окупація Австрії союзниками (revision 33198050)
Шієн (revision 35537380)
Посадження на палю (revision 30927864)
5 січня (revision 36973301)
1936 (revision 36692601)
22 грудня (revision 37790943)
Тактика (revision 35077432)
Практика (revision 29380696)
Місцеві вибори в Україні (revision 35930899)
Вальтер Гевель (revision 36247972)
2 червня (revision 36973908)
Міжнародне космічне право (revision 35500957)
Сленг (revision 37309330)
M15/42 (revision 36995811)
Союз Радянських Соціалістичних Республік (revision 37786142)
Берестейська унія (revision 37281794)
Шемшученко Юрій Сергійович (revision 36970654)
Владислав Реймонт (revision 36305880)
План «Гертруда» (revision 28888567)
1-ша гвардійська армія (СРСР) (revision 36396299)
Перемовини про обмеження стратегічних озброєнь (revision 37364095)
Війни початку сучасної епохи (revision 34001433)
Циркон (ракета) (revision 37517270)
Стратегічна оборонна операція (revision 35056822)
26 листопада (revision 37656690)
Скрипниченко Дмитро Федорович (revision 33953482)
Женевський саміт (1955) (revision 35669111)
Митна енциклопедія (revision 35408437)
Інженерний батальйон штурму та розгородження (revision 36185501)
Прожитковий мінімум (revision 37547840)
Регіон (revision 37055617)
Бойова техніка (revision 35977735)
1944 (revision 36506280)
Тилове забезпечення (revision 36658279)
Німецька мова (revision 36867771)
Музичний розмір (revision 33593201)
Лепель (revision 37644747)
16 січня (revision 37357430)
Нафтоналивні танкери (revision 31054818)
Ніколаєв Андріян Григорович (revision 37590029)
Німецько-радянська війна (revision 37509302)
Чортків (revision 37780071)
Відеогра (revision 37487609)
Повітряно-десантні війська (revision 36977054)
256-та піхотна дивізія (Третій Рейх) (revision 35318281)
Закони та звичаї війни (revision 37544276)
Ежен Мішель Антоніаді (revision 37531874)
Сербська мова (revision 36916280)
Німеччина (revision 37763492)
Навчальний корабель (revision 35139505)
Антикомінтернівський пакт (revision 37497934)
Фундація Альфреда Слоуна (revision 35417522)
Крилов Микола Іванович (revision 37099460)
9-та армія (Третій Рейх) (revision 35332833)
Нагрудний знак (revision 34887537)
Арсеній Яценюк (revision 37794125)
HMS Valiant (1914) (revision 35630087)
Зовнішні Гебридські острови (revision 35058803)
Диліжанс (revision 37205155)
Х-59 (revision 37749210)
Четвертування (revision 35201022)

== End of Parsed pages ==

- Wikipedia parsing ended at: 2022-12-17 18:48:43.498304

70 characters appeared 1713745 times.

Most Frequent characters:
[ 0] Char о: 8.849624652442458 %
[ 1] Char а: 8.07704763544168 %
[ 2] Char н: 7.530700308388938 %
[ 3] Char і: 6.208800025674765 %
[ 4] Char р: 5.607893823176727 %
[ 5] Char и: 5.474151638662695 %
[ 6] Char в: 5.214836513016814 %
[ 7] Char т: 4.518992032070115 %
[ 8] Char е: 4.39878745087513 %
[ 9] Char с: 4.367102456899947 %
[10] Char к: 3.8551826555292648 %
[11] Char л: 3.499120347542954 %
[12] Char у: 3.166690493626531 %
[13] Char д: 3.067025724363893 %
[14] Char п: 2.82644150675859 %
[15] Char м: 2.7081625329322625 %
[16] Char я: 2.1060309439268967 %
[17] Char з: 2.019495315814196 %
[18] Char ь: 1.87939279180975 %
[19] Char г: 1.5261897190072033 %
[20] Char б: 1.4648036901639392 %
[21] Char й: 1.4100114077648658 %
[22] Char ч: 1.1883915051539173 %
[23] Char х: 1.0766479260333364 %
[24] Char ц: 0.9475738805948377 %
[25] Char ї: 0.946290142349066 %
[26] Char ю: 0.7253704605994474 %
[27] Char ж: 0.655931891850888 %
[28] Char ш: 0.5775655071203709 %
[29] Char ф: 0.41569778467624996 %
[30] Char є: 0.39264884799080374 %
[31] Char e: 0.2995778251723564 %
[32] Char i: 0.28358944883865456 %
[33] Char a: 0.282013951900662 %
[34] Char щ: 0.25488039352412406 %
[35] Char n: 0.2371414650370971 %
[36] Char r: 0.19460304771129894 %
[37] Char s: 0.18100709265380788 %
[38] Char t: 0.1762806018398303 %
[39] Char o: 0.16595234413521265 %
[40] Char c: 0.14325351788043145 %
[41] Char h: 0.11687853210366769 %
[42] Char l: 0.11506962821189849 %
[43] Char m: 0.10269905966173497 %
[44] Char d: 0.09663047886354154 %
[45] Char b: 0.09487992671021651 %
[46] Char u: 0.07801627429985208 %
[47] Char w: 0.06774636833367859 %
[48] Char k: 0.06161943579704099 %
[49] Char p: 0.05905195930549761 %
[50] Char y: 0.056776241506175065 %
[51] Char g: 0.05304173024574835 %
[52] Char f: 0.046973149447554916 %
[53] Char v: 0.03985423735736647 %
[54] Char x: 0.02404091623899705 %
[55] Char ы: 0.01651354197969943 %
[56] Char z: 0.016338486764366927 %
[57] Char ґ: 0.01312914114993771 %

The first 58 characters have an accumulated ratio of 0.9998016040892901.
The first 6 characters have an accumulated ratio of 0.4174821808378726.
All characters whose order is over 30 have an accumulated ratio of 0.032775587966704496.

1538 sequences found.

First 818 (typical positive ratio): 0.9950006474582738
Next 269 (1087-818): 0.004005190805257075
Rest: 0.0009941617364691568

- Processing end: 2022-12-17 18:48:43.660343
