= Logs of language model for Georgian (ka) =

- Generated by BuildLangModel.py
- Started: 2022-12-20 12:39:32.203539
- Maximum depth: 4
- Max number of pages: 200

== Parsed pages ==

არნოლდ შონბერგი (revision 4450208)
ნიკოლოზ საკვირველთმოქმედი (revision 4452640)
ინგლისური (revision 4330414)
აშშ (revision 4451590)
პროკოპი კესარიელი (revision 4424699)
მთვარის პიერო (revision 4429979)
კომპოზიტორი (revision 4257818)
ტეტრარქია (revision 4308810)
ახალი ზელანდია (revision 4416034)
ფილოსოფია (revision 4288867)
კონსტანტინე I დიდი (revision 4375061)
სული (revision 4451196)
ჯონ კეიჯი (revision 4417221)
ადოლფ ჰიტლერი (revision 4442491)
იუდაიზმი (revision 4355617)
15 მარტი (revision 4265284)
350 (revision 3827298)
ჟორჟ ბიზე (revision 4430611)
ვატიკანის მუზეუმები (revision 4287947)
რიხარდ ვაგნერი (revision 4435391)
ნაცისტური პარტია (revision 4387148)
ნიკეის პირველი საეკლესიო კრება (revision 4393312)
III საუკუნე (revision 3158968)
წმინდა მიწა (revision 4053366)
1991 (revision 4405448)
ჯაზი (revision 4433861)
იოანე მალალა (revision 3928608)
1975 (revision 4167940)
ლაიბნიცი, გოტფრიდ ვილჰელმ (revision 4406460)
XIII საუკუნე (revision 3158955)
საბუნებისმეტყველო მეცნიერებები (revision 784852)
კომპიუტერი (revision 4291207)
იოანე II (ბიზანტია) (revision 4245444)
ოსიანი (revision 4275863)
რომის კურია (revision 4093740)
ანგლო-საქსური პერიოდი (revision 4212229)
პოეტი (revision 4273738)
ევროკავშირის ენები (revision 4137186)
ბიორკი (revision 4422616)
სვასტიკა (revision 4104250)
3 ივნისი (revision 4314533)
1933 (revision 4275988)
1925 (revision 4054131)
Wayback Machine (revision 4393565)
ჰიტლერი (revision 4442491)
რეპი (revision 4164120)
რელიგია (revision 4445299)
ჟერარ დე ნერვალი (revision 4430603)
ფრანგული ენა (revision 4329255)
პაპის სახელმწიფო საქმეების ვატიკანის კომისია (revision 4256091)
აშშ-ის ვიცე-პრეზიდენტი (revision 4337709)
ვიკისაწყობი (revision 4350741)
მიხეილ ლერმონტოვი (revision 4098634)
სეკულარიზმი (revision 4387207)
რუჯერო ლეონკავალო (revision 4193014)
საბჭოთა კავშირი (revision 4378005)
რუდოლფ ჰესი (revision 4345664)
კომპოზიტორები (revision 4314363)
სს (revision 4167932)
რუსეთი (revision 4452792)
მუსიკა (revision 4135531)
იუსტინიანე II (ბიზანტია) (revision 3597768)
ანგლიკანიზმი (revision 4401729)
ვიოლინო (revision 4146868)
პარსიფალი (revision 4435526)
291 (revision 3826103)
ქრისტიანობა (revision 4446624)
ლიბერალიზმი (revision 4383197)
22 მარტი (revision 3887060)
27 თებერვალი (revision 4313421)
ბლუზი (revision 4109362)
ლიბანი (revision 4331748)
205 (revision 3050594)
რომის კათოლიკური ეკლესია (revision 4175965)
ეფესოს საეკლესიო კრება (revision 4042351)
რიხარდ ფონ ვაიცზეკერი (revision 4331853)
325 (revision 3827050)
ტრევორ ჰოვარდი (revision 3560113)
1895 (revision 4276008)
პალესტინის სახელმწიფო (revision 4357268)
პილიგრიმი (revision 4352139)
გერმანული ენა (revision 4418082)
ბჰუტანი (revision 4380636)
კინიკოსები (revision 2833240)
ევაგრიოს სქოლასტიკოსი (revision 3929102)
ჯონ კიტსი (revision 4107589)
ქალი (revision 4372485)
სიქსტეს კაპელა (revision 4389181)
მიხეილ VIII (ბიზანტია) (revision 4021585)
2 იანვარი (revision 4451458)
201 (revision 3824700)
ვიკიციტატა (revision 4393663)
სირია (revision 4331625)
კონსტანტინე IV (ბიზანტია) (revision 4302882)
ჯვაროსნული ლაშქრობები (revision 4395332)
ბგერა (revision 4436502)
DMOZ (revision 4386077)
ივნისი (revision 3753237)
ღირებულება (revision 4250301)
კატეგორია (ფილოსოფია) (revision 2381896)
ავიცენა (revision 4327548)
MusicBrainz (revision 4411515)
იდეალიზმი (revision 4245343)
210 (revision 3050588)
ბიზანტია (revision 4440485)
258 (revision 3825790)
20 მაისი (revision 4434926)
ძვ. წ. 44 (revision 2356607)
ალექსანდრია (revision 4427155)
ინდუიზმი (revision 4448864)
კოლორადოს შტატი (revision 3351421)
კონსტანტინოპოლის მეორე საეკლესიო კრება (revision 4374923)
მარტინ ბუბერი (revision 4440267)
მიუზიკლი (revision 4356140)
დიდი ბრიტანეთი (revision 4438930)
ფელიქს მენდელსონი (revision 4108745)
მოსახლეობა (revision 2789480)
ISSN (revision 3500238)
ქვეყნების სია (revision 4448427)
ებრაული ენა (revision 4210619)
ბელიზი (revision 4430794)
რენი ჰარლინი (revision 3743470)
1952 (revision 4278487)
ძველი საბერძნეთი (revision 4446035)
ფილოსოფოსი (revision 4288867)
თორმეტი ტაბულის კანონები (revision 4310428)
ისააკ I კომნენოსი (revision 4016717)
სუბიექტი (revision 4137093)
მესამე რაიხი (revision 4431825)
281 (revision 3050510)
დასავლეთ რომის იმპერია (revision 4418326)
კლასიკური მუსიკა (revision 4448910)
კავთისხევი (revision 4353780)
2007 (revision 4441027)
ნეოპლატონიზმი (revision 4336053)
236 (revision 3825656)
ფუგა (revision 3218315)
პალესტინა (revision 4240018)
მეორე მსოფლიო ომი (revision 4442511)
დავიდ ბენ-გურიონი (revision 4428059)
1948 (revision 4278428)
ზაქარია რიტორი (revision 4021268)
პერლისი (revision 4308212)
211 (revision 3824746)
ადამ მიცკევიჩი (revision 4261723)
პეტრე ჩაიკოვსკი (revision 4441450)
ქორონიკონი (revision 4451019)
ებრ. (revision 4210619)
ისლამი (revision 4302636)
260 (revision 3991034)
VII საუკუნე (revision 3938533)
იოანე ანტიოქიელი (ისტორიკოსი) (revision 3657193)
სახელმწიფო რელიგია (revision 4440560)
არიანელობა (revision 4081875)
ოტო მაისნერი (revision 3459961)

== End of Parsed pages ==

- Wikipedia parsing ended at: 2022-12-20 12:56:27.858987

77 characters appeared 1115054 times.

Most Frequent characters:
[ 0] Char ა: 12.857762942422518 %
[ 1] Char ი: 12.247478597449092 %
[ 2] Char ე: 8.665768653356698 %
[ 3] Char ს: 6.575466300286801 %
[ 4] Char რ: 6.0818579189886774 %
[ 5] Char ო: 5.1301551315003575 %
[ 6] Char მ: 4.846133012392225 %
[ 7] Char ლ: 4.529556416101821 %
[ 8] Char ნ: 4.125181381350141 %
[ 9] Char დ: 3.9241148859158392 %
[10] Char ბ: 3.471311703289706 %
[11] Char ვ: 2.726504725331688 %
[12] Char უ: 2.657001364956316 %
[13] Char თ: 2.120973513390383 %
[14] Char გ: 1.9234046064136805 %
[15] Char ტ: 1.9089658438066675 %
[16] Char კ: 1.5684442188450065 %
[17] Char შ: 1.4508714376164742 %
[18] Char ხ: 1.2111521056379333 %
[19] Char ც: 1.1790460372322775 %
[20] Char პ: 0.9052476382309737 %
[21] Char წ: 0.8995976876456208 %
[22] Char ზ: 0.8015755290775155 %
[23] Char ქ: 0.7613981026927844 %
[24] Char ფ: 0.731354714659559 %
[25] Char ყ: 0.57871636709971 %
[26] Char i: 0.47576171198883643 %
[27] Char e: 0.46858717156299157 %
[28] Char ღ: 0.41737888927352396 %
[29] Char a: 0.3600722476220882 %
[30] Char ძ: 0.3447366674618449 %
[31] Char n: 0.334512947355016 %
[32] Char o: 0.3023171971940372 %
[33] Char s: 0.2952323385235155 %
[34] Char r: 0.2890442974062243 %
[35] Char t: 0.27639916990567276 %
[36] Char ჩ: 0.2525438229897386 %
[37] Char ჰ: 0.21810602894568334 %
[38] Char l: 0.21039339798790013 %
[39] Char ჯ: 0.1890491402210117 %
[40] Char h: 0.18286109910372056 %
[41] Char c: 0.17218897022027632 %
[42] Char d: 0.16752551894347717 %
[43] Char u: 0.13550913229314454 %
[44] Char m: 0.12743777431406908 %
[45] Char b: 0.10340306388748885 %
[46] Char p: 0.10017452069585868 %
[47] Char g: 0.09282061675936772 %
[48] Char ჭ: 0.09048889112096814 %
[49] Char y: 0.08752939319530713 %
[50] Char v: 0.07524299271604784 %
[51] Char f: 0.06887558808811053 %
[52] Char w: 0.0669025894710032 %
[53] Char x: 0.056051097076912866 %
[54] Char k: 0.05273287212995962 %
[55] Char ჟ: 0.04735196681057599 %

The first 56 characters have an accumulated ratio of 0.9994027195095485.
The first 4 characters have an accumulated ratio of 0.4034647649351511.
All characters whose order is over 33 have an accumulated ratio of 0.03062631944282519.

1485 sequences found.

First 819 (typical positive ratio): 0.9950126614517769
Next 240 (1059-819): 0.003988409500368384
Rest: 0.000998929047854702

- Processing end: 2022-12-20 12:56:28.396075
